"../../../../../Unreal Projects/ProjectBee/Content/ConnorStuff/ArtAssets/Animations/Beeattack.uasset" 0
"../../../../../Unreal Projects/ProjectBee/Content/ConnorStuff/ArtAssets/Animations/BeeFlight.uasset" 1
"../../../../../Unreal Projects/ProjectBee/Content/ConnorStuff/ArtAssets/Animations/Playerbee_PhysicsAsset.uasset" 2
"../../../../../Unreal Projects/ProjectBee/Content/ConnorStuff/ArtAssets/Animations/Playerbee_Skeleton.uasset" 3
"../../../../../Unreal Projects/ProjectBee/Content/ConnorStuff/Blueprints/I_Bee.uasset" 4
"../../../../../Unreal Projects/ProjectBee/Content/ConnorStuff/ArtAssets/Animations/Playerbee.uasset" 5
"../../../../../Unreal Projects/ProjectBee/Content/ConnorStuff/Widgets/W_PlayerUI_DELETEME.uasset" 6
"../../../../../Unreal Projects/ProjectBee/Content/ConnorStuff/Blueprints/BP_PlayerB.uasset" 7
"../../../Engine/Content/EditorBlueprintResources/StandardMacros.uasset" 8
"../../../Engine/Content/Functions/Engine_MaterialFunctions01/Shading/ConvertFromDiffSpec.uasset" 9
"../../../Engine/Content/EngineDebugMaterials/VertexColorMaterial.uasset" 10
"../../../../../Unreal Projects/ProjectBee/Content/ConnorStuff/Blueprints/HexFloor/HexTile_mesh.uasset" 11
"../../../../../Unreal Projects/ProjectBee/Content/ConnorStuff/Blueprints/HexFloor/BP_HexGrid.uasset" 12
"../../../../../Unreal Projects/ProjectBee/Content/ConnorStuff/Fonts/OptimusPrincepsSemiBold.uasset" 13
"../../../../../Unreal Projects/ProjectBee/Content/ConnorStuff/Fonts/OptimusPrincepsSemiBold_Font.uasset" 14
"../../../../../Unreal Projects/ProjectBee/Content/ConnorStuff/Textures/LUT/T_Lut_04.uasset" 15
"../../../../../Unreal Projects/ProjectBee/Content/ConnorStuff/PostProcess/Celshad_PostProcess.uasset" 16
"../../../../../Unreal Projects/ProjectBee/Content/ConnorStuff/PostProcess/CelShad_PostProcess_2.uasset" 17
"../../../../../Unreal Projects/ProjectBee/Content/ConnorStuff/PostProcess/PSX_PostProcess.uasset" 18
"../../../../../Unreal Projects/ProjectBee/Content/ConnorStuff/Textures/LUT/T_Lut_01.uasset" 19
"../../../../../Unreal Projects/ProjectBee/Content/ConnorStuff/Textures/LUT/T_Lut_02.uasset" 20
"../../../../../Unreal Projects/ProjectBee/Content/ConnorStuff/Textures/LUT/T_Lut_03.uasset" 21
"../../../../../Unreal Projects/ProjectBee/Content/ConnorStuff/Textures/LUT/T_Lut_05.uasset" 22
"../../../../../Unreal Projects/ProjectBee/Content/ThirdPersonContent/Geometry/Meshes/CubeMaterial.uasset" 23
"../../../../../Unreal Projects/ProjectBee/Content/ThirdPersonContent/Geometry/Meshes/1M_Cube.uasset" 24
"../../../../../Unreal Projects/ProjectBee/Content/Geometry/Meshes/1M_Cube.uasset" 25
"../../../../../Unreal Projects/ProjectBee/Content/ThirdPersonContent/Geometry/Meshes/1M_Cube_Chamfer.uasset" 26
"../../../../../Unreal Projects/ProjectBee/Content/Geometry/Meshes/1M_Cube_Chamfer.uasset" 27
"../../../../../Unreal Projects/ProjectBee/Content/ThirdPersonContent/Geometry/Meshes/TemplateFloor.uasset" 28
"../../../../../Unreal Projects/ProjectBee/Content/Geometry/Meshes/TemplateFloor.uasset" 29
"../../../../../Unreal Projects/ProjectBee/Content/ThirdPersonContent/Mannequin/Character/Mesh/UE4_Mannequin_Skeleton.uasset" 30
"../../../../../Unreal Projects/ProjectBee/Content/ThirdPersonContent/Mannequin/Animations/ThirdPerson_Jump.uasset" 31
"../../../../../Unreal Projects/ProjectBee/Content/ThirdPersonContent/Mannequin/Animations/ThirdPersonJump_Loop.uasset" 32
"../../../../../Unreal Projects/ProjectBee/Content/ThirdPersonContent/Mannequin/Animations/ThirdPersonJump_Start.uasset" 33
"../../../../../Unreal Projects/ProjectBee/Content/ThirdPersonContent/Mannequin/Animations/ThirdPersonIdle.uasset" 34
"../../../../../Unreal Projects/ProjectBee/Content/ThirdPersonContent/Mannequin/Animations/ThirdPersonRun.uasset" 35
"../../../../../Unreal Projects/ProjectBee/Content/ThirdPersonContent/Mannequin/Animations/ThirdPersonWalk.uasset" 36
"../../../../../Unreal Projects/ProjectBee/Content/ThirdPersonContent/Mannequin/Animations/ThirdPerson_IdleRun_2D.uasset" 37
"../../../../../Unreal Projects/ProjectBee/Content/ThirdPersonContent/Mannequin/Animations/ThirdPerson_AnimBP.uasset" 38
"../../../../../Unreal Projects/ProjectBee/Content/ProjectBee/Blueprints/AI/Enums/AI_States.uasset" 39
"../../../../../Unreal Projects/ProjectBee/Content/ProjectBee/Blueprints/AI/AI_BB.uasset" 40
"../../../../../Unreal Projects/ProjectBee/Content/ProjectBee/Blueprints/AI/I_AI.uasset" 41
"../../../../../Unreal Projects/ProjectBee/Content/ProjectBee/Blueprints/AI/Tasks/BTService_GetTarget.uasset" 42
"../../../../../Unreal Projects/ProjectBee/Content/ProjectBee/Blueprints/AI/Tasks/BTService_SetCharacterSpeed.uasset" 43
"../../../../../Unreal Projects/ProjectBee/Content/ProjectBee/Blueprints/AI/Tree/AI_AggressionTree.uasset" 44
"../../../../../Unreal Projects/ProjectBee/Content/ProjectBee/Blueprints/AI/EQS/FleeQuery.uasset" 45
"../../../../../Unreal Projects/ProjectBee/Content/ProjectBee/Blueprints/AI/Tree/AI_FleeTree.uasset" 46
"../../../../../Unreal Projects/ProjectBee/Content/ProjectBee/Blueprints/AI/EQS/RoamQuery.uasset" 47
"../../../../../Unreal Projects/ProjectBee/Content/ProjectBee/Blueprints/AI/Tree/AI_RoamTree.uasset" 48
"../../../../../Unreal Projects/ProjectBee/Content/ProjectBee/Blueprints/AI/Tasks/BTService_GetAIState.uasset" 49
"../../../../../Unreal Projects/ProjectBee/Content/ProjectBee/Blueprints/AI/Tree/AI_BaseTree.uasset" 50
"../../../../../Unreal Projects/ProjectBee/Content/ProjectBee/Blueprints/Character/I_Character.uasset" 51
"../../../../../Unreal Projects/ProjectBee/Content/ProjectBee/Materials/MapMaterial/M_MapGrassColour.uasset" 52
"../../../../../Unreal Projects/ProjectBee/Content/ConnorStuff/ArtAssets/Meshes/FullBee.uasset" 53
"../../../../../Unreal Projects/ProjectBee/Content/ProjectBee/UI/BeeUI.uasset" 54
"../../../../../Unreal Projects/ProjectBee/Content/ProjectBee/Blueprints/Character/BeeCharacter_BP.uasset" 55
"../../../../../Unreal Projects/ProjectBee/Content/ProjectBee/Blueprints/AI/BP_Bee_Background_Controller.uasset" 56
"../../../Engine/Content/Functions/Engine_MaterialFunctions02/Utility/BlendAngleCorrectedNormals.uasset" 57
"../../../Engine/Content/Functions/MaterialLayerFunctions/MatLayerBlend_NormalBlend.uasset" 58
"../../../Engine/Content/Functions/MaterialLayerFunctions/MatLayerBlend_Simple.uasset" 59
"../../../../../Unreal Projects/ProjectBee/Content/ThirdPersonContent/Mannequin/Character/Materials/MaterialLayers/T_ML_Rubber_Blue_01_D.uasset" 60
"../../../../../Unreal Projects/ProjectBee/Content/ThirdPersonContent/Mannequin/Character/Materials/MaterialLayers/T_ML_Rubber_Blue_01_N.uasset" 61
"../../../../../Unreal Projects/ProjectBee/Content/ThirdPersonContent/Mannequin/Character/Materials/MaterialLayers/ML_GlossyBlack_Latex_UE4.uasset" 62
"../../../../../Unreal Projects/ProjectBee/Content/ThirdPersonContent/Mannequin/Character/Materials/MaterialLayers/ML_Plastic_Shiny_Beige.uasset" 63
"../../../../../Unreal Projects/ProjectBee/Content/ThirdPersonContent/Mannequin/Character/Textures/UE4_LOGO_CARD.uasset" 64
"../../../../../Unreal Projects/ProjectBee/Content/ThirdPersonContent/Mannequin/Character/Materials/MaterialLayers/ML_Plastic_Shiny_Beige_LOGO.uasset" 65
"../../../../../Unreal Projects/ProjectBee/Content/ThirdPersonContent/Mannequin/Character/Materials/MaterialLayers/T_ML_Aluminum01.uasset" 66
"../../../../../Unreal Projects/ProjectBee/Content/ThirdPersonContent/Mannequin/Character/Materials/MaterialLayers/T_ML_Aluminum01_N.uasset" 67
"../../../../../Unreal Projects/ProjectBee/Content/ThirdPersonContent/Mannequin/Character/Materials/MaterialLayers/ML_SoftMetal_UE4.uasset" 68
"../../../../../Unreal Projects/ProjectBee/Content/ThirdPersonContent/Mannequin/Character/Textures/UE4_Mannequin__normals.uasset" 69
"../../../../../Unreal Projects/ProjectBee/Content/ThirdPersonContent/Mannequin/Character/Textures/UE4_Mannequin_MAT_MASKA.uasset" 70
"../../../../../Unreal Projects/ProjectBee/Content/ThirdPersonContent/Mannequin/Character/Materials/M_UE4Man_Body.uasset" 71
"../../../../../Unreal Projects/ProjectBee/Content/ThirdPersonContent/Mannequin/Character/Textures/UE4Man_Logo_N.uasset" 72
"../../../../../Unreal Projects/ProjectBee/Content/ThirdPersonContent/Mannequin/Character/Materials/M_UE4Man_ChestLogo.uasset" 73
"../../../../../Unreal Projects/ProjectBee/Content/ThirdPersonContent/Mannequin/Character/Mesh/SK_Mannequin_PhysicsAsset.uasset" 74
"../../../../../Unreal Projects/ProjectBee/Content/ThirdPersonContent/Mannequin/Character/Mesh/SK_Mannequin.uasset" 75
"../../../../../Unreal Projects/ProjectBee/Content/ProjectBee/Blueprints/AI/Character/BP_BackgroundAI_Base.uasset" 76
"../../../../../Unreal Projects/ProjectBee/Content/ProjectBee/Blueprints/AI/BP_BackgroundAI_Base.uasset" 77
"../../../../../Unreal Projects/ProjectBee/Content/ProjectBee/Blueprints/AI/BackgroundAI_Base.uasset" 78
"../../../../../Unreal Projects/ProjectBee/Content/ProjectBee/Blueprints/AI/Tasks/BTTask_FindRandomLocation.uasset" 79
"../../../../../Unreal Projects/ProjectBee/Content/ThirdPersonContent/ThirdPerson/Meshes/RampMaterial.uasset" 80
"../../../../../Unreal Projects/ProjectBee/Content/ThirdPersonContent/ThirdPerson/Meshes/Bump_StaticMesh.uasset" 81
"../../../../../Unreal Projects/ProjectBee/Content/ThirdPerson/Meshes/Bump_StaticMesh.uasset" 82
"../../../../../Unreal Projects/ProjectBee/Content/ThirdPersonContent/ThirdPerson/Meshes/LeftArm_StaticMesh.uasset" 83
"../../../../../Unreal Projects/ProjectBee/Content/ThirdPerson/Meshes/LeftArm_StaticMesh.uasset" 84
"../../../../../Unreal Projects/ProjectBee/Content/ThirdPersonContent/ThirdPerson/Meshes/Linear_Stair_StaticMesh.uasset" 85
"../../../../../Unreal Projects/ProjectBee/Content/ThirdPerson/Meshes/Linear_Stair_StaticMesh.uasset" 86
"../../../../../Unreal Projects/ProjectBee/Content/ThirdPersonContent/ThirdPerson/Meshes/Ramp_StaticMesh.uasset" 87
"../../../../../Unreal Projects/ProjectBee/Content/ThirdPerson/Meshes/Ramp_StaticMesh.uasset" 88
"../../../../../Unreal Projects/ProjectBee/Content/ThirdPersonContent/ThirdPerson/Meshes/RightArm_StaticMesh.uasset" 89
"../../../../../Unreal Projects/ProjectBee/Content/ThirdPerson/Meshes/RightArm_StaticMesh.uasset" 90
"../../../../../Unreal Projects/ProjectBee/Content/ThirdPersonContent/Mannequin/Animations/ThirdPersonJump_End.uasset" 91
"../../../../../Unreal Projects/ProjectBee/Content/ThirdPersonContent/ThirdPersonBP/ThirdPersonOverview.uasset" 92
"../../../../../Unreal Projects/ProjectBee/Content/ThirdPersonContent/ThirdPersonBP/Blueprints/ThirdPersonCharacter.uasset" 93
"../../../../../Unreal Projects/ProjectBee/Content/ThirdPersonContent/ThirdPersonBP/Blueprints/ThirdPersonGameMode.uasset" 94
"../../../Engine/Content/Animation/DefaultAnimCurveCompressionSettings.uasset" 95
"../../../Engine/Content/Functions/Engine_MaterialFunctions01/Opacity/CameraDepthFade.uasset" 96
"../../../Engine/Content/EngineMaterials/T_Default_Material_Grid_M.uasset" 97
"../../../Engine/Content/EngineMaterials/T_Default_Material_Grid_N.uasset" 98
"../../../Engine/Content/EngineMaterials/WorldGridMaterial.uasset" 99
"../../../Engine/Content/ArtTools/RenderToTexture/Meshes/S_1_Unit_Plane.uasset" 100
"../../../Engine/Content/BasicShapes/Plane.uasset" 101
"../../../Engine/Content/EditorLandscapeResources/DataLayer.uasset" 102
"../../../Engine/Content/EditorMaterials/GizmoMaterial.uasset" 103
"../../../Engine/Content/EditorMaterials/MAT_Groups_Toggle.uasset" 104
"../../../Engine/Content/EditorMaterials/MAT_Groups_Visibility.uasset" 105
"../../../Engine/Content/EditorMaterials/PreviewShadowIndicator.uasset" 106
"../../../Engine/Content/EditorMaterials/PreviewShadowIndicatorMaterial.uasset" 107
"../../../Engine/Content/EditorMaterials/MatineeGroups/MAT_ColorTrack.uasset" 108
"../../../Engine/Content/EditorMaterials/MatineeGroups/MAT_Groups_Anim.uasset" 109
"../../../Engine/Content/EditorMaterials/MatineeGroups/MAT_Groups_AudioMaster.uasset" 110
"../../../Engine/Content/EditorMaterials/MatineeGroups/MAT_Groups_Director.uasset" 111
"../../../Engine/Content/EditorMaterials/MatineeGroups/MAT_Groups_Event.uasset" 112
"../../../Engine/Content/EditorMaterials/MatineeGroups/MAT_Groups_Fade.uasset" 113
"../../../Engine/Content/EditorMaterials/MatineeGroups/MAT_Groups_Float.uasset" 114
"../../../Engine/Content/EditorMaterials/MatineeGroups/MAT_Groups_Move.uasset" 115
"../../../Engine/Content/EditorMaterials/MatineeGroups/MAT_Groups_Slomo.uasset" 116
"../../../Engine/Content/EditorMaterials/MatineeGroups/MAT_Groups_Sound.uasset" 117
"../../../Engine/Content/EditorMaterials/MatineeGroups/MAT_Groups_Vector.uasset" 118
"../../../Engine/Content/EditorMaterials/ParticleSystems/PSysThumbnail_NoImage.uasset" 119
"../../../Engine/Content/EditorMaterials/ParticleSystems/PSysThumbnail_OOD.uasset" 120
"../../../Engine/Content/EditorMaterials/Camera/CineMat.uasset" 121
"../../../Engine/Content/EditorMaterials/Camera/MI_CineMat_Rig.uasset" 122
"../../../Engine/Content/EditorMeshes/Camera/SM_CraneRig_Arm.uasset" 123
"../../../Engine/Content/EditorMeshes/Camera/SM_CraneRig_Base.uasset" 124
"../../../Engine/Content/EditorMeshes/Camera/SM_CraneRig_Body.uasset" 125
"../../../Engine/Content/EditorMeshes/Camera/SM_CraneRig_Mount.uasset" 126
"../../../Engine/Content/EditorMeshes/Camera/SM_RailRig_Mount.uasset" 127
"../../../Engine/Content/EditorMeshes/Camera/SM_RailRig_Track.uasset" 128
"../../../Engine/Content/EditorResources/BSPVertex.uasset" 129
"../../../Engine/Content/EditorResources/EmptyActor.uasset" 130
"../../../Engine/Content/EditorResources/S_Actor.uasset" 131
"../../../Engine/Content/EditorResources/S_Note.uasset" 132
"../../../Engine/Content/EditorResources/S_Trigger.uasset" 133
"../../../Engine/Content/EditorResources/LightIcons/S_LightError.uasset" 134
"../../../Engine/Content/EditorResources/SequenceRecorder/Countdown.uasset" 135
"../../../Engine/Content/EditorResources/SequenceRecorder/RecordingIndicator.uasset" 136
"../../../Engine/Content/EditorSounds/Notifications/CompileFailed.uasset" 137
"../../../Engine/Content/EditorSounds/Notifications/CompileFailed_Cue.uasset" 138
"../../../Engine/Content/EditorSounds/Notifications/CompileSuccess.uasset" 139
"../../../Engine/Content/EditorSounds/Notifications/CompileStart_Cue.uasset" 140
"../../../Engine/Content/EditorSounds/Notifications/CompileSuccess_Cue.uasset" 141
"../../../Engine/Content/EngineDamageTypes/DmgTypeBP_Environmental.uasset" 142
"../../../Engine/Content/EngineDebugMaterials/HeatmapGradient.uasset" 143
"../../../Engine/Content/EngineDebugMaterials/BoneWeightMaterial.uasset" 144
"../../../Engine/Content/EngineDebugMaterials/ClothMaterial.uasset" 145
"../../../Engine/Content/EngineDebugMaterials/ClothMaterial_WF.uasset" 146
"../../../Engine/Content/EngineDebugMaterials/DebugEditorMaterial.uasset" 147
"../../../Engine/Content/EngineDebugMaterials/DebugMeshMaterial.uasset" 148
"../../../Engine/Content/EngineDebugMaterials/GeomMaterial.uasset" 149
"../../../Engine/Content/EngineDebugMaterials/M_SimpleTranslucent.uasset" 150
"../../../Engine/Content/EngineFonts/Faces/RobotoBold.uasset" 151
"../../../Engine/Content/EngineFonts/Faces/RobotoBoldItalic.uasset" 152
"../../../Engine/Content/EngineFonts/Faces/RobotoItalic.uasset" 153
"../../../Engine/Content/EngineFonts/Faces/RobotoLight.uasset" 154
"../../../Engine/Content/EngineFonts/Faces/RobotoRegular.uasset" 155
"../../../Engine/Content/EngineFonts/Roboto.uasset" 156
"../../../Engine/Content/EngineFonts/Faces/RobotoTiny.uasset" 157
"../../../Engine/Content/EngineFonts/RobotoTiny.uasset" 158
"../../../Engine/Content/EngineMaterials/BaseFlattenDiffuseMap.uasset" 159
"../../../Engine/Content/EngineMaterials/BaseFlattenEmissiveMap.uasset" 160
"../../../Engine/Content/EngineMaterials/BaseFlattenGrayscaleMap.uasset" 161
"../../../Engine/Content/EngineMaterials/BaseFlattenNormalMap.uasset" 162
"../../../Engine/Content/EngineMaterials/BaseFlattenMaterial.uasset" 163
"../../../Engine/Content/EngineMaterials/DefaultBloomKernel.uasset" 164
"../../../Engine/Content/EngineMaterials/DefaultBokeh.uasset" 165
"../../../Engine/Content/EngineMaterials/DefaultDiffuse.uasset" 166
"../../../Engine/Content/EngineMaterials/DefaultDeferredDecalMaterial.uasset" 167
"../../../Engine/Content/EngineMaterials/DefaultLightFunctionMaterial.uasset" 168
"../../../Engine/Content/EngineMaterials/DefaultPhysicalMaterial.uasset" 169
"../../../Engine/Content/Functions/Engine_MaterialFunctions02/Utility/BreakOutFloat2Components.uasset" 170
"../../../Engine/Content/EngineMaterials/DefaultPostProcessMaterial.uasset" 171
"../../../Engine/Content/EngineFonts/RobotoDistanceField.uasset" 172
"../../../Engine/Content/EngineMaterials/DefaultTextMaterialOpaque.uasset" 173
"../../../Engine/Content/EngineMaterials/DefaultWhiteGrid.uasset" 174
"../../../Engine/Content/EngineMaterials/EditorBrushMaterial.uasset" 175
"../../../Engine/Content/EngineMaterials/Good64x64TilingNoiseHighFreq.uasset" 176
"../../../Engine/Content/EngineMaterials/MiniFont.uasset" 177
"../../../Engine/Content/EngineMaterials/InvalidLightmapSettings.uasset" 178
"../../../Engine/Content/EngineMaterials/M_InvalidLightmapSettings.uasset" 179
"../../../Engine/Content/Functions/Engine_MaterialFunctions02/WorldPositionOffset/CameraOffset.uasset" 180
"../../../Engine/Content/EngineMaterials/PhAT_JointLimitMaterial.uasset" 181
"../../../Engine/Content/EngineMaterials/PreintegratedSkinBRDF.uasset" 182
"../../../Engine/Content/EngineMaterials/RemoveSurfaceMaterial.uasset" 183
"../../../Engine/Content/EngineMaterials/WeightMapPlaceholderTexture.uasset" 184
"../../../Engine/Content/EngineResources/WhiteSquareTexture.uasset" 185
"../../../Engine/Content/EngineMaterials/Widget3DPassThrough.uasset" 186
"../../../Engine/Content/EngineMaterials/Widget3DPassThrough_Masked.uasset" 187
"../../../Engine/Content/EngineMaterials/Widget3DPassThrough_Opaque.uasset" 188
"../../../Engine/Content/EngineMaterials/Widget3DPassThrough_Masked_OneSided.uasset" 189
"../../../Engine/Content/EngineMaterials/Widget3DPassThrough_Opaque_OneSided.uasset" 190
"../../../Engine/Content/EngineMaterials/Widget3DPassThrough_Translucent.uasset" 191
"../../../Engine/Content/EngineMaterials/Widget3DPassThrough_Translucent_OneSided.uasset" 192
"../../../Engine/Content/EngineMaterials/DefaultMaterial.uasset" 193
"../../../Engine/Content/EngineMeshes/Cylinder.uasset" 194
"../../../Engine/Content/EngineMeshes/Sphere.uasset" 195
"../../../Engine/Content/EngineResources/Black.uasset" 196
"../../../Engine/Content/EngineResources/DefaultTexture.uasset" 197
"../../../Engine/Content/EngineResources/DefaultTextureCube.uasset" 198
"../../../Engine/Content/EngineResources/DefaultVolumeTexture2D.uasset" 199
"../../../Engine/Content/EngineResources/DefaultVolumeTexture.uasset" 200
"../../../Engine/Content/EngineResources/GradientTexture0.uasset" 201
"../../../Engine/Content/EngineSounds/Master.uasset" 202
"../../../Engine/Content/Functions/Engine_MaterialFunctions01/Shading/PowerToRoughness.uasset" 203
"../../../Engine/Content/Maps/Templates/Thumbnails/Default.uasset" 204
"../../../Engine/Content/Maps/Templates/Thumbnails/VR-Basic.uasset" 205
"../../../Engine/Content/MobileResources/T_MobileControls_texture.uasset" 206
"../../../Engine/Content/MobileResources/T_MobileMenu2.uasset" 207
"../../../Engine/Content/MobileResources/HUD/AnalogHat.uasset" 208
"../../../Engine/Content/MobileResources/HUD/VirtualJoystick_Background.uasset" 209
"../../../Engine/Content/MobileResources/HUD/VirtualJoystick_Thumb.uasset" 210
"../../../Engine/Content/MobileResources/HUD/DefaultVirtualJoysticks.uasset" 211
"../../../Engine/Content/MobileResources/HUD/LeftVirtualJoystickOnly.uasset" 212
"../../../Engine/Content/MobileResources/HUD/MobileHUDButton1_off.uasset" 213
"../../../Engine/Content/MobileResources/HUD/MobileHUDButton1_on.uasset" 214
"../../../Engine/Content/MobileResources/HUD/MobileHUDButton2_off.uasset" 215
"../../../Engine/Content/MobileResources/HUD/MobileHUDButton2_on.uasset" 216
"../../../Engine/Content/MobileResources/HUD/MobileHUDButton3.uasset" 217
"../../../Engine/Content/MobileResources/HUD/MobileHUDButtonFire.uasset" 218
"../../../Engine/Content/MobileResources/HUD/MobileHUDDirectionPad.uasset" 219
"../../../Engine/Content/MobileResources/HUD/MobileHUDDirectionPad2.uasset" 220
"../../../Engine/Content/MobileResources/HUD/MobileHUDDirectionPad3.uasset" 221
"../../../Engine/Content/MobileResources/HUD/MobileHUDDirectionStick.uasset" 222
"../../../Engine/Content/MobileResources/HUD/T_Castle_ThumbstickInner.uasset" 223
"../../../Engine/Content/MobileResources/HUD/T_Castle_ThumbstickOutter.uasset" 224
"../../../Engine/Content/Tutorial/ContentIntroCurve.uasset" 225
"../../../Engine/Content/Tutorial/Basics/LevelEditorAttract.uasset" 226
"../../../Engine/Content/VREditor/LaserPointer/VR_LaserPower_01.uasset" 227
"../../../Engine/Content/VREditor/TransformGizmo/TransformGizmoMaterial.uasset" 228
"../../../Engine/Content/VREditor/TransformGizmo/TranslucentTransformGizmoMaterial.uasset" 229
"../../../Engine/Content/VREditor/TransformGizmo/BoundingBoxCorner.uasset" 230
"../../../Engine/Content/VREditor/TransformGizmo/BoundingBoxEdge.uasset" 231
"../../../Engine/Content/VREditor/TransformGizmo/PlaneTranslationHandle.uasset" 232
"../../../Engine/Content/VREditor/TransformGizmo/Main.uasset" 233
"../../../Engine/Content/VREditor/TransformGizmo/Xray.uasset" 234
"../../../Engine/Content/VREditor/TransformGizmo/SM_Sequencer_Key.uasset" 235
"../../../Engine/Content/VREditor/TransformGizmo/SM_Sequencer_Node.uasset" 236
"../../Plugins/2D/Paper2D/Content/PlaceholderTextures/DummySpriteTexture.uasset" 237
"../../Plugins/2D/Paper2D/Content/DummySprite.uasset" 238
"../../Plugins/2D/Paper2D/Content/DefaultPaperTerrainMaterial.uasset" 239
"../../Plugins/2D/Paper2D/Content/DummySpriteTexture.uasset" 240
"../../Plugins/2D/Paper2D/Content/DefaultSpriteMaterial.uasset" 241
"../../Plugins/2D/Paper2D/Content/MaskedUnlitSpriteMaterial.uasset" 242
"../../Plugins/2D/Paper2D/Content/OpaqueUnlitSpriteMaterial.uasset" 243
"../../Plugins/Runtime/Oculus/OculusVR/Content/OculusMR_RenderTarget.uasset" 244
"../../../Engine/Content/Functions/Engine_MaterialFunctions02/Utility/BreakOutFloat4Components.uasset" 245
"../../../Engine/Content/Functions/Engine_MaterialFunctions02/Utility/MakeFloat2.uasset" 246
"../../../Engine/Content/Functions/Engine_MaterialFunctions02/Utility/MakeFloat3.uasset" 247
"../../Plugins/Runtime/Oculus/OculusVR/Content/Materials/OculusMR_ChromaKey.uasset" 248
"../../Plugins/Runtime/Oculus/OculusVR/Content/Materials/OculusMR_ChromaKey_Lit.uasset" 249
"../../Plugins/Runtime/Oculus/OculusVR/Content/Materials/OculusMR_OpaqueColoredMaterial.uasset" 250
"../../Plugins/Runtime/Oculus/OculusVR/Content/Materials/OculusMR_WhiteMaterial.uasset" 251
"../../Plugins/Runtime/Oculus/OculusVR/Content/Materials/PokeAHoleMaterial.uasset" 252
"../../Plugins/Runtime/Oculus/OculusVR/Content/Textures/GearVRController_AO.uasset" 253
"../../Plugins/Runtime/Oculus/OculusVR/Content/Textures/GearVRController_Color.uasset" 254
"../../Plugins/Runtime/Oculus/OculusVR/Content/Textures/GearVRController_Normal.uasset" 255
"../../Plugins/Runtime/Oculus/OculusVR/Content/Materials/GearVRControllerMaterial.uasset" 256
"../../Plugins/Runtime/Oculus/OculusVR/Content/Meshes/GearVrController.uasset" 257
"../../Plugins/Runtime/Oculus/OculusVR/Content/Textures/touchController_albedo.uasset" 258
"../../Plugins/Runtime/Oculus/OculusVR/Content/Textures/touchController_controlmap.uasset" 259
"../../Plugins/Runtime/Oculus/OculusVR/Content/Materials/touchController_mat.uasset" 260
"../../Plugins/Runtime/Oculus/OculusVR/Content/Meshes/LeftTouchController.uasset" 261
"../../Plugins/Runtime/Oculus/OculusVR/Content/Meshes/RiftHMD.uasset" 262
"../../Plugins/Runtime/Oculus/OculusVR/Content/Meshes/RightTouchController.uasset" 263
"../../../Engine/Content/EngineSky/C_Sky_Cloud_Color.uasset" 264
"../../../Engine/Content/EngineSky/C_Sky_Horizon_Color.uasset" 265
"../../../Engine/Content/EngineSky/C_Sky_Zenith_Color.uasset" 266
"../../../Engine/Content/EngineSky/T_Sky_Blue.uasset" 267
"../../../Engine/Content/EngineSky/T_Sky_Clouds_M.uasset" 268
"../../../Engine/Content/EngineSky/T_Sky_Stars.uasset" 269
"../../../Engine/Content/EngineSky/M_Sky_Panning_Clouds2.uasset" 270
"../../../Engine/Content/EngineSky/SM_SkySphere.uasset" 271
"../../../Engine/Content/EngineSky/BP_Sky_Sphere.uasset" 272
"../../../../../Unreal Projects/ProjectBee/Content/ConnorStuff/Maps/L_CelShadeTest_BuiltData.uasset" 273
"../../../Engine/Content/BasicShapes/BasicShapeMaterial.uasset" 274
"../../../Engine/Content/BasicShapes/Cube.uasset" 275
"../../../Engine/Content/BasicShapes/Cylinder.uasset" 276
"../../../Engine/Content/BasicShapes/Sphere.uasset" 277
"../../../Engine/Content/MapTemplates/SM_Template_Map_Floor.uasset" 278
"../../../../../Unreal Projects/ProjectBee/Content/ConnorStuff/Maps/L_CelShadeTest.umap" 279
"../../../../../Unreal Projects/ProjectBee/Content/ProjectBee/GameModes/I_MainMenu.uasset" 280
"../../../../../Unreal Projects/ProjectBee/Content/ProjectBee/GameModes/MenuGM.uasset" 281
"../../../../../Unreal Projects/ProjectBee/Content/ConnorStuff/Widgets/W_StartScreen.uasset" 282
"../../../../../Unreal Projects/ProjectBee/Content/ConnorStuff/Maps/L_StartScreen_DeleteLater.umap" 283
"../../../../../Unreal Projects/ProjectBee/Content/ProjectBee/Blueprints/Character/PlayerController_BP.uasset" 284
"../../../../../Unreal Projects/ProjectBee/Content/ConnorStuff/Widgets/W_DeathScreen.uasset" 285
"../../../../../Unreal Projects/ProjectBee/Content/ConnorStuff/Fonts/OptimusPrinceps.uasset" 286
"../../../../../Unreal Projects/ProjectBee/Content/ConnorStuff/Fonts/OptimusPrinceps_Font.uasset" 287
"../../../../../Unreal Projects/ProjectBee/Content/ConnorStuff/Materials/M_DeathScreen_DS_IMG.uasset" 288
"../../../../../Unreal Projects/ProjectBee/Content/ConnorStuff/Widgets/W_DeathScreen_DS.uasset" 289
"../../../../../Unreal Projects/ProjectBee/Content/ConnorStuff/Fonts/Russian.uasset" 290
"../../../../../Unreal Projects/ProjectBee/Content/ConnorStuff/Fonts/Russian_Font.uasset" 291
"../../../../../Unreal Projects/ProjectBee/Content/ConnorStuff/Materials/M_DeathScreen_MGS3_Filter.uasset" 292
"../../../../../Unreal Projects/ProjectBee/Content/ConnorStuff/Widgets/W_DeathScreen_MGS3.uasset" 293
"../../../../../Unreal Projects/ProjectBee/Content/ConnorStuff/Blueprints/GameMode/GM_Bee.uasset" 294
"../../../../../Unreal Projects/ProjectBee/Content/ConnorStuff/Maps/L_TestLevel_DeleteLater_BuiltData.uasset" 295
"../../../../../Unreal Projects/ProjectBee/Content/ConnorStuff/Maps/L_TestLevel_DeleteLater.umap" 296
"../../../../../Unreal Projects/ProjectBee/Content/ProjectBee/Blueprints/AI/EQS/EQSTestPawn.uasset" 297
"../../../../../Unreal Projects/ProjectBee/Content/ProjectBee/Levels/AITest_BuiltData.uasset" 298
"../../../../../Unreal Projects/ProjectBee/Content/ProjectBee/Levels/AITest.umap" 299
"../../../../../Unreal Projects/ProjectBee/Content/ProjectBee/Levels/DemoLevel_BuiltData.uasset" 300
"../../../Engine/Content/BasicShapes/Cone.uasset" 301
"../../../../../Unreal Projects/ProjectBee/Content/ProjectBee/Levels/DemoLevel.umap" 302
"../../../../../Unreal Projects/ProjectBee/Content/ProjectBee/Levels/LV_BlockOut_BuiltData.uasset" 303
"../../../../../Unreal Projects/ProjectBee/Content/ProjectBee/Materials/MapMaterial/Map2.uasset" 304
"../../../../../Unreal Projects/ProjectBee/Content/ProjectBee/Materials/MapMaterial/Map2_Mat.uasset" 305
"../../../../../Unreal Projects/ProjectBee/Content/ProjectBee/Levels/LV_BlockOut.umap" 306
"../../../../../Unreal Projects/ProjectBee/Content/ProjectBee/GameModes/BeeGame.uasset" 307
"../../../../../Unreal Projects/ProjectBee/Content/ProjectBee/Levels/MovementTest_BuiltData.uasset" 308
"../../../../../Unreal Projects/ProjectBee/Content/ProjectBee/Levels/MovementTest.umap" 309
"../../../../../Unreal Projects/ProjectBee/Content/ThirdPersonContent/ThirdPersonBP/Maps/ThirdPersonExampleMap_BuiltData.uasset" 310
"../../../../../Unreal Projects/ProjectBee/Content/ThirdPersonContent/ThirdPersonBP/Maps/ThirdPersonExampleMap.umap" 311
"../../../Engine/Content/Maps/Entry_BuiltData.uasset" 312
"../../../Engine/Content/Maps/Entry.umap" 313
