Log file open, 05/15/20 17:29:41
LogWindows: Failed to load 'aqProf.dll' (GetLastError=126)
LogWindows: File 'aqProf.dll' does not exist
LogWindows: Failed to load 'VtuneApi.dll' (GetLastError=126)
LogWindows: File 'VtuneApi.dll' does not exist
LogWindows: Failed to load 'VtuneApi32e.dll' (GetLastError=126)
LogWindows: File 'VtuneApi32e.dll' does not exist
LogConsoleResponse: Display: Failed to find resolution value strings in scalability ini. Falling back to default.
LogInit: Display: Running engine for game: ProjectBee
LogPakFile: Registered encryption key '00000000000000000000000000000000': 0 pak files mounted, 0 remain pending
LogPlatformFile: Not using cached read wrapper
LogTaskGraph: Started task graph with 5 named threads and 35 total threads with 3 sets of task threads.
LogStats: Stats thread started at 0.380594
LogD3D11RHI: Loaded GFSDK_Aftermath_Lib.x64.dll
LogICUInternationalization: ICU TimeZone Detection - Raw Offset: +0:00, Platform Override: ''
LogPluginManager: Mounting plugin Paper2D
LogPluginManager: Mounting plugin AISupport
LogPluginManager: Mounting plugin LightPropagationVolume
LogPluginManager: Mounting plugin ActorLayerUtilities
LogPluginManager: Mounting plugin AnimationSharing
LogPluginManager: Mounting plugin CLionSourceCodeAccess
LogPluginManager: Mounting plugin CodeLiteSourceCodeAccess
LogPluginManager: Mounting plugin GitSourceControl
LogPluginManager: Mounting plugin KDevelopSourceCodeAccess
LogPluginManager: Mounting plugin NullSourceCodeAccess
LogPluginManager: Mounting plugin PerforceSourceControl
LogPluginManager: Mounting plugin SubversionSourceControl
LogPluginManager: Mounting plugin UObjectPlugin
LogPluginManager: Mounting plugin VisualStudioCodeSourceCodeAccess
LogPluginManager: Mounting plugin VisualStudioSourceCodeAccess
LogPluginManager: Mounting plugin XCodeSourceCodeAccess
LogPluginManager: Mounting plugin AssetManagerEditor
LogPluginManager: Mounting plugin CryptoKeys
LogPluginManager: Mounting plugin DataValidation
LogPluginManager: Mounting plugin FacialAnimation
LogPluginManager: Mounting plugin GameplayTagsEditor
LogPluginManager: Mounting plugin MacGraphicsSwitching
LogPluginManager: Mounting plugin MaterialAnalyzer
LogPluginManager: Mounting plugin MobileLauncherProfileWizard
LogPluginManager: Mounting plugin PluginBrowser
LogPluginManager: Mounting plugin SpeedTreeImporter
LogPluginManager: Mounting plugin DatasmithContent
LogPluginManager: Mounting plugin VariantManagerContent
LogPluginManager: Mounting plugin AlembicImporter
LogPluginManager: Mounting plugin AppleImageUtils
LogPluginManager: Mounting plugin AppleVision
LogPluginManager: Mounting plugin BackChannel
LogPluginManager: Mounting plugin CharacterAI
LogPluginManager: Mounting plugin GeometryCache
LogPluginManager: Mounting plugin HTML5Networking
LogPluginManager: Mounting plugin ProxyLODPlugin
LogPluginManager: Mounting plugin SkeletalReduction
LogPluginManager: Mounting plugin MagicLeap
LogPluginManager: Mounting plugin MagicLeapMedia
LogPluginManager: Mounting plugin AndroidMedia
LogPluginManager: Mounting plugin AvfMedia
LogPluginManager: Mounting plugin ImgMedia
LogPluginManager: Mounting plugin LinearTimecode
LogPluginManager: Mounting plugin MediaCompositing
LogPluginManager: Mounting plugin MediaPlayerEditor
LogPluginManager: Mounting plugin WebMMedia
LogPluginManager: Mounting plugin WmfMedia
LogPluginManager: Mounting plugin TcpMessaging
LogPluginManager: Mounting plugin UdpMessaging
LogPluginManager: Mounting plugin ActorSequence
LogPluginManager: Mounting plugin LevelSequenceEditor
LogPluginManager: Mounting plugin MatineeToLevelSequence
LogPluginManager: Mounting plugin NetcodeUnitTest
LogPluginManager: Mounting plugin NUTUnrealEngine4
LogPluginManager: Mounting plugin OnlineSubsystemGooglePlay
LogPluginManager: Mounting plugin OnlineSubsystemIOS
LogPluginManager: Mounting plugin OnlineSubsystem
LogPluginManager: Mounting plugin OnlineSubsystemNull
LogPluginManager: Mounting plugin OnlineSubsystemUtils
LogPluginManager: Mounting plugin LauncherChunkInstaller
LogPluginManager: Mounting plugin AndroidDeviceProfileSelector
LogPluginManager: Mounting plugin AndroidMoviePlayer
LogPluginManager: Mounting plugin AndroidPermission
LogPluginManager: Mounting plugin AppleMoviePlayer
LogPluginManager: Mounting plugin ArchVisCharacter
LogPluginManager: Mounting plugin AudioCapture
LogPluginManager: Mounting plugin CableComponent
LogPluginManager: Mounting plugin CustomMeshComponent
LogPluginManager: Mounting plugin EditableMesh
LogPluginManager: Mounting plugin ExampleDeviceProfileSelector
LogPluginManager: Mounting plugin Firebase
LogPluginManager: Mounting plugin GoogleCloudMessaging
LogPluginManager: Mounting plugin IOSDeviceProfileSelector
LogPluginManager: Mounting plugin LinuxDeviceProfileSelector
LogPluginManager: Mounting plugin LocationServicesBPLibrary
LogPluginManager: Mounting plugin MobilePatchingUtils
LogPluginManager: Mounting plugin OculusVR
LogPluginManager: Mounting plugin PhysXVehicles
LogPluginManager: Mounting plugin ProceduralMeshComponent
LogPluginManager: Mounting plugin RuntimePhysXCooking
LogPluginManager: Mounting plugin SignificanceManager
LogPluginManager: Mounting plugin SteamVR
LogPluginManager: Mounting plugin WebMMoviePlayer
LogPluginManager: Mounting plugin WindowsMoviePlayer
LogInit: Using libcurl 7.55.1-DEV
LogInit:  - built for x86_64-pc-win32
LogInit:  - supports SSL with OpenSSL/1.1.1
LogInit:  - supports HTTP deflate (compression) using libz 1.2.8
LogInit:  - other features:
LogInit:      CURL_VERSION_SSL
LogInit:      CURL_VERSION_LIBZ
LogInit:      CURL_VERSION_IPV6
LogInit:      CURL_VERSION_ASYNCHDNS
LogInit:      CURL_VERSION_LARGEFILE
LogInit:      CURL_VERSION_IDN
LogInit:  CurlRequestOptions (configurable via config and command line):
LogInit:  - bVerifyPeer = true  - Libcurl will verify peer certificate
LogInit:  - bUseHttpProxy = false  - Libcurl will NOT use HTTP proxy
LogInit:  - bDontReuseConnections = false  - Libcurl will reuse connections
LogInit:  - MaxHostConnections = 16  - Libcurl will limit the number of connections to a host
LogInit:  - LocalHostAddr = Default
LogInit:  - BufferSize = 65536
LogInit: WinSock: version 1.1 (2.2), MaxSocks=32767, MaxUdp=65467
LogInit: Build: ++UE4+Release-4.22-CL-7053642
LogInit: Engine Version: 4.22.3-7053642+++UE4+Release-4.22
LogInit: Compatible Engine Version: 4.22.0-5660361+++UE4+Release-4.22
LogInit: Net CL: 5660361
LogInit: OS: Windows 10 (Release 1909) (), CPU: Intel(R) Core(TM) i7-8700K CPU @ 3.70GHz, GPU: NVIDIA GeForce RTX 2070
LogInit: Compiled (64-bit): Jun 18 2019 03:09:11
LogInit: Compiled with Visual C++: 19.16.27025.01
LogInit: Build Configuration: Development
LogInit: Branch Name: ++UE4+Release-4.22
LogInit: Command Line: 
LogInit: Base Directory: S:/UnrealEngine/UE_4.22/Engine/Binaries/Win64/
LogInit: Installed Engine Build: 1
LogDevObjectVersion: Number of dev versions registered: 23
LogDevObjectVersion:   Dev-Blueprints (B0D832E4-1F89-4F0D-ACCF-7EB736FD4AA2): 10
LogDevObjectVersion:   Dev-Build (E1C64328-A22C-4D53-A36C-8E866417BD8C): 0
LogDevObjectVersion:   Dev-Core (375EC13C-06E4-48FB-B500-84F0262A717E): 3
LogDevObjectVersion:   Dev-Editor (E4B068ED-F494-42E9-A231-DA0B2E46BB41): 30
LogDevObjectVersion:   Dev-Framework (CFFC743F-43B0-4480-9391-14DF171D2073): 35
LogDevObjectVersion:   Dev-Mobile (B02B49B5-BB20-44E9-A304-32B752E40360): 2
LogDevObjectVersion:   Dev-Networking (A4E4105C-59A1-49B5-A7C5-40C4547EDFEE): 0
LogDevObjectVersion:   Dev-Online (39C831C9-5AE6-47DC-9A44-9C173E1C8E7C): 0
LogDevObjectVersion:   Dev-Physics (78F01B33-EBEA-4F98-B9B4-84EACCB95AA2): 0
LogDevObjectVersion:   Dev-Platform (6631380F-2D4D-43E0-8009-CF276956A95A): 0
LogDevObjectVersion:   Dev-Rendering (12F88B9F-8875-4AFC-A67C-D90C383ABD29): 28
LogDevObjectVersion:   Dev-Sequencer (7B5AE74C-D270-4C10-A958-57980B212A5A): 11
LogDevObjectVersion:   Dev-VR (D7296918-1DD6-4BDD-9DE2-64A83CC13884): 2
LogDevObjectVersion:   Dev-LoadTimes (C2A15278-BFE7-4AFE-6C17-90FF531DF755): 1
LogDevObjectVersion:   Private-Geometry (6EACA3D4-40EC-4CC1-B786-8BED09428FC5): 3
LogDevObjectVersion:   Dev-AnimPhys (29E575DD-E0A3-4627-9D10-D276232CDCEA): 17
LogDevObjectVersion:   Dev-Anim (AF43A65D-7FD3-4947-9873-3E8ED9C1BB05): 2
LogDevObjectVersion:   Dev-ReflectionCapture (6B266CEC-1EC7-4B8F-A30B-E4D90942FC07): 1
LogDevObjectVersion:   Dev-Automation (0DF73D61-A23F-47EA-B727-89E90C41499A): 1
LogDevObjectVersion:   FortniteMain (601D1886-AC64-4F84-AA16-D3DE0DEAC7D6): 25
LogDevObjectVersion:   Dev-Enterprise (9DFFBCD6-494F-0158-E221-12823C92A888): 6
LogDevObjectVersion:   Dev-Niagara (F2AED0AC-9AFE-416F-8664-AA7FFA26D6FC): 1
LogDevObjectVersion:   Dev-Destruction (174F1F0B-B4C6-45A5-B13F-2EE8D0FB917D): 2
LogInit: Presizing for max 16777216 objects, including 0 objects not considered by GC, pre-allocating 0 bytes for permanent pool.
LogInit: Object subsystem initialized
LogConfig: Setting CVar [[con.DebugEarlyDefault:1]]
LogConfig: Setting CVar [[r.setres:1280x720]]
[2020.05.15-16.29.41:951][  0]LogConfig: Setting CVar [[r.VSync:0]]
[2020.05.15-16.29.41:951][  0]LogConfig: Setting CVar [[r.RHICmdBypass:0]]
[2020.05.15-16.29.41:951][  0]LogConfig: Applying CVar settings from Section [/Script/Engine.RendererSettings] File [S:/Unreal Projects/ProjectBee/Saved/Config/Windows/Engine.ini]
[2020.05.15-16.29.41:951][  0]LogConfig: Setting CVar [[r.GPUCrashDebugging:0]]
[2020.05.15-16.29.41:951][  0]LogConfig: Setting CVar [[r.DefaultFeature.AutoExposure.ExtendDefaultLuminanceRange:1]]
[2020.05.15-16.29.41:951][  0]LogConfig: Applying CVar settings from Section [/Script/Engine.RendererOverrideSettings] File [S:/Unreal Projects/ProjectBee/Saved/Config/Windows/Engine.ini]
[2020.05.15-16.29.41:951][  0]LogConfig: Applying CVar settings from Section [/Script/Engine.StreamingSettings] File [S:/Unreal Projects/ProjectBee/Saved/Config/Windows/Engine.ini]
[2020.05.15-16.29.41:951][  0]LogConfig: Setting CVar [[s.MinBulkDataSizeForAsyncLoading:131072]]
[2020.05.15-16.29.41:951][  0]LogConfig: Setting CVar [[s.AsyncLoadingThreadEnabled:0]]
[2020.05.15-16.29.41:951][  0]LogConfig: Setting CVar [[s.EventDrivenLoaderEnabled:1]]
[2020.05.15-16.29.41:951][  0]LogConfig: Setting CVar [[s.WarnIfTimeLimitExceeded:0]]
[2020.05.15-16.29.41:951][  0]LogConfig: Setting CVar [[s.TimeLimitExceededMultiplier:1.5]]
[2020.05.15-16.29.41:951][  0]LogConfig: Setting CVar [[s.TimeLimitExceededMinTime:0.005]]
[2020.05.15-16.29.41:951][  0]LogConfig: Setting CVar [[s.UseBackgroundLevelStreaming:1]]
[2020.05.15-16.29.41:951][  0]LogConfig: Setting CVar [[s.PriorityAsyncLoadingExtraTime:15.0]]
[2020.05.15-16.29.41:951][  0]LogConfig: Setting CVar [[s.LevelStreamingActorsUpdateTimeLimit:5.0]]
[2020.05.15-16.29.41:951][  0]LogConfig: Setting CVar [[s.PriorityLevelStreamingActorsUpdateExtraTime:5.0]]
[2020.05.15-16.29.41:951][  0]LogConfig: Setting CVar [[s.LevelStreamingComponentsRegistrationGranularity:10]]
[2020.05.15-16.29.41:951][  0]LogConfig: Setting CVar [[s.UnregisterComponentsTimeLimit:1.0]]
[2020.05.15-16.29.41:951][  0]LogConfig: Setting CVar [[s.LevelStreamingComponentsUnregistrationGranularity:5]]
[2020.05.15-16.29.41:951][  0]LogConfig: Applying CVar settings from Section [/Script/Engine.GarbageCollectionSettings] File [S:/Unreal Projects/ProjectBee/Saved/Config/Windows/Engine.ini]
[2020.05.15-16.29.41:951][  0]LogConfig: Setting CVar [[gc.MaxObjectsNotConsideredByGC:1]]
[2020.05.15-16.29.41:951][  0]LogConfig: Setting CVar [[gc.SizeOfPermanentObjectPool:0]]
[2020.05.15-16.29.41:951][  0]LogConfig: Setting CVar [[gc.FlushStreamingOnGC:0]]
[2020.05.15-16.29.41:951][  0]LogConfig: Setting CVar [[gc.NumRetriesBeforeForcingGC:10]]
[2020.05.15-16.29.41:951][  0]LogConfig: Setting CVar [[gc.AllowParallelGC:1]]
[2020.05.15-16.29.41:951][  0]LogConfig: Setting CVar [[gc.TimeBetweenPurgingPendingKillObjects:61.1]]
[2020.05.15-16.29.41:951][  0]LogConfig: Setting CVar [[gc.MaxObjectsInEditor:16777216]]
[2020.05.15-16.29.41:951][  0]LogConfig: Setting CVar [[gc.IncrementalBeginDestroyEnabled:1]]
[2020.05.15-16.29.41:951][  0]LogConfig: Setting CVar [[gc.CreateGCClusters:1]]
[2020.05.15-16.29.41:951][  0]LogConfig: Setting CVar [[gc.MinGCClusterSize:5]]
[2020.05.15-16.29.41:951][  0]LogConfig: Setting CVar [[gc.ActorClusteringEnabled:0]]
[2020.05.15-16.29.41:951][  0]LogConfig: Setting CVar [[gc.BlueprintClusteringEnabled:0]]
[2020.05.15-16.29.41:951][  0]LogConfig: Setting CVar [[gc.UseDisregardForGCOnDedicatedServers:0]]
[2020.05.15-16.29.41:951][  0]LogConfig: Applying CVar settings from Section [/Script/Engine.NetworkSettings] File [S:/Unreal Projects/ProjectBee/Saved/Config/Windows/Engine.ini]
[2020.05.15-16.29.41:951][  0]LogConfig: Applying CVar settings from Section [/Script/UnrealEd.CookerSettings] File [S:/Unreal Projects/ProjectBee/Saved/Config/Windows/Engine.ini]
[2020.05.15-16.29.41:957][  0]LogConfig: Applying CVar settings from Section [ViewDistanceQuality@3] File [S:/Unreal Projects/ProjectBee/Saved/Config/Windows/Scalability.ini]
[2020.05.15-16.29.41:957][  0]LogConfig: Setting CVar [[r.SkeletalMeshLODBias:0]]
[2020.05.15-16.29.41:957][  0]LogConfig: Setting CVar [[r.ViewDistanceScale:1.0]]
[2020.05.15-16.29.41:957][  0]LogConfig: Applying CVar settings from Section [AntiAliasingQuality@3] File [S:/Unreal Projects/ProjectBee/Saved/Config/Windows/Scalability.ini]
[2020.05.15-16.29.41:957][  0]LogConfig: Setting CVar [[r.PostProcessAAQuality:4]]
[2020.05.15-16.29.41:957][  0]LogConfig: Applying CVar settings from Section [ShadowQuality@3] File [S:/Unreal Projects/ProjectBee/Saved/Config/Windows/Scalability.ini]
[2020.05.15-16.29.41:957][  0]LogConfig: Setting CVar [[r.LightFunctionQuality:1]]
[2020.05.15-16.29.41:957][  0]LogConfig: Setting CVar [[r.ShadowQuality:5]]
[2020.05.15-16.29.41:957][  0]LogConfig: Setting CVar [[r.Shadow.CSM.MaxCascades:10]]
[2020.05.15-16.29.41:957][  0]LogConfig: Setting CVar [[r.Shadow.MaxResolution:2048]]
[2020.05.15-16.29.41:957][  0]LogConfig: Setting CVar [[r.Shadow.MaxCSMResolution:2048]]
[2020.05.15-16.29.41:957][  0]LogConfig: Setting CVar [[r.Shadow.RadiusThreshold:0.01]]
[2020.05.15-16.29.41:957][  0]LogConfig: Setting CVar [[r.Shadow.DistanceScale:1.0]]
[2020.05.15-16.29.41:957][  0]LogConfig: Setting CVar [[r.Shadow.CSM.TransitionScale:1.0]]
[2020.05.15-16.29.41:957][  0]LogConfig: Setting CVar [[r.Shadow.PreShadowResolutionFactor:1.0]]
[2020.05.15-16.29.41:957][  0]LogConfig: Setting CVar [[r.DistanceFieldShadowing:1]]
[2020.05.15-16.29.41:957][  0]LogConfig: Setting CVar [[r.DistanceFieldAO:1]]
[2020.05.15-16.29.41:957][  0]LogConfig: Setting CVar [[r.AOQuality:2]]
[2020.05.15-16.29.41:957][  0]LogConfig: Setting CVar [[r.VolumetricFog:1]]
[2020.05.15-16.29.41:957][  0]LogConfig: Setting CVar [[r.VolumetricFog.GridPixelSize:8]]
[2020.05.15-16.29.41:957][  0]LogConfig: Setting CVar [[r.VolumetricFog.GridSizeZ:128]]
[2020.05.15-16.29.41:957][  0]LogConfig: Setting CVar [[r.VolumetricFog.HistoryMissSupersampleCount:4]]
[2020.05.15-16.29.41:957][  0]LogConfig: Setting CVar [[r.LightMaxDrawDistanceScale:1]]
[2020.05.15-16.29.41:957][  0]LogConfig: Setting CVar [[r.CapsuleShadows:1]]
[2020.05.15-16.29.41:957][  0]LogConfig: Applying CVar settings from Section [PostProcessQuality@3] File [S:/Unreal Projects/ProjectBee/Saved/Config/Windows/Scalability.ini]
[2020.05.15-16.29.41:957][  0]LogConfig: Setting CVar [[r.MotionBlurQuality:4]]
[2020.05.15-16.29.41:957][  0]LogConfig: Setting CVar [[r.AmbientOcclusionMipLevelFactor:0.4]]
[2020.05.15-16.29.41:957][  0]LogConfig: Setting CVar [[r.AmbientOcclusionMaxQuality:100]]
[2020.05.15-16.29.41:957][  0]LogConfig: Setting CVar [[r.AmbientOcclusionLevels:-1]]
[2020.05.15-16.29.41:957][  0]LogConfig: Setting CVar [[r.AmbientOcclusionRadiusScale:1.0]]
[2020.05.15-16.29.41:957][  0]LogConfig: Setting CVar [[r.DepthOfFieldQuality:2]]
[2020.05.15-16.29.41:957][  0]LogConfig: Setting CVar [[r.RenderTargetPoolMin:400]]
[2020.05.15-16.29.41:957][  0]LogConfig: Setting CVar [[r.LensFlareQuality:2]]
[2020.05.15-16.29.41:957][  0]LogConfig: Setting CVar [[r.SceneColorFringeQuality:1]]
[2020.05.15-16.29.41:957][  0]LogConfig: Setting CVar [[r.EyeAdaptationQuality:2]]
[2020.05.15-16.29.41:957][  0]LogConfig: Setting CVar [[r.BloomQuality:5]]
[2020.05.15-16.29.41:957][  0]LogConfig: Setting CVar [[r.FastBlurThreshold:100]]
[2020.05.15-16.29.41:957][  0]LogConfig: Setting CVar [[r.Upscale.Quality:3]]
[2020.05.15-16.29.41:957][  0]LogConfig: Setting CVar [[r.Tonemapper.GrainQuantization:1]]
[2020.05.15-16.29.41:957][  0]LogConfig: Setting CVar [[r.LightShaftQuality:1]]
[2020.05.15-16.29.41:957][  0]LogConfig: Setting CVar [[r.Filter.SizeScale:1]]
[2020.05.15-16.29.41:957][  0]LogConfig: Setting CVar [[r.Tonemapper.Quality:5]]
[2020.05.15-16.29.41:957][  0]LogConfig: Setting CVar [[r.DOF.Gather.AccumulatorQuality:1        ; higher gathering accumulator quality]]
[2020.05.15-16.29.41:957][  0]LogConfig: Setting CVar [[r.DOF.Gather.PostfilterMethod:1          ; Median3x3 postfilering method]]
[2020.05.15-16.29.41:957][  0]LogConfig: Setting CVar [[r.DOF.Gather.EnableBokehSettings:0       ; no bokeh simulation when gathering]]
[2020.05.15-16.29.41:957][  0]LogConfig: Setting CVar [[r.DOF.Gather.RingCount:4                 ; medium number of samples when gathering]]
[2020.05.15-16.29.41:957][  0]LogConfig: Setting CVar [[r.DOF.Scatter.ForegroundCompositing:1    ; additive foreground scattering]]
[2020.05.15-16.29.41:957][  0]LogConfig: Setting CVar [[r.DOF.Scatter.BackgroundCompositing:2    ; additive background scattering]]
[2020.05.15-16.29.41:957][  0]LogConfig: Setting CVar [[r.DOF.Scatter.EnableBokehSettings:1      ; bokeh simulation when scattering]]
[2020.05.15-16.29.41:957][  0]LogConfig: Setting CVar [[r.DOF.Scatter.MaxSpriteRatio:0.1         ; only a maximum of 10% of scattered bokeh]]
[2020.05.15-16.29.41:957][  0]LogConfig: Setting CVar [[r.DOF.Recombine.Quality:1                ; cheap slight out of focus]]
[2020.05.15-16.29.41:957][  0]LogConfig: Setting CVar [[r.DOF.Recombine.EnableBokehSettings:0    ; no bokeh simulation on slight out of focus]]
[2020.05.15-16.29.41:957][  0]LogConfig: Setting CVar [[r.DOF.TemporalAAQuality:1                ; more stable temporal accumulation]]
[2020.05.15-16.29.41:957][  0]LogConfig: Setting CVar [[r.DOF.Kernel.MaxForegroundRadius:0.025]]
[2020.05.15-16.29.41:957][  0]LogConfig: Setting CVar [[r.DOF.Kernel.MaxBackgroundRadius:0.025]]
[2020.05.15-16.29.41:957][  0]LogConfig: Applying CVar settings from Section [TextureQuality@3] File [S:/Unreal Projects/ProjectBee/Saved/Config/Windows/Scalability.ini]
[2020.05.15-16.29.41:957][  0]LogConfig: Setting CVar [[r.Streaming.MipBias:0]]
[2020.05.15-16.29.41:957][  0]LogConfig: Setting CVar [[r.Streaming.AmortizeCPUToGPUCopy:0]]
[2020.05.15-16.29.41:957][  0]LogConfig: Setting CVar [[r.Streaming.MaxNumTexturesToStreamPerFrame:0]]
[2020.05.15-16.29.41:957][  0]LogConfig: Setting CVar [[r.Streaming.Boost:1]]
[2020.05.15-16.29.41:957][  0]LogConfig: Setting CVar [[r.MaxAnisotropy:8]]
[2020.05.15-16.29.41:957][  0]LogConfig: Setting CVar [[r.Streaming.LimitPoolSizeToVRAM:0]]
[2020.05.15-16.29.41:957][  0]LogConfig: Setting CVar [[r.Streaming.PoolSize:1000]]
[2020.05.15-16.29.41:957][  0]LogConfig: Setting CVar [[r.Streaming.MaxEffectiveScreenSize:0]]
[2020.05.15-16.29.41:957][  0]LogConfig: Applying CVar settings from Section [EffectsQuality@3] File [S:/Unreal Projects/ProjectBee/Saved/Config/Windows/Scalability.ini]
[2020.05.15-16.29.41:957][  0]LogConfig: Setting CVar [[r.TranslucencyLightingVolumeDim:64]]
[2020.05.15-16.29.41:957][  0]LogConfig: Setting CVar [[r.RefractionQuality:2]]
[2020.05.15-16.29.41:957][  0]LogConfig: Setting CVar [[r.SSR.Quality:3]]
[2020.05.15-16.29.41:957][  0]LogConfig: Setting CVar [[r.SceneColorFormat:4]]
[2020.05.15-16.29.41:957][  0]LogConfig: Setting CVar [[r.DetailMode:2]]
[2020.05.15-16.29.41:957][  0]LogConfig: Setting CVar [[r.TranslucencyVolumeBlur:1]]
[2020.05.15-16.29.41:957][  0]LogConfig: Setting CVar [[r.MaterialQualityLevel:1 ; High quality]]
[2020.05.15-16.29.41:957][  0]LogConfig: Setting CVar [[r.SSS.Scale:1]]
[2020.05.15-16.29.41:957][  0]LogConfig: Setting CVar [[r.SSS.SampleSet:2]]
[2020.05.15-16.29.41:957][  0]LogConfig: Setting CVar [[r.SSS.Quality:1]]
[2020.05.15-16.29.41:957][  0]LogConfig: Setting CVar [[r.SSS.HalfRes:1]]
[2020.05.15-16.29.41:957][  0]LogConfig: Setting CVar [[r.EmitterSpawnRateScale:1.0]]
[2020.05.15-16.29.41:957][  0]LogConfig: Setting CVar [[r.ParticleLightQuality:2]]
[2020.05.15-16.29.41:957][  0]LogConfig: Applying CVar settings from Section [FoliageQuality@3] File [S:/Unreal Projects/ProjectBee/Saved/Config/Windows/Scalability.ini]
[2020.05.15-16.29.41:957][  0]LogConfig: Setting CVar [[foliage.DensityScale:1.0]]
[2020.05.15-16.29.41:957][  0]LogConfig: Setting CVar [[grass.DensityScale:1.0]]
[2020.05.15-16.29.41:957][  0]LogInit: Selected Device Profile: [Windows]
[2020.05.15-16.29.41:957][  0]LogInit: Applying CVar settings loaded from the selected device profile: [Windows]
[2020.05.15-16.29.41:967][  0]LogHAL: Display: Platform has ~ 32 GB [34293186560 / 34359738368 / 32], which maps to Largest [LargestMinGB=32, LargerMinGB=12, DefaultMinGB=8, SmallerMinGB=6, SmallestMinGB=0)
[2020.05.15-16.29.41:967][  0]LogConfig: Setting CVar [[r.Vulkan.UseRealUBs:0		; Required until we fix HLR fall-out]]
[2020.05.15-16.29.41:967][  0]LogInit: Going up to parent DeviceProfile []
[2020.05.15-16.29.41:967][  0]LogConfig: Applying CVar settings from Section [ViewDistanceQuality@3] File [S:/Unreal Projects/ProjectBee/Saved/Config/Windows/Scalability.ini]
[2020.05.15-16.29.41:967][  0]LogConfig: Setting CVar [[r.SkeletalMeshLODBias:0]]
[2020.05.15-16.29.41:967][  0]LogConfig: Setting CVar [[r.ViewDistanceScale:1.0]]
[2020.05.15-16.29.41:967][  0]LogConfig: Applying CVar settings from Section [AntiAliasingQuality@3] File [S:/Unreal Projects/ProjectBee/Saved/Config/Windows/Scalability.ini]
[2020.05.15-16.29.41:967][  0]LogConfig: Setting CVar [[r.PostProcessAAQuality:4]]
[2020.05.15-16.29.41:967][  0]LogConfig: Applying CVar settings from Section [ShadowQuality@3] File [S:/Unreal Projects/ProjectBee/Saved/Config/Windows/Scalability.ini]
[2020.05.15-16.29.41:967][  0]LogConfig: Setting CVar [[r.LightFunctionQuality:1]]
[2020.05.15-16.29.41:967][  0]LogConfig: Setting CVar [[r.ShadowQuality:5]]
[2020.05.15-16.29.41:967][  0]LogConfig: Setting CVar [[r.Shadow.CSM.MaxCascades:10]]
[2020.05.15-16.29.41:967][  0]LogConfig: Setting CVar [[r.Shadow.MaxResolution:2048]]
[2020.05.15-16.29.41:967][  0]LogConfig: Setting CVar [[r.Shadow.MaxCSMResolution:2048]]
[2020.05.15-16.29.41:967][  0]LogConfig: Setting CVar [[r.Shadow.RadiusThreshold:0.01]]
[2020.05.15-16.29.41:967][  0]LogConfig: Setting CVar [[r.Shadow.DistanceScale:1.0]]
[2020.05.15-16.29.41:967][  0]LogConfig: Setting CVar [[r.Shadow.CSM.TransitionScale:1.0]]
[2020.05.15-16.29.41:967][  0]LogConfig: Setting CVar [[r.Shadow.PreShadowResolutionFactor:1.0]]
[2020.05.15-16.29.41:967][  0]LogConfig: Setting CVar [[r.DistanceFieldShadowing:1]]
[2020.05.15-16.29.41:967][  0]LogConfig: Setting CVar [[r.DistanceFieldAO:1]]
[2020.05.15-16.29.41:967][  0]LogConfig: Setting CVar [[r.AOQuality:2]]
[2020.05.15-16.29.41:967][  0]LogConfig: Setting CVar [[r.VolumetricFog:1]]
[2020.05.15-16.29.41:967][  0]LogConfig: Setting CVar [[r.VolumetricFog.GridPixelSize:8]]
[2020.05.15-16.29.41:967][  0]LogConfig: Setting CVar [[r.VolumetricFog.GridSizeZ:128]]
[2020.05.15-16.29.41:967][  0]LogConfig: Setting CVar [[r.VolumetricFog.HistoryMissSupersampleCount:4]]
[2020.05.15-16.29.41:967][  0]LogConfig: Setting CVar [[r.LightMaxDrawDistanceScale:1]]
[2020.05.15-16.29.41:967][  0]LogConfig: Setting CVar [[r.CapsuleShadows:1]]
[2020.05.15-16.29.41:967][  0]LogConfig: Applying CVar settings from Section [PostProcessQuality@3] File [S:/Unreal Projects/ProjectBee/Saved/Config/Windows/Scalability.ini]
[2020.05.15-16.29.41:967][  0]LogConfig: Setting CVar [[r.MotionBlurQuality:4]]
[2020.05.15-16.29.41:967][  0]LogConfig: Setting CVar [[r.AmbientOcclusionMipLevelFactor:0.4]]
[2020.05.15-16.29.41:967][  0]LogConfig: Setting CVar [[r.AmbientOcclusionMaxQuality:100]]
[2020.05.15-16.29.41:967][  0]LogConfig: Setting CVar [[r.AmbientOcclusionLevels:-1]]
[2020.05.15-16.29.41:967][  0]LogConfig: Setting CVar [[r.AmbientOcclusionRadiusScale:1.0]]
[2020.05.15-16.29.41:967][  0]LogConfig: Setting CVar [[r.DepthOfFieldQuality:2]]
[2020.05.15-16.29.41:968][  0]LogConfig: Setting CVar [[r.RenderTargetPoolMin:400]]
[2020.05.15-16.29.41:968][  0]LogConfig: Setting CVar [[r.LensFlareQuality:2]]
[2020.05.15-16.29.41:968][  0]LogConfig: Setting CVar [[r.SceneColorFringeQuality:1]]
[2020.05.15-16.29.41:968][  0]LogConfig: Setting CVar [[r.EyeAdaptationQuality:2]]
[2020.05.15-16.29.41:968][  0]LogConfig: Setting CVar [[r.BloomQuality:5]]
[2020.05.15-16.29.41:968][  0]LogConfig: Setting CVar [[r.FastBlurThreshold:100]]
[2020.05.15-16.29.41:968][  0]LogConfig: Setting CVar [[r.Upscale.Quality:3]]
[2020.05.15-16.29.41:968][  0]LogConfig: Setting CVar [[r.Tonemapper.GrainQuantization:1]]
[2020.05.15-16.29.41:968][  0]LogConfig: Setting CVar [[r.LightShaftQuality:1]]
[2020.05.15-16.29.41:968][  0]LogConfig: Setting CVar [[r.Filter.SizeScale:1]]
[2020.05.15-16.29.41:968][  0]LogConfig: Setting CVar [[r.Tonemapper.Quality:5]]
[2020.05.15-16.29.41:968][  0]LogConfig: Setting CVar [[r.DOF.Gather.AccumulatorQuality:1        ; higher gathering accumulator quality]]
[2020.05.15-16.29.41:968][  0]LogConfig: Setting CVar [[r.DOF.Gather.PostfilterMethod:1          ; Median3x3 postfilering method]]
[2020.05.15-16.29.41:968][  0]LogConfig: Setting CVar [[r.DOF.Gather.EnableBokehSettings:0       ; no bokeh simulation when gathering]]
[2020.05.15-16.29.41:968][  0]LogConfig: Setting CVar [[r.DOF.Gather.RingCount:4                 ; medium number of samples when gathering]]
[2020.05.15-16.29.41:968][  0]LogConfig: Setting CVar [[r.DOF.Scatter.ForegroundCompositing:1    ; additive foreground scattering]]
[2020.05.15-16.29.41:968][  0]LogConfig: Setting CVar [[r.DOF.Scatter.BackgroundCompositing:2    ; additive background scattering]]
[2020.05.15-16.29.41:968][  0]LogConfig: Setting CVar [[r.DOF.Scatter.EnableBokehSettings:1      ; bokeh simulation when scattering]]
[2020.05.15-16.29.41:968][  0]LogConfig: Setting CVar [[r.DOF.Scatter.MaxSpriteRatio:0.1         ; only a maximum of 10% of scattered bokeh]]
[2020.05.15-16.29.41:968][  0]LogConfig: Setting CVar [[r.DOF.Recombine.Quality:1                ; cheap slight out of focus]]
[2020.05.15-16.29.41:968][  0]LogConfig: Setting CVar [[r.DOF.Recombine.EnableBokehSettings:0    ; no bokeh simulation on slight out of focus]]
[2020.05.15-16.29.41:968][  0]LogConfig: Setting CVar [[r.DOF.TemporalAAQuality:1                ; more stable temporal accumulation]]
[2020.05.15-16.29.41:968][  0]LogConfig: Setting CVar [[r.DOF.Kernel.MaxForegroundRadius:0.025]]
[2020.05.15-16.29.41:968][  0]LogConfig: Setting CVar [[r.DOF.Kernel.MaxBackgroundRadius:0.025]]
[2020.05.15-16.29.41:968][  0]LogConfig: Applying CVar settings from Section [TextureQuality@3] File [S:/Unreal Projects/ProjectBee/Saved/Config/Windows/Scalability.ini]
[2020.05.15-16.29.41:968][  0]LogConfig: Setting CVar [[r.Streaming.MipBias:0]]
[2020.05.15-16.29.41:968][  0]LogConfig: Setting CVar [[r.Streaming.AmortizeCPUToGPUCopy:0]]
[2020.05.15-16.29.41:968][  0]LogConfig: Setting CVar [[r.Streaming.MaxNumTexturesToStreamPerFrame:0]]
[2020.05.15-16.29.41:968][  0]LogConfig: Setting CVar [[r.Streaming.Boost:1]]
[2020.05.15-16.29.41:968][  0]LogConfig: Setting CVar [[r.MaxAnisotropy:8]]
[2020.05.15-16.29.41:968][  0]LogConfig: Setting CVar [[r.Streaming.LimitPoolSizeToVRAM:0]]
[2020.05.15-16.29.41:968][  0]LogConfig: Setting CVar [[r.Streaming.PoolSize:1000]]
[2020.05.15-16.29.41:968][  0]LogConfig: Setting CVar [[r.Streaming.MaxEffectiveScreenSize:0]]
[2020.05.15-16.29.41:968][  0]LogConfig: Applying CVar settings from Section [EffectsQuality@3] File [S:/Unreal Projects/ProjectBee/Saved/Config/Windows/Scalability.ini]
[2020.05.15-16.29.41:968][  0]LogConfig: Setting CVar [[r.TranslucencyLightingVolumeDim:64]]
[2020.05.15-16.29.41:968][  0]LogConfig: Setting CVar [[r.RefractionQuality:2]]
[2020.05.15-16.29.41:968][  0]LogConfig: Setting CVar [[r.SSR.Quality:3]]
[2020.05.15-16.29.41:968][  0]LogConfig: Setting CVar [[r.SceneColorFormat:4]]
[2020.05.15-16.29.41:968][  0]LogConfig: Setting CVar [[r.DetailMode:2]]
[2020.05.15-16.29.41:968][  0]LogConfig: Setting CVar [[r.TranslucencyVolumeBlur:1]]
[2020.05.15-16.29.41:968][  0]LogConfig: Setting CVar [[r.MaterialQualityLevel:1 ; High quality]]
[2020.05.15-16.29.41:968][  0]LogConfig: Setting CVar [[r.SSS.Scale:1]]
[2020.05.15-16.29.41:968][  0]LogConfig: Setting CVar [[r.SSS.SampleSet:2]]
[2020.05.15-16.29.41:968][  0]LogConfig: Setting CVar [[r.SSS.Quality:1]]
[2020.05.15-16.29.41:968][  0]LogConfig: Setting CVar [[r.SSS.HalfRes:1]]
[2020.05.15-16.29.41:968][  0]LogConfig: Setting CVar [[r.EmitterSpawnRateScale:1.0]]
[2020.05.15-16.29.41:968][  0]LogConfig: Setting CVar [[r.ParticleLightQuality:2]]
[2020.05.15-16.29.41:968][  0]LogConfig: Applying CVar settings from Section [FoliageQuality@3] File [S:/Unreal Projects/ProjectBee/Saved/Config/Windows/Scalability.ini]
[2020.05.15-16.29.41:968][  0]LogConfig: Setting CVar [[foliage.DensityScale:1.0]]
[2020.05.15-16.29.41:968][  0]LogConfig: Setting CVar [[grass.DensityScale:1.0]]
[2020.05.15-16.29.41:968][  0]LogConfig: Applying CVar settings from Section [Startup] File [../../../Engine/Config/ConsoleVariables.ini]
[2020.05.15-16.29.41:968][  0]LogConfig: Setting CVar [[net.UseAdaptiveNetUpdateFrequency:0]]
[2020.05.15-16.29.41:968][  0]LogConfig: Setting CVar [[p.chaos.AllowCreatePhysxBodies:1]]
[2020.05.15-16.29.41:968][  0]LogConfig: Applying CVar settings from Section [ConsoleVariables] File [S:/Unreal Projects/ProjectBee/Saved/Config/Windows/Engine.ini]
[2020.05.15-16.29.41:968][  0]LogInit: Computer: CUTHBERT
[2020.05.15-16.29.41:968][  0]LogInit: User: samfa
[2020.05.15-16.29.41:968][  0]LogInit: CPU Page size=4096, Cores=6
[2020.05.15-16.29.41:968][  0]LogInit: High frequency timer resolution =10.000000 MHz
[2020.05.15-16.29.41:969][  0]LogMemory: Memory total: Physical=31.9GB (32GB approx)
[2020.05.15-16.29.41:969][  0]LogMemory: Platform Memory Stats for Windows
[2020.05.15-16.29.41:969][  0]LogMemory: Process Physical Memory: 98.23 MB used, 98.24 MB peak
[2020.05.15-16.29.41:969][  0]LogMemory: Process Virtual Memory: 89.67 MB used, 89.67 MB peak
[2020.05.15-16.29.41:969][  0]LogMemory: Physical Memory: 8965.99 MB used,  23738.54 MB free, 32704.53 MB total
[2020.05.15-16.29.41:969][  0]LogMemory: Virtual Memory: 4660.48 MB used,  134213064.00 MB free, 134217728.00 MB total
[2020.05.15-16.29.41:982][  0]LogInit: Using OS detected language (en-GB).
[2020.05.15-16.29.41:982][  0]LogInit: Using OS detected locale (en-GB).
[2020.05.15-16.29.41:983][  0]LogTextLocalizationManager: No specific localization for 'en-GB' exists, so the 'en' localization will be used.
[2020.05.15-16.29.42:097][  0]LogInit: Setting process to per monitor DPI aware
[2020.05.15-16.29.42:116][  0]LogSlate: New Slate User Created.  User Index 0, Is Virtual User: 0
[2020.05.15-16.29.42:116][  0]LogSlate: Slate User Registered.  User Index 0, Is Virtual User: 0
[2020.05.15-16.29.42:240][  0]LogHMD: Failed to initialize OpenVR with code 110
[2020.05.15-16.29.42:240][  0]LogD3D11RHI: D3D11 adapters:
[2020.05.15-16.29.42:377][  0]LogD3D11RHI:    0. 'NVIDIA GeForce RTX 2070' (Feature Level 11_0)
[2020.05.15-16.29.42:377][  0]LogD3D11RHI:       8031/0/16352 MB DedicatedVideo/DedicatedSystem/SharedSystem, Outputs:2, VendorId:0x10de
[2020.05.15-16.29.42:379][  0]LogD3D11RHI:    1. 'Microsoft Basic Render Driver' (Feature Level 11_0)
[2020.05.15-16.29.42:380][  0]LogD3D11RHI:       0/0/16352 MB DedicatedVideo/DedicatedSystem/SharedSystem, Outputs:0, VendorId:0x1414
[2020.05.15-16.29.42:380][  0]LogD3D11RHI: Chosen D3D11 Adapter: 0
[2020.05.15-16.29.42:386][  0]LogD3D11RHI: Creating new Direct3DDevice
[2020.05.15-16.29.42:386][  0]LogD3D11RHI:     GPU DeviceId: 0x1f07 (for the marketing name, search the web for "GPU Device Id")
[2020.05.15-16.29.42:386][  0]LogWindows: EnumDisplayDevices:
[2020.05.15-16.29.42:386][  0]LogWindows:    0. 'NVIDIA GeForce RTX 2070' (P:1 D:1)
[2020.05.15-16.29.42:386][  0]LogWindows:    1. 'NVIDIA GeForce RTX 2070' (P:0 D:1)
[2020.05.15-16.29.42:386][  0]LogWindows:    2. 'NVIDIA GeForce RTX 2070' (P:0 D:0)
[2020.05.15-16.29.42:387][  0]LogWindows:    3. 'NVIDIA GeForce RTX 2070' (P:0 D:0)
[2020.05.15-16.29.42:387][  0]LogWindows: DebugString: FoundDriverCount:4 
[2020.05.15-16.29.42:387][  0]LogD3D11RHI:     Adapter Name: NVIDIA GeForce RTX 2070
[2020.05.15-16.29.42:387][  0]LogD3D11RHI:   Driver Version: 445.87 (internal:26.21.14.4587, unified:445.87)
[2020.05.15-16.29.42:387][  0]LogD3D11RHI:      Driver Date: 4-3-2020
[2020.05.15-16.29.42:387][  0]LogRHI: Texture pool is 5621 MB (70% of 8031 MB)
[2020.05.15-16.29.42:428][  0]LogD3D11RHI: Async texture creation enabled
[2020.05.15-16.29.42:444][  0]LogRendererCore: FGlobalReadBuffer::InitRHI
[2020.05.15-16.29.42:444][  0]LogRendererCore: FGlobalReadBuffer::InitRHI
[2020.05.15-16.29.42:444][  0]LogRendererCore: FGlobalReadBuffer::InitRHI
[2020.05.15-16.29.42:451][  0]LogD3D11RHI: GPU Timing Frequency: 1000.000000 (Debug: 2 1)
[2020.05.15-16.29.42:681][  0]LogTemp: Display: Module 'AllDesktopTargetPlatform' loaded TargetPlatform 'AllDesktop'
[2020.05.15-16.29.42:691][  0]LogTemp: Display: Module 'MacClientTargetPlatform' loaded TargetPlatform 'MacClient'
[2020.05.15-16.29.42:702][  0]LogTemp: Display: Module 'MacNoEditorTargetPlatform' loaded TargetPlatform 'MacNoEditor'
[2020.05.15-16.29.42:712][  0]LogTemp: Display: Module 'MacServerTargetPlatform' loaded TargetPlatform 'MacServer'
[2020.05.15-16.29.42:723][  0]LogTemp: Display: Module 'MacTargetPlatform' loaded TargetPlatform 'Mac'
[2020.05.15-16.29.42:734][  0]LogTemp: Display: Module 'WindowsClientTargetPlatform' loaded TargetPlatform 'WindowsClient'
[2020.05.15-16.29.42:745][  0]LogTemp: Display: Module 'WindowsNoEditorTargetPlatform' loaded TargetPlatform 'WindowsNoEditor'
[2020.05.15-16.29.42:755][  0]LogTemp: Display: Module 'WindowsServerTargetPlatform' loaded TargetPlatform 'WindowsServer'
[2020.05.15-16.29.42:759][  0]LogTemp: Display: Module 'WindowsTargetPlatform' loaded TargetPlatform 'Windows'
[2020.05.15-16.29.42:819][  0]LogTemp: Display: Module 'AndroidTargetPlatform' loaded TargetPlatform 'Android'
[2020.05.15-16.29.42:819][  0]LogTemp: Display: Module 'AndroidTargetPlatform' loaded TargetPlatform 'Android_ASTC'
[2020.05.15-16.29.42:819][  0]LogTemp: Display: Module 'AndroidTargetPlatform' loaded TargetPlatform 'Android_ATC'
[2020.05.15-16.29.42:819][  0]LogTemp: Display: Module 'AndroidTargetPlatform' loaded TargetPlatform 'Android_DXT'
[2020.05.15-16.29.42:819][  0]LogTemp: Display: Module 'AndroidTargetPlatform' loaded TargetPlatform 'Android_ETC1'
[2020.05.15-16.29.42:819][  0]LogTemp: Display: Module 'AndroidTargetPlatform' loaded TargetPlatform 'Android_ETC1a'
[2020.05.15-16.29.42:819][  0]LogTemp: Display: Module 'AndroidTargetPlatform' loaded TargetPlatform 'Android_ETC2'
[2020.05.15-16.29.42:819][  0]LogTemp: Display: Module 'AndroidTargetPlatform' loaded TargetPlatform 'Android_PVRTC'
[2020.05.15-16.29.42:819][  0]LogTemp: Display: Module 'AndroidTargetPlatform' loaded TargetPlatform 'AndroidClient'
[2020.05.15-16.29.42:819][  0]LogTemp: Display: Module 'AndroidTargetPlatform' loaded TargetPlatform 'Android_ASTCClient'
[2020.05.15-16.29.42:819][  0]LogTemp: Display: Module 'AndroidTargetPlatform' loaded TargetPlatform 'Android_ATCClient'
[2020.05.15-16.29.42:819][  0]LogTemp: Display: Module 'AndroidTargetPlatform' loaded TargetPlatform 'Android_DXTClient'
[2020.05.15-16.29.42:819][  0]LogTemp: Display: Module 'AndroidTargetPlatform' loaded TargetPlatform 'Android_ETC1Client'
[2020.05.15-16.29.42:819][  0]LogTemp: Display: Module 'AndroidTargetPlatform' loaded TargetPlatform 'Android_ETC1aClient'
[2020.05.15-16.29.42:819][  0]LogTemp: Display: Module 'AndroidTargetPlatform' loaded TargetPlatform 'Android_ETC2Client'
[2020.05.15-16.29.42:819][  0]LogTemp: Display: Module 'AndroidTargetPlatform' loaded TargetPlatform 'Android_PVRTCClient'
[2020.05.15-16.29.42:819][  0]LogTemp: Display: Module 'AndroidTargetPlatform' loaded TargetPlatform 'Android_Multi'
[2020.05.15-16.29.42:819][  0]LogTemp: Display: Module 'AndroidTargetPlatform' loaded TargetPlatform 'Android_MultiClient'
[2020.05.15-16.29.42:820][  0]LogTemp: Display: Module 'HTML5TargetPlatform' loaded TargetPlatform 'HTML5'
[2020.05.15-16.29.42:862][  0]LogTemp: Display: Module 'IOSTargetPlatform' loaded TargetPlatform 'IOSClient'
[2020.05.15-16.29.42:862][  0]LogTemp: Display: Module 'IOSTargetPlatform' loaded TargetPlatform 'IOS'
[2020.05.15-16.29.42:882][  0]LogTemp: Display: Module 'TVOSTargetPlatform' loaded TargetPlatform 'TVOSClient'
[2020.05.15-16.29.42:882][  0]LogTemp: Display: Module 'TVOSTargetPlatform' loaded TargetPlatform 'TVOS'
[2020.05.15-16.29.42:893][  0]LogTemp: Display: Module 'LinuxClientTargetPlatform' loaded TargetPlatform 'LinuxClient'
[2020.05.15-16.29.42:903][  0]LogTemp: Display: Module 'LinuxNoEditorTargetPlatform' loaded TargetPlatform 'LinuxNoEditor'
[2020.05.15-16.29.42:912][  0]LogTemp: Display: Module 'LinuxServerTargetPlatform' loaded TargetPlatform 'LinuxServer'
[2020.05.15-16.29.42:922][  0]LogTemp: Display: Module 'LinuxTargetPlatform' loaded TargetPlatform 'Linux'
[2020.05.15-16.29.42:956][  0]LogTemp: Display: Module 'LuminTargetPlatform' loaded TargetPlatform 'Lumin'
[2020.05.15-16.29.42:956][  0]LogTemp: Display: Module 'LuminTargetPlatform' loaded TargetPlatform 'LuminClient'
[2020.05.15-16.29.42:956][  0]LogTargetPlatformManager: Display: Building Assets For Windows
[2020.05.15-16.29.42:961][  0]LogAudioDebug: Display: Lib vorbis DLL was dynamically loaded.
[2020.05.15-16.29.42:987][  0]LogShaderCompilers: Guid format shader working directory is 4 characters bigger than the processId version (../../../../../Unreal Projects/ProjectBee/Intermediate/Shaders/WorkingDirectory/16712/).
[2020.05.15-16.29.42:988][  0]LogShaderCompilers: Cleaned the shader compiler working directory 'C:/Users/samfa/AppData/Local/Temp/UnrealShaderWorkingDir/410195A44B9A432E8B7EAFACEE602989/'.
[2020.05.15-16.29.42:988][  0]LogXGEController: Cleaning working directory: C:/Users/samfa/AppData/Local/Temp/UnrealXGEWorkingDir/
[2020.05.15-16.29.42:989][  0]LogXGEController: Cannot use XGE Controller as Incredibuild is not installed on this machine.
[2020.05.15-16.29.42:989][  0]LogShaderCompilers: Cannot use XGE Shader Compiler as Incredibuild is not installed on this machine.
[2020.05.15-16.29.42:989][  0]LogShaderCompilers: Display: Using Local Shader Compiler.
[2020.05.15-16.29.43:419][  0]LogDerivedDataCache: Display: Max Cache Size: 512 MB
[2020.05.15-16.29.43:455][  0]LogDerivedDataCache: Loaded boot cache 0.04s 71MB C:/Users/samfa/AppData/Local/UnrealEngine/4.22/DerivedDataCache/Boot.ddc.
[2020.05.15-16.29.43:455][  0]LogDerivedDataCache: Display: Loaded Boot cache: C:/Users/samfa/AppData/Local/UnrealEngine/4.22/DerivedDataCache/Boot.ddc
[2020.05.15-16.29.43:455][  0]LogDerivedDataCache: FDerivedDataBackendGraph:  Pak pak cache file ../../../../../Unreal Projects/ProjectBee/DerivedDataCache/DDC.ddp not found, will not use a pak cache.
[2020.05.15-16.29.43:455][  0]LogDerivedDataCache: Unable to find inner node Pak for hierarchical cache Hierarchy.
[2020.05.15-16.29.43:455][  0]LogDerivedDataCache: FDerivedDataBackendGraph:  CompressedPak pak cache file ../../../../../Unreal Projects/ProjectBee/DerivedDataCache/Compressed.ddp not found, will not use a pak cache.
[2020.05.15-16.29.43:455][  0]LogDerivedDataCache: Unable to find inner node CompressedPak for hierarchical cache Hierarchy.
[2020.05.15-16.29.43:464][  0]LogDerivedDataCache: Display: Pak cache opened for reading ../../../Engine/DerivedDataCache/Compressed.ddp.
[2020.05.15-16.29.43:464][  0]LogDerivedDataCache: FDerivedDataBackendGraph:  EnterprisePak pak cache file ../../../Enterprise/DerivedDataCache/Compressed.ddp not found, will not use a pak cache.
[2020.05.15-16.29.43:464][  0]LogDerivedDataCache: Unable to find inner node EnterprisePak for hierarchical cache Hierarchy.
[2020.05.15-16.29.43:476][  0]LogDerivedDataCache: Using Local data cache path C:/Users/samfa/AppData/Local/UnrealEngine/Common/DerivedDataCache: Writable
[2020.05.15-16.29.43:476][  0]LogDerivedDataCache: Shared data cache path not found in *engine.ini, will not use an Shared cache.
[2020.05.15-16.29.43:476][  0]LogDerivedDataCache: Unable to find inner node Shared for hierarchical cache Hierarchy.
[2020.05.15-16.29.43:493][  0]LogMaterial: Verifying Global Shaders for PCD3D_SM5
[2020.05.15-16.29.43:494][  0]LogSlate: Using FreeType 2.6.0
[2020.05.15-16.29.43:494][  0]LogSlate: SlateFontServices - WITH_FREETYPE: 1, WITH_HARFBUZZ: 1
[2020.05.15-16.29.43:564][  0]LogAssetRegistry: FAssetRegistry took 0.0342 seconds to start up
[2020.05.15-16.29.43:805][  0]LogInit: Selected Device Profile: [Windows]
[2020.05.15-16.29.43:902][  0]LogMeshReduction: Using QuadricMeshReduction for automatic static mesh reduction
[2020.05.15-16.29.43:902][  0]LogMeshReduction: Using SimplygonMeshReduction for automatic skeletal mesh reduction
[2020.05.15-16.29.43:902][  0]LogMeshReduction: Using ProxyLODMeshReduction for automatic mesh merging
[2020.05.15-16.29.43:902][  0]LogMeshReduction: No distributed automatic mesh merging module available
[2020.05.15-16.29.43:902][  0]LogMeshMerging: No distributed automatic mesh merging module available
[2020.05.15-16.29.43:912][  0]LogNetVersion: ProjectBee 1.0.0, NetCL: 5660361, EngineNetVer: 10, GameNetVer: 0 (Checksum: 2863724400)
[2020.05.15-16.29.44:194][  0]LogPackageLocalizationCache: Processed 10 localized package path(s) for 1 prioritized culture(s) in 0.025934 seconds
[2020.05.15-16.29.44:200][  0]LogUObjectArray: 42205 objects as part of root set at end of initial load.
[2020.05.15-16.29.44:200][  0]LogUObjectAllocator: 7325032 out of 0 bytes used by permanent object pool.
[2020.05.15-16.29.44:200][  0]LogUObjectArray: CloseDisregardForGC: 0/0 objects in disregard for GC pool
[2020.05.15-16.29.44:765][  0]LogTcpMessaging: Initializing TcpMessaging bridge
[2020.05.15-16.29.44:778][  0]LogUdpMessaging: Initializing bridge on interface 0.0.0.0:0 to multicast group 230.0.0.1:6666.
[2020.05.15-16.29.44:864][  0]SourceControl: Source control is disabled
[2020.05.15-16.29.44:864][  0]SourceControl: Source control is disabled
[2020.05.15-16.29.44:864][  0]SourceControl: Source control is disabled
[2020.05.15-16.29.44:865][  0]SourceControl: Source control is disabled
[2020.05.15-16.29.44:910][  0]LogAndroidPermission: UAndroidPermissionCallbackProxy::GetInstance
[2020.05.15-16.29.45:061][  0]LogOcInput: OculusInput pre-init called
[2020.05.15-16.29.45:561][  0]LogEngine: Initializing Engine...
[2020.05.15-16.29.45:561][  0]LogHMD: Failed to initialize OpenVR with code 110
[2020.05.15-16.29.45:562][  0]LogStats: UGameplayTagsManager::InitializeManager -  0.000 s
[2020.05.15-16.29.45:715][  0]LogInit: Initializing FReadOnlyCVARCache
[2020.05.15-16.29.45:722][  0]LogAIModule: Creating AISystem for world Untitled
[2020.05.15-16.29.45:787][  0]LogInit: XAudio2 using 'Realtek Digital Output (Realtek High Definition Audio)' : 2 channels at 48 kHz using 16 bits per sample (channel mask 0x3)
[2020.05.15-16.29.45:806][  0]LogInit: FAudioDevice initialized.
[2020.05.15-16.29.45:806][  0]LogNetVersion: Set ProjectVersion to 1.0.0.0. Version Checksum will be recalculated on next use.
[2020.05.15-16.29.45:837][  0]LogDerivedDataCache: Saved boot cache 0.03s 71MB C:/Users/samfa/AppData/Local/UnrealEngine/4.22/DerivedDataCache/Boot.ddc.
[2020.05.15-16.29.45:843][  0]LogInit: Texture streaming: Enabled
[2020.05.15-16.29.45:853][  0]LogEngineSessionManager: EngineSessionManager initialized
[2020.05.15-16.29.45:853][  0]LogEngineSessionManager: EngineSessionManager sent abnormal shutdown report. Type=Crashed, SessionId={01DB2D3C-4E10-6A5B-DBBC-2FAC5D8E4FFF}
[2020.05.15-16.29.45:866][  0]LogInit: Transaction tracking system initialized
[2020.05.15-16.29.45:878][  0]BlueprintLog: New page: Editor Load
[2020.05.15-16.29.45:919][  0]LocalizationService: Localization service is disabled
[2020.05.15-16.29.46:120][  0]LogFileCache: Scanning file cache for directory 'S:/Unreal Projects/ProjectBee/Content/' took 0.01s
[2020.05.15-16.29.46:120][  0]LogCook: Display: Max memory allowance for cook 16384mb min free memory 0mb
[2020.05.15-16.29.46:120][  0]LogCook: Display: Mobile HDR setting 1
[2020.05.15-16.29.46:226][  0]SourceControl: Source control is disabled
[2020.05.15-16.29.46:302][  0]LogSlate: Took 0.000110 seconds to synchronously load lazily loaded font '../../../Engine/Content/Slate/Fonts/Roboto-Regular.ttf' (155K)
[2020.05.15-16.29.49:428][  0]LogSlate: Window 'Restore Packages' being destroyed
[2020.05.15-16.29.49:429][  0]LogWindowsTextInputMethodSystem: Display: IME system now deactivated.
[2020.05.15-16.29.49:443][  0]LogWindowsTextInputMethodSystem: Display: IME system now deactivated.
[2020.05.15-16.29.49:444][  0]Cmd: MAP LOAD FILE="../../../../../Unreal Projects/ProjectBee/Content/Levels/DemoLevel.umap" TEMPLATE=0 SHOWPROGRESS=1 FEATURELEVEL=3
[2020.05.15-16.29.49:444][  0]LogEditorServer: Warning: Can't find file '../../../../../Unreal Projects/ProjectBee/Content/Levels/DemoLevel.umap'
[2020.05.15-16.29.49:444][  0]Cmd: MAP CHECKDEP NOCLEARLOG
[2020.05.15-16.29.49:444][  0]MapCheck: Map check complete: 0 Error(s), 0 Warning(s), took 0.089ms to complete.
[2020.05.15-16.29.49:444][  0]LogFileHelpers: Loading map 'DemoLevel' took 0.000
[2020.05.15-16.29.50:272][  0]LogSlate: Only BGRA pngs, bmps or icos are supported in by External Image Picker
[2020.05.15-16.29.50:317][  0]LogSlate: Updating window title bar state: overlay mode, drag disabled, window buttons hidden, title bar hidden
[2020.05.15-16.29.50:323][  0]LogSlate: Updating window title bar state: overlay mode, drag disabled, window buttons hidden, title bar hidden
[2020.05.15-16.29.50:329][  0]LogSlate: Updating window title bar state: overlay mode, drag disabled, window buttons hidden, title bar hidden
[2020.05.15-16.29.50:335][  0]LogSlate: Updating window title bar state: overlay mode, drag disabled, window buttons hidden, title bar hidden
[2020.05.15-16.29.50:338][  0]LogCollectionManager: Loaded 0 collections in 0.000636 seconds
[2020.05.15-16.29.50:351][  0]LogFileCache: Scanning file cache for directory 'S:/Unreal Projects/ProjectBee/Saved/Collections/' took 0.01s
[2020.05.15-16.29.50:351][  0]LogFileCache: Scanning file cache for directory 'S:/Unreal Projects/ProjectBee/Content/Developers/samfa/Collections/' took 0.00s
[2020.05.15-16.29.50:351][  0]LogFileCache: Scanning file cache for directory 'S:/Unreal Projects/ProjectBee/Content/Collections/' took 0.00s
[2020.05.15-16.29.50:351][  0]LogCollectionManager: Rebuilt the GUID cache for 0 collections in 0.000000 seconds
[2020.05.15-16.29.50:358][  0]LogContentBrowser: Native class hierarchy populated in 0.0065 seconds. Added 2732 classes and 659 folders.
[2020.05.15-16.29.50:362][  0]LogContentBrowser: Native class hierarchy updated for 'WidgetCarousel' in 0.0002 seconds. Added 0 classes and 0 folders.
[2020.05.15-16.29.50:363][  0]LogPakFile: Registered encryption key '00000000000000000000000000000000': 0 pak files mounted, 0 remain pending
[2020.05.15-16.29.50:363][  0]LogPakFile: Registered encryption key '00000000000000000000000000000000': 0 pak files mounted, 0 remain pending
[2020.05.15-16.29.50:363][  0]LogPakFile: Registered encryption key '00000000000000000000000000000000': 0 pak files mounted, 0 remain pending
[2020.05.15-16.29.50:364][  0]LogPakFile: Registered encryption key '00000000000000000000000000000000': 0 pak files mounted, 0 remain pending
[2020.05.15-16.29.50:364][  0]LogPakFile: Registered encryption key '00000000000000000000000000000000': 0 pak files mounted, 0 remain pending
[2020.05.15-16.29.50:364][  0]LogPakFile: Registered encryption key '00000000000000000000000000000000': 0 pak files mounted, 0 remain pending
[2020.05.15-16.29.50:364][  0]LogPakFile: Registered encryption key '00000000000000000000000000000000': 0 pak files mounted, 0 remain pending
[2020.05.15-16.29.50:365][  0]LogPakFile: Registered encryption key '00000000000000000000000000000000': 0 pak files mounted, 0 remain pending
[2020.05.15-16.29.50:365][  0]LogPakFile: Registered encryption key '00000000000000000000000000000000': 0 pak files mounted, 0 remain pending
[2020.05.15-16.29.50:365][  0]LogPakFile: Registered encryption key '00000000000000000000000000000000': 0 pak files mounted, 0 remain pending
[2020.05.15-16.29.50:366][  0]LogPakFile: Registered encryption key '00000000000000000000000000000000': 0 pak files mounted, 0 remain pending
[2020.05.15-16.29.50:366][  0]LogPakFile: Registered encryption key '00000000000000000000000000000000': 0 pak files mounted, 0 remain pending
[2020.05.15-16.29.50:366][  0]LogPakFile: Registered encryption key '00000000000000000000000000000000': 0 pak files mounted, 0 remain pending
[2020.05.15-16.29.50:366][  0]LogPakFile: Registered encryption key '00000000000000000000000000000000': 0 pak files mounted, 0 remain pending
[2020.05.15-16.29.50:367][  0]LogPakFile: Registered encryption key '00000000000000000000000000000000': 0 pak files mounted, 0 remain pending
[2020.05.15-16.29.50:367][  0]LogPakFile: Registered encryption key '00000000000000000000000000000000': 0 pak files mounted, 0 remain pending
[2020.05.15-16.29.50:367][  0]LogPakFile: Registered encryption key '00000000000000000000000000000000': 0 pak files mounted, 0 remain pending
[2020.05.15-16.29.50:368][  0]LogPakFile: Registered encryption key '00000000000000000000000000000000': 0 pak files mounted, 0 remain pending
[2020.05.15-16.29.50:368][  0]LogPakFile: Registered encryption key '00000000000000000000000000000000': 0 pak files mounted, 0 remain pending
[2020.05.15-16.29.50:368][  0]LogPakFile: Registered encryption key '00000000000000000000000000000000': 0 pak files mounted, 0 remain pending
[2020.05.15-16.29.50:368][  0]LogPakFile: Registered encryption key '00000000000000000000000000000000': 0 pak files mounted, 0 remain pending
[2020.05.15-16.29.50:369][  0]LogPakFile: Registered encryption key '00000000000000000000000000000000': 0 pak files mounted, 0 remain pending
[2020.05.15-16.29.50:369][  0]LogPakFile: Registered encryption key '00000000000000000000000000000000': 0 pak files mounted, 0 remain pending
[2020.05.15-16.29.50:369][  0]LogPakFile: Registered encryption key '00000000000000000000000000000000': 0 pak files mounted, 0 remain pending
[2020.05.15-16.29.50:370][  0]LogPakFile: Registered encryption key '00000000000000000000000000000000': 0 pak files mounted, 0 remain pending
[2020.05.15-16.29.50:370][  0]LogPakFile: Registered encryption key '00000000000000000000000000000000': 0 pak files mounted, 0 remain pending
[2020.05.15-16.29.50:384][  0]LogContentBrowser: Native class hierarchy updated for 'AddContentDialog' in 0.0002 seconds. Added 0 classes and 0 folders.
[2020.05.15-16.29.50:388][  0]LogContentBrowser: Native class hierarchy updated for 'SceneOutliner' in 0.0002 seconds. Added 1 classes and 2 folders.
[2020.05.15-16.29.50:427][  0]LogContentBrowser: Native class hierarchy updated for 'WorldBrowser' in 0.0002 seconds. Added 2 classes and 3 folders.
[2020.05.15-16.29.50:436][  0]LogSlate: Took 0.000110 seconds to synchronously load lazily loaded font '../../../Engine/Content/Slate/Fonts/Roboto-Bold.ttf' (160K)
[2020.05.15-16.29.50:438][  0]LogSlate: Took 0.000095 seconds to synchronously load lazily loaded font '../../../Engine/Content/Editor/Slate/Fonts/FontAwesome.ttf' (139K)
[2020.05.15-16.29.50:466][  0]LogRenderer: Reallocating scene render targets to support 2044x996 Format 10 NumSamples 1 (Frame:1).
[2020.05.15-16.29.50:541][  0]LogContentBrowser: Native class hierarchy updated for 'HierarchicalLODOutliner' in 0.0002 seconds. Added 0 classes and 0 folders.
[2020.05.15-16.29.50:541][  0]LogLoad: (Engine Initialization) Total time: 9.90 seconds
[2020.05.15-16.29.50:541][  0]LogLoad: (Engine Initialization) Total Blueprint compile time: 0.00 seconds
[2020.05.15-16.29.50:664][  0]LogAssetRegistry: Asset discovery search completed in 7.1225 seconds
[2020.05.15-16.29.50:666][  0]LogCollectionManager: Rebuilt the object cache for 0 collections in 0.000000 seconds (found 0 objects)
[2020.05.15-16.29.50:666][  0]LogCollectionManager: Fixed up redirectors for 0 collections in 0.000037 seconds (updated 0 objects)
[2020.05.15-16.29.50:667][  0]LogContentStreaming: Texture pool size now 1000 MB
[2020.05.15-16.29.51:566][ 97]LogSlate: Took 0.000103 seconds to synchronously load lazily loaded font '../../../Engine/Content/Slate/Fonts/Roboto-Light.ttf' (167K)
[2020.05.15-16.29.53:423][320]LogSlate: FSceneViewport::OnFocusLost() reason 0
[2020.05.15-16.29.56:737][698]LogLinker: Warning: Can't find file '/Script/EnvironmentQueryEditor'
[2020.05.15-16.29.56:737][698]LogLinker: Warning: Can't find file for asset '/Script/EnvironmentQueryEditor' while loading NULL.
[2020.05.15-16.29.56:737][698]LogLinker: Warning: Can't find file '/Script/EnvironmentQueryEditor'
[2020.05.15-16.29.56:737][698]LogLinker: Warning: Can't find file for asset '/Script/EnvironmentQueryEditor' while loading NULL.
[2020.05.15-16.29.56:737][698]LogLinker: Warning: Can't find file '/Script/EnvironmentQueryEditor'
[2020.05.15-16.29.56:737][698]LogLinker: Warning: Can't find file for asset '/Script/EnvironmentQueryEditor' while loading NULL.
[2020.05.15-16.29.56:737][698]LogLinker: Warning: Can't find file '/Script/EnvironmentQueryEditor'
[2020.05.15-16.29.56:737][698]LogLinker: Warning: Can't find file for asset '/Script/EnvironmentQueryEditor' while loading NULL.
[2020.05.15-16.29.56:737][698]LogLinker: Warning: Can't find file '/Script/EnvironmentQueryEditor'
[2020.05.15-16.29.56:737][698]LogLinker: Warning: Can't find file for asset '/Script/EnvironmentQueryEditor' while loading NULL.
[2020.05.15-16.29.56:737][698]LogLinker: Warning: Can't find file '/Script/EnvironmentQueryEditor'
[2020.05.15-16.29.56:737][698]LogLinker: Warning: Can't find file for asset '/Script/EnvironmentQueryEditor' while loading NULL.
[2020.05.15-16.29.56:737][698]LogLinker: Warning: Can't find file '/Script/EnvironmentQueryEditor'
[2020.05.15-16.29.56:737][698]LogLinker: Warning: Can't find file for asset '/Script/EnvironmentQueryEditor' while loading NULL.
[2020.05.15-16.29.56:737][698]LogLinker: Warning: Can't find file '/Script/EnvironmentQueryEditor'
[2020.05.15-16.29.56:737][698]LogLinker: Warning: Can't find file for asset '/Script/EnvironmentQueryEditor' while loading NULL.
[2020.05.15-16.29.56:738][698]LogLinker: Warning: Can't find file '/Script/EnvironmentQueryEditor'
[2020.05.15-16.29.56:738][698]LogLinker: Warning: Can't find file for asset '/Script/EnvironmentQueryEditor' while loading NULL.
[2020.05.15-16.29.56:738][698]LogLinker: Warning: Can't find file '/Script/EnvironmentQueryEditor'
[2020.05.15-16.29.56:738][698]LogLinker: Warning: Can't find file for asset '/Script/EnvironmentQueryEditor' while loading NULL.
[2020.05.15-16.29.56:738][698]LogLinker: Warning: Can't find file '/Script/EnvironmentQueryEditor'
[2020.05.15-16.29.56:738][698]LogLinker: Warning: Can't find file for asset '/Script/EnvironmentQueryEditor' while loading NULL.
[2020.05.15-16.29.56:738][698]LogLinker: Warning: Can't find file '/Script/EnvironmentQueryEditor'
[2020.05.15-16.29.56:738][698]LogLinker: Warning: Can't find file for asset '/Script/EnvironmentQueryEditor' while loading NULL.
[2020.05.15-16.29.56:738][698]LogLinker: Warning: Can't find file '/Script/EnvironmentQueryEditor'
[2020.05.15-16.29.56:738][698]LogLinker: Warning: Can't find file for asset '/Script/EnvironmentQueryEditor' while loading NULL.
[2020.05.15-16.29.56:738][698]LogLinker: Warning: Can't find file '/Script/EnvironmentQueryEditor'
[2020.05.15-16.29.56:738][698]LogLinker: Warning: Can't find file for asset '/Script/EnvironmentQueryEditor' while loading NULL.
[2020.05.15-16.29.56:738][698]LogLinker: Warning: Can't find file '/Script/EnvironmentQueryEditor'
[2020.05.15-16.29.56:738][698]LogLinker: Warning: Can't find file for asset '/Script/EnvironmentQueryEditor' while loading NULL.
[2020.05.15-16.29.56:738][698]LogLinker: Warning: Can't find file '/Script/EnvironmentQueryEditor'
[2020.05.15-16.29.56:738][698]LogLinker: Warning: Can't find file for asset '/Script/EnvironmentQueryEditor' while loading NULL.
[2020.05.15-16.29.56:738][698]LogLinker: Warning: Can't find file '/Script/EnvironmentQueryEditor'
[2020.05.15-16.29.56:738][698]LogLinker: Warning: Can't find file for asset '/Script/EnvironmentQueryEditor' while loading NULL.
[2020.05.15-16.29.56:738][698]LogLinker: Warning: Can't find file '/Script/EnvironmentQueryEditor'
[2020.05.15-16.29.56:738][698]LogLinker: Warning: Can't find file for asset '/Script/EnvironmentQueryEditor' while loading NULL.
[2020.05.15-16.29.56:738][698]LogLinker: Warning: Can't find file '/Script/EnvironmentQueryEditor'
[2020.05.15-16.29.56:738][698]LogLinker: Warning: Can't find file for asset '/Script/EnvironmentQueryEditor' while loading NULL.
[2020.05.15-16.29.56:738][698]LogLinker: Warning: Can't find file '/Script/EnvironmentQueryEditor'
[2020.05.15-16.29.56:738][698]LogLinker: Warning: Can't find file for asset '/Script/EnvironmentQueryEditor' while loading NULL.
[2020.05.15-16.29.56:738][698]LogLinker: Warning: Can't find file '/Script/EnvironmentQueryEditor'
[2020.05.15-16.29.56:738][698]LogLinker: Warning: Can't find file for asset '/Script/EnvironmentQueryEditor' while loading NULL.
[2020.05.15-16.29.56:740][698]LogLinker: Warning: Can't find file '/Script/EnvironmentQueryEditor'
[2020.05.15-16.29.56:740][698]LogLinker: Warning: Can't find file for asset '/Script/EnvironmentQueryEditor' while loading NULL.
[2020.05.15-16.29.56:740][698]LogLinker: Warning: Can't find file '/Script/EnvironmentQueryEditor'
[2020.05.15-16.29.56:740][698]LogLinker: Warning: Can't find file for asset '/Script/EnvironmentQueryEditor' while loading NULL.
[2020.05.15-16.29.56:740][698]LogLinker: Warning: Can't find file '/Script/EnvironmentQueryEditor'
[2020.05.15-16.29.56:740][698]LogLinker: Warning: Can't find file for asset '/Script/EnvironmentQueryEditor' while loading NULL.
[2020.05.15-16.29.56:740][698]LogLinker: Warning: Can't find file '/Script/EnvironmentQueryEditor'
[2020.05.15-16.29.56:740][698]LogLinker: Warning: Can't find file for asset '/Script/EnvironmentQueryEditor' while loading NULL.
[2020.05.15-16.29.56:740][698]LogLinker: Warning: Can't find file '/Script/EnvironmentQueryEditor'
[2020.05.15-16.29.56:740][698]LogLinker: Warning: Can't find file for asset '/Script/EnvironmentQueryEditor' while loading NULL.
[2020.05.15-16.29.56:740][698]LogLinker: Warning: Can't find file '/Script/EnvironmentQueryEditor'
[2020.05.15-16.29.56:740][698]LogLinker: Warning: Can't find file for asset '/Script/EnvironmentQueryEditor' while loading NULL.
[2020.05.15-16.29.56:740][698]LogLinker: Warning: Can't find file '/Script/EnvironmentQueryEditor'
[2020.05.15-16.29.56:740][698]LogLinker: Warning: Can't find file for asset '/Script/EnvironmentQueryEditor' while loading NULL.
[2020.05.15-16.29.56:740][698]LogLinker: Warning: Can't find file '/Script/EnvironmentQueryEditor'
[2020.05.15-16.29.56:740][698]LogLinker: Warning: Can't find file for asset '/Script/EnvironmentQueryEditor' while loading NULL.
[2020.05.15-16.29.56:740][698]LogLinker: Warning: Can't find file '/Script/EnvironmentQueryEditor'
[2020.05.15-16.29.56:740][698]LogLinker: Warning: Can't find file for asset '/Script/EnvironmentQueryEditor' while loading NULL.
[2020.05.15-16.29.56:740][698]LogLinker: Warning: Can't find file '/Script/EnvironmentQueryEditor'
[2020.05.15-16.29.56:740][698]LogLinker: Warning: Can't find file for asset '/Script/EnvironmentQueryEditor' while loading NULL.
[2020.05.15-16.29.56:740][698]LogLinker: Warning: Can't find file '/Script/EnvironmentQueryEditor'
[2020.05.15-16.29.56:740][698]LogLinker: Warning: Can't find file for asset '/Script/EnvironmentQueryEditor' while loading NULL.
[2020.05.15-16.29.56:741][698]LogLinker: Warning: Can't find file '/Script/EnvironmentQueryEditor'
[2020.05.15-16.29.56:741][698]LogLinker: Warning: Can't find file for asset '/Script/EnvironmentQueryEditor' while loading NULL.
[2020.05.15-16.29.56:741][698]LogLinker: Warning: Can't find file '/Script/EnvironmentQueryEditor'
[2020.05.15-16.29.56:741][698]LogLinker: Warning: Can't find file for asset '/Script/EnvironmentQueryEditor' while loading NULL.
[2020.05.15-16.29.56:741][698]LogLinker: Warning: Can't find file '/Script/EnvironmentQueryEditor'
[2020.05.15-16.29.56:741][698]LogLinker: Warning: Can't find file for asset '/Script/EnvironmentQueryEditor' while loading NULL.
[2020.05.15-16.29.56:741][698]LogLinker: Warning: Can't find file '/Script/EnvironmentQueryEditor'
[2020.05.15-16.29.56:741][698]LogLinker: Warning: Can't find file for asset '/Script/EnvironmentQueryEditor' while loading NULL.
[2020.05.15-16.29.56:741][698]LogLinker: Warning: Can't find file '/Script/EnvironmentQueryEditor'
[2020.05.15-16.29.56:741][698]LogLinker: Warning: Can't find file for asset '/Script/EnvironmentQueryEditor' while loading NULL.
[2020.05.15-16.29.56:741][698]LogLinker: Warning: Can't find file '/Script/EnvironmentQueryEditor'
[2020.05.15-16.29.56:741][698]LogLinker: Warning: Can't find file for asset '/Script/EnvironmentQueryEditor' while loading NULL.
[2020.05.15-16.29.56:741][698]LogLinker: Warning: Can't find file '/Script/EnvironmentQueryEditor'
[2020.05.15-16.29.56:741][698]LogLinker: Warning: Can't find file for asset '/Script/EnvironmentQueryEditor' while loading NULL.
[2020.05.15-16.29.56:741][698]LogLinker: Warning: Can't find file '/Script/EnvironmentQueryEditor'
[2020.05.15-16.29.56:741][698]LogLinker: Warning: Can't find file for asset '/Script/EnvironmentQueryEditor' while loading NULL.
[2020.05.15-16.29.56:741][698]LogLinker: Warning: Can't find file '/Script/EnvironmentQueryEditor'
[2020.05.15-16.29.56:741][698]LogLinker: Warning: Can't find file for asset '/Script/EnvironmentQueryEditor' while loading NULL.
[2020.05.15-16.29.56:741][698]LogLinker: Warning: Can't find file '/Script/EnvironmentQueryEditor'
[2020.05.15-16.29.56:741][698]LogLinker: Warning: Can't find file for asset '/Script/EnvironmentQueryEditor' while loading NULL.
[2020.05.15-16.29.56:742][698]LogLinker: Warning: Can't find file '/Script/EnvironmentQueryEditor'
[2020.05.15-16.29.56:743][698]LogLinker: Warning: Can't find file for asset '/Script/EnvironmentQueryEditor' while loading NULL.
[2020.05.15-16.29.56:743][698]LogLinker: Warning: Can't find file '/Script/EnvironmentQueryEditor'
[2020.05.15-16.29.56:743][698]LogLinker: Warning: Can't find file for asset '/Script/EnvironmentQueryEditor' while loading NULL.
[2020.05.15-16.29.56:743][698]LogLinker: Warning: Can't find file '/Script/EnvironmentQueryEditor'
[2020.05.15-16.29.56:743][698]LogLinker: Warning: Can't find file for asset '/Script/EnvironmentQueryEditor' while loading NULL.
[2020.05.15-16.29.56:743][698]LogLinker: Warning: Can't find file '/Script/EnvironmentQueryEditor'
[2020.05.15-16.29.56:743][698]LogLinker: Warning: Can't find file for asset '/Script/EnvironmentQueryEditor' while loading NULL.
[2020.05.15-16.29.56:743][698]LogLinker: Warning: Can't find file '/Script/EnvironmentQueryEditor'
[2020.05.15-16.29.56:743][698]LogLinker: Warning: Can't find file for asset '/Script/EnvironmentQueryEditor' while loading NULL.
[2020.05.15-16.29.56:743][698]LogLinker: Warning: Can't find file '/Script/EnvironmentQueryEditor'
[2020.05.15-16.29.56:743][698]LogLinker: Warning: Can't find file for asset '/Script/EnvironmentQueryEditor' while loading NULL.
[2020.05.15-16.29.56:743][698]LogLinker: Warning: Can't find file '/Script/EnvironmentQueryEditor'
[2020.05.15-16.29.56:743][698]LogLinker: Warning: Can't find file for asset '/Script/EnvironmentQueryEditor' while loading NULL.
[2020.05.15-16.29.56:743][698]LogLinker: Warning: Can't find file '/Script/EnvironmentQueryEditor'
[2020.05.15-16.29.56:743][698]LogLinker: Warning: Can't find file for asset '/Script/EnvironmentQueryEditor' while loading NULL.
[2020.05.15-16.29.56:743][698]LogLinker: Warning: Can't find file '/Script/EnvironmentQueryEditor'
[2020.05.15-16.29.56:743][698]LogLinker: Warning: Can't find file for asset '/Script/EnvironmentQueryEditor' while loading NULL.
[2020.05.15-16.29.56:743][698]LogLinker: Warning: Can't find file '/Script/EnvironmentQueryEditor'
[2020.05.15-16.29.56:743][698]LogLinker: Warning: Can't find file for asset '/Script/EnvironmentQueryEditor' while loading NULL.
[2020.05.15-16.29.56:743][698]LogLinker: Warning: Can't find file '/Script/EnvironmentQueryEditor'
[2020.05.15-16.29.56:743][698]LogLinker: Warning: Can't find file for asset '/Script/EnvironmentQueryEditor' while loading NULL.
[2020.05.15-16.29.56:743][698]LogLinker: Warning: Can't find file '/Script/EnvironmentQueryEditor'
[2020.05.15-16.29.56:743][698]LogLinker: Warning: Can't find file for asset '/Script/EnvironmentQueryEditor' while loading NULL.
[2020.05.15-16.29.56:743][698]LogLinker: Warning: Can't find file '/Script/EnvironmentQueryEditor'
[2020.05.15-16.29.56:743][698]LogLinker: Warning: Can't find file for asset '/Script/EnvironmentQueryEditor' while loading NULL.
[2020.05.15-16.29.56:743][698]LogLinker: Warning: Can't find file '/Script/EnvironmentQueryEditor'
[2020.05.15-16.29.56:743][698]LogLinker: Warning: Can't find file for asset '/Script/EnvironmentQueryEditor' while loading NULL.
[2020.05.15-16.29.56:743][698]LogLinker: Warning: Can't find file '/Script/EnvironmentQueryEditor'
[2020.05.15-16.29.56:743][698]LogLinker: Warning: Can't find file for asset '/Script/EnvironmentQueryEditor' while loading NULL.
[2020.05.15-16.29.56:857][698]LogBlueprint: Error: [Compiler QuestManager] Create Event  : missing a function/event name.
[2020.05.15-16.29.56:857][698]LogBlueprint: Error: [Compiler QuestManager] Failed to create property K2Node_CreateDelegate_OutputDelegate from  <None>  due to a bad or unknown type (Delegate)
[2020.05.15-16.29.56:857][698]LogBlueprint: Error: [Compiler QuestManager] Create Event  Signature Error: No function/event specified.
[2020.05.15-16.29.56:913][698]LogBlueprint: Warning: [Compiler QuestManager] [0016.27] Compile of QuestManager failed. 3 Fatal Issue(s) 0 Warning(s) [in 166 ms] (/Game/Blueprints/QuestSystem/QuestManager.QuestManager)
[2020.05.15-16.29.57:081][698]LogAssetEditorManager: Opening Asset editor for Blueprint /Game/Blueprints/QuestSystem/BP_QuestActor_Base.BP_QuestActor_Base
[2020.05.15-16.29.57:249][698]LogContentBrowser: Native class hierarchy updated for 'BlueprintGraph' in 0.0004 seconds. Added 121 classes and 0 folders.
[2020.05.15-16.29.57:904][698]LogSlate: Took 0.000122 seconds to synchronously load lazily loaded font '../../../Engine/Content/Slate/Fonts/Roboto-BoldCondensed.ttf' (158K)
[2020.05.15-16.29.57:937][699]LogSlate: Took 0.000133 seconds to synchronously load lazily loaded font '../../../Engine/Content/Slate/Fonts/Roboto-Italic.ttf' (157K)
[2020.05.15-16.30.03:161][322]LogAssetEditorManager: Opening Asset editor for Blueprint /Game/Blueprints/Character/BeeCharacter_BP.BeeCharacter_BP
[2020.05.15-16.30.04:563][393]LogAssetEditorManager: Opening Asset editor for Blueprint /Game/Blueprints/QuestSystem/QuestManager.QuestManager
[2020.05.15-16.30.10:017][868]LogSlate: Window 'BeeCharacter_BP' being destroyed
[2020.05.15-16.30.11:611][ 58]BlueprintLog: New page: Compile QuestManager
[2020.05.15-16.30.11:637][ 58]LogBlueprint: Error: [Compiler QuestManager] Create Event  : missing a function/event name.
[2020.05.15-16.30.11:638][ 58]LogBlueprint: Error: [Compiler QuestManager] Failed to create property K2Node_CreateDelegate_OutputDelegate from  <None>  due to a bad or unknown type (Delegate)
[2020.05.15-16.30.11:638][ 58]LogBlueprint: Error: [Compiler QuestManager] Create Event  Signature Error: No function/event specified.
[2020.05.15-16.30.11:789][ 58]LogUObjectHash: Compacting FUObjectHashTables data took   2.93ms
[2020.05.15-16.30.11:815][ 58]LogBlueprint: Warning: [Compiler QuestManager] [0031.17] Compile of QuestManager failed. 3 Fatal Issue(s) 0 Warning(s) [in 204 ms] (/Game/Blueprints/QuestSystem/QuestManager.QuestManager)
[2020.05.15-16.30.14:767][404]BlueprintLog: New page: Compile QuestManager
[2020.05.15-16.30.14:914][404]LogUObjectHash: Compacting FUObjectHashTables data took   2.58ms
[2020.05.15-16.30.26:307][640]LogAIModule: Creating AISystem for world DemoLevel
[2020.05.15-16.30.26:439][640]LogAssetEditorManager: Opening Asset editor for World /Game/Levels/ShowOff/DemoLevel.DemoLevel
[2020.05.15-16.30.26:568][640]LogUObjectHash: Compacting FUObjectHashTables data took   3.14ms
[2020.05.15-16.30.27:717][640]LogSlate: Window 'Save Content' being destroyed
[2020.05.15-16.30.27:723][640]Cmd: OBJ SAVEPACKAGE PACKAGE="/Game/Blueprints/QuestSystem/QuestManager" FILE="../../../../../Unreal Projects/ProjectBee/Content/Blueprints/QuestSystem/QuestManager.uasset" SILENT=true
[2020.05.15-16.30.27:760][640]LogSavePackage: Moving '../../../../../Unreal Projects/ProjectBee/Saved/QuestManager106C0E1C4DF722E859F446BB1347A15A.tmp' to '../../../../../Unreal Projects/ProjectBee/Content/Blueprints/QuestSystem/QuestManager.uasset'
[2020.05.15-16.30.27:762][640]Cmd: MAP LOAD FILE="../../../../../Unreal Projects/ProjectBee/Content/Levels/ShowOff/DemoLevel.umap" TEMPLATE=0 SHOWPROGRESS=1 FEATURELEVEL=3
[2020.05.15-16.30.27:762][640]LightingResults: New page: Lighting Build
[2020.05.15-16.30.27:763][640]LogBlueprintActionDatabase: Requesting refresh due to module change: StatsViewer (loaded)
[2020.05.15-16.30.27:763][640]LogContentBrowser: Native class hierarchy updated for 'StatsViewer' in 0.0002 seconds. Added 5 classes and 0 folders.
[2020.05.15-16.30.27:764][640]LoadErrors: New page: Loading map: DemoLevel.umap
[2020.05.15-16.30.27:764][640]MapCheck: New page: Map Check
[2020.05.15-16.30.27:764][640]LightingResults: New page: Lighting Build
[2020.05.15-16.30.27:796][640]LogUObjectHash: Compacting FUObjectHashTables data took   1.99ms
[2020.05.15-16.30.28:080][640]LogEditorServer: Finished looking for orphan Actors (0.000 secs)
[2020.05.15-16.30.28:222][640]LogUObjectHash: Compacting FUObjectHashTables data took   2.00ms
[2020.05.15-16.30.28:242][640]Cmd: MAP CHECKDEP NOCLEARLOG
[2020.05.15-16.30.28:243][640]MapCheck: Map check complete: 0 Error(s), 0 Warning(s), took 0.459ms to complete.
[2020.05.15-16.30.28:243][640]LogFileHelpers: Loading map 'DemoLevel' took 0.481
[2020.05.15-16.30.31:430][827]LogEditorViewport: Clicking on Actor (LMB): MultiObjectiveQuest_C (MultiObjectiveQuest)
[2020.05.15-16.30.33:078][954]LogSlate: FSceneViewport::OnFocusLost() reason 0
[2020.05.15-16.30.37:131][349]LogTemp: Repeating last play command: Selected Viewport
[2020.05.15-16.30.37:156][349]LogBlueprintUserMessages: Early PlayInEditor Detection: Level '/Game/Levels/ShowOff/DemoLevel.DemoLevel:PersistentLevel' has LevelScriptBlueprint '/Game/Levels/ShowOff/DemoLevel.DemoLevel:PersistentLevel.DemoLevel' with GeneratedClass '/Game/Levels/ShowOff/DemoLevel.DemoLevel_C' with ClassGeneratedBy '/Game/Levels/ShowOff/DemoLevel.DemoLevel:PersistentLevel.DemoLevel'
[2020.05.15-16.30.37:156][349]LogPlayLevel: PlayLevel: No blueprints needed recompiling
[2020.05.15-16.30.37:156][349]PIE: New page: PIE session: DemoLevel (15 May 2020 18:30:37)
[2020.05.15-16.30.37:174][349]LogPlayLevel: Creating play world package: /Game/Levels/ShowOff/UEDPIE_0_DemoLevel
[2020.05.15-16.30.37:335][349]LogPlayLevel: PIE: StaticDuplicateObject took: (0.161046s)
[2020.05.15-16.30.37:336][349]LogAIModule: Creating AISystem for world DemoLevel
[2020.05.15-16.30.37:336][349]LogPlayLevel: PIE: World Init took: (0.000444s)
[2020.05.15-16.30.37:337][349]LogPlayLevel: PIE: Created PIE world by copying editor world from /Game/Levels/ShowOff/DemoLevel.DemoLevel to /Game/Levels/ShowOff/UEDPIE_0_DemoLevel.DemoLevel (0.162255s)
[2020.05.15-16.30.37:388][349]LogUObjectHash: Compacting FUObjectHashTables data took   4.82ms
[2020.05.15-16.30.37:439][349]LogInit: XAudio2 using 'Realtek Digital Output (Realtek High Definition Audio)' : 2 channels at 48 kHz using 16 bits per sample (channel mask 0x3)
[2020.05.15-16.30.37:453][349]LogInit: FAudioDevice initialized.
[2020.05.15-16.30.37:493][349]LogLoad: Game class is 'GM_Bee_C'
[2020.05.15-16.30.37:550][349]LogWorld: Bringing World /Game/Levels/ShowOff/UEDPIE_0_DemoLevel.DemoLevel up for play (max tick rate 0) at 2020.05.15-17.30.37
[2020.05.15-16.30.37:557][349]LogWorld: Bringing up level for play took: 0.062634
[2020.05.15-16.30.37:570][349]LogBlueprintActionDatabase: Requesting refresh due to module change: Voice (loaded)
[2020.05.15-16.30.37:571][349]LogBlueprintActionDatabase: Requesting refresh due to module change: MovieSceneCapture (loaded)
[2020.05.15-16.30.37:571][349]LogContentBrowser: Native class hierarchy updated for 'MovieSceneCapture' in 0.0002 seconds. Added 20 classes and 0 folders.
[2020.05.15-16.30.37:577][349]LogBlueprintUserMessages: [GM_Bee_C_0] Loaded
[2020.05.15-16.30.37:577][349]LogBlueprintUserMessages: [GM_Bee_C_0] Pens
[2020.05.15-16.30.37:579][349]LogBlueprintUserMessages: [GM_Bee_C_0] SaveGameExists
[2020.05.15-16.30.37:579][349]PIE: Play in editor start time for /Game/Levels/ShowOff/UEDPIE_0_DemoLevel 1.404
[2020.05.15-16.30.37:579][349]LogBlueprintUserMessages: Late PlayInEditor Detection: Level '/Game/Levels/ShowOff/DemoLevel.DemoLevel:PersistentLevel' has LevelScriptBlueprint '/Game/Levels/ShowOff/DemoLevel.DemoLevel:PersistentLevel.DemoLevel' with GeneratedClass '/Game/Levels/ShowOff/DemoLevel.DemoLevel_C' with ClassGeneratedBy '/Game/Levels/ShowOff/DemoLevel.DemoLevel:PersistentLevel.DemoLevel'
[2020.05.15-16.30.42:129][859]LogBlueprintUserMessages: [MultiObjectiveQuest_2] location started
[2020.05.15-16.30.46:295][359]LogBlueprintUserMessages: [MultiObjectiveQuest_2] Objective complete
[2020.05.15-16.30.46:295][359]LogBlueprintUserMessages: [MultiObjectiveQuest_2] sting started
[2020.05.15-16.30.49:779][777]LogBlueprintUserMessages: Early EndPlayMap Detection: Level '/Game/Levels/ShowOff/DemoLevel.DemoLevel:PersistentLevel' has LevelScriptBlueprint '/Game/Levels/ShowOff/DemoLevel.DemoLevel:PersistentLevel.DemoLevel' with GeneratedClass '/Game/Levels/ShowOff/DemoLevel.DemoLevel_C' with ClassGeneratedBy '/Game/Levels/ShowOff/DemoLevel.DemoLevel:PersistentLevel.DemoLevel'
[2020.05.15-16.30.49:779][777]LogSlate: Updating window title bar state: overlay mode, drag disabled, window buttons hidden, title bar hidden
[2020.05.15-16.30.49:829][777]LogPlayLevel: Display: Shutting down PIE online subsystems
[2020.05.15-16.30.49:830][777]LogBlueprintUserMessages: Late EndPlayMap Detection: Level '/Game/Levels/ShowOff/DemoLevel.DemoLevel:PersistentLevel' has LevelScriptBlueprint '/Game/Levels/ShowOff/DemoLevel.DemoLevel:PersistentLevel.DemoLevel' with GeneratedClass '/Game/Levels/ShowOff/DemoLevel.DemoLevel_C' with ClassGeneratedBy '/Game/Levels/ShowOff/DemoLevel.DemoLevel:PersistentLevel.DemoLevel'
[2020.05.15-16.30.49:885][777]LogSlate: Updating window title bar state: overlay mode, drag disabled, window buttons hidden, title bar hidden
[2020.05.15-16.30.49:922][777]LogUObjectHash: Compacting FUObjectHashTables data took   4.76ms
[2020.05.15-16.30.49:962][778]LogPlayLevel: Display: Destroying online subsystem :Context_6
[2020.05.15-16.30.50:611][835]LogSlate: FSceneViewport::OnFocusLost() reason 0
[2020.05.15-16.30.51:749][967]Cmd: OBJ SAVEPACKAGE PACKAGE="/Game/Blueprints/QuestSystem/BP_QuestActor_Base" FILE="../../../../../Unreal Projects/ProjectBee/Content/Blueprints/QuestSystem/BP_QuestActor_Base.uasset" SILENT=true
[2020.05.15-16.30.51:860][967]LogSavePackage: Moving '../../../../../Unreal Projects/ProjectBee/Saved/BP_QuestActor_BaseD86AEAD94EB053FAC0598EAC9D21B492.tmp' to '../../../../../Unreal Projects/ProjectBee/Content/Blueprints/QuestSystem/BP_QuestActor_Base.uasset'
[2020.05.15-16.30.56:113][472]LogAssetEditorManager: Opening Asset editor for WidgetBlueprint /Game/Widgets/W_todoList.W_todoList
[2020.05.15-16.30.56:435][472]LogBlueprintActionDatabase: Requesting refresh due to module change: SequencerWidgets (loaded)
[2020.05.15-16.31.10:689][127]Cmd: OBJ SAVEPACKAGE PACKAGE="/Game/Blueprints/QuestSystem/QuestManager" FILE="../../../../../Unreal Projects/ProjectBee/Content/Blueprints/QuestSystem/QuestManager.uasset" SILENT=true
[2020.05.15-16.31.10:713][127]LogSavePackage: Moving '../../../../../Unreal Projects/ProjectBee/Saved/QuestManager45C2EC4149DB27F8F1376884B5E1E6B5.tmp' to '../../../../../Unreal Projects/ProjectBee/Content/Blueprints/QuestSystem/QuestManager.uasset'
[2020.05.15-16.31.23:388][645]Cmd: OBJ SAVEPACKAGE PACKAGE="/Game/Blueprints/QuestSystem/QuestManager" FILE="../../../../../Unreal Projects/ProjectBee/Content/Blueprints/QuestSystem/QuestManager.uasset" SILENT=true
[2020.05.15-16.31.23:413][645]LogSavePackage: Moving '../../../../../Unreal Projects/ProjectBee/Saved/QuestManager9DD75CE648A39BBA06B5719F14070E5C.tmp' to '../../../../../Unreal Projects/ProjectBee/Content/Blueprints/QuestSystem/QuestManager.uasset'
[2020.05.15-16.31.23:821][692]BlueprintLog: New page: Compile QuestManager
[2020.05.15-16.31.24:119][692]LogUObjectHash: Compacting FUObjectHashTables data took   5.26ms
[2020.05.15-16.31.24:407][717]Cmd: OBJ SAVEPACKAGE PACKAGE="/Game/Blueprints/QuestSystem/QuestManager" FILE="../../../../../Unreal Projects/ProjectBee/Content/Blueprints/QuestSystem/QuestManager.uasset" SILENT=true
[2020.05.15-16.31.24:432][717]LogSavePackage: Moving '../../../../../Unreal Projects/ProjectBee/Saved/QuestManager7A45C56A442A89B29CB75EA62C58CBAF.tmp' to '../../../../../Unreal Projects/ProjectBee/Content/Blueprints/QuestSystem/QuestManager.uasset'
[2020.05.15-16.31.31:167][522]Cmd: OBJ SAVEPACKAGE PACKAGE="/Game/Blueprints/QuestSystem/QuestManager" FILE="../../../../../Unreal Projects/ProjectBee/Content/Blueprints/QuestSystem/QuestManager.uasset" SILENT=true
[2020.05.15-16.31.31:194][522]LogSavePackage: Moving '../../../../../Unreal Projects/ProjectBee/Saved/QuestManager3B81940E468057F35746E9A321CB86FF.tmp' to '../../../../../Unreal Projects/ProjectBee/Content/Blueprints/QuestSystem/QuestManager.uasset'
[2020.05.15-16.31.31:561][564]BlueprintLog: New page: Compile QuestManager
[2020.05.15-16.31.31:813][564]LogUObjectHash: Compacting FUObjectHashTables data took   4.34ms
[2020.05.15-16.31.59:346][833]BlueprintLog: New page: Compile QuestManager
[2020.05.15-16.31.59:597][833]LogUObjectHash: Compacting FUObjectHashTables data took   4.22ms
[2020.05.15-16.32.01:174][  4]LogTemp: Repeating last play command: Selected Viewport
[2020.05.15-16.32.01:194][  4]LogBlueprintUserMessages: Early PlayInEditor Detection: Level '/Game/Levels/ShowOff/DemoLevel.DemoLevel:PersistentLevel' has LevelScriptBlueprint '/Game/Levels/ShowOff/DemoLevel.DemoLevel:PersistentLevel.DemoLevel' with GeneratedClass '/Game/Levels/ShowOff/DemoLevel.DemoLevel_C' with ClassGeneratedBy '/Game/Levels/ShowOff/DemoLevel.DemoLevel:PersistentLevel.DemoLevel'
[2020.05.15-16.32.01:194][  4]LogPlayLevel: PlayLevel: No blueprints needed recompiling
[2020.05.15-16.32.01:194][  4]PIE: New page: PIE session: DemoLevel (15 May 2020 18:32:01)
[2020.05.15-16.32.01:194][  4]LogPlayLevel: Creating play world package: /Game/Levels/ShowOff/UEDPIE_0_DemoLevel
[2020.05.15-16.32.01:349][  4]LogPlayLevel: PIE: StaticDuplicateObject took: (0.154395s)
[2020.05.15-16.32.01:349][  4]LogAIModule: Creating AISystem for world DemoLevel
[2020.05.15-16.32.01:349][  4]LogPlayLevel: PIE: World Init took: (0.000420s)
[2020.05.15-16.32.01:350][  4]LogPlayLevel: PIE: Created PIE world by copying editor world from /Game/Levels/ShowOff/DemoLevel.DemoLevel to /Game/Levels/ShowOff/UEDPIE_0_DemoLevel.DemoLevel (0.155434s)
[2020.05.15-16.32.01:391][  4]LogUObjectHash: Compacting FUObjectHashTables data took   4.19ms
[2020.05.15-16.32.01:442][  4]LogInit: XAudio2 using 'Realtek Digital Output (Realtek High Definition Audio)' : 2 channels at 48 kHz using 16 bits per sample (channel mask 0x3)
[2020.05.15-16.32.01:456][  4]LogInit: FAudioDevice initialized.
[2020.05.15-16.32.01:480][  4]LogLoad: Game class is 'GM_Bee_C'
[2020.05.15-16.32.01:543][  4]LogWorld: Bringing World /Game/Levels/ShowOff/UEDPIE_0_DemoLevel.DemoLevel up for play (max tick rate 0) at 2020.05.15-17.32.01
[2020.05.15-16.32.01:550][  4]LogWorld: Bringing up level for play took: 0.068457
[2020.05.15-16.32.01:567][  4]LogBlueprintUserMessages: [GM_Bee_C_0] Loaded
[2020.05.15-16.32.01:567][  4]LogBlueprintUserMessages: [GM_Bee_C_0] Pens
[2020.05.15-16.32.01:568][  4]LogBlueprintUserMessages: [GM_Bee_C_0] SaveGameExists
[2020.05.15-16.32.01:568][  4]PIE: Play in editor start time for /Game/Levels/ShowOff/UEDPIE_0_DemoLevel -0.607
[2020.05.15-16.32.01:569][  4]LogBlueprintUserMessages: Late PlayInEditor Detection: Level '/Game/Levels/ShowOff/DemoLevel.DemoLevel:PersistentLevel' has LevelScriptBlueprint '/Game/Levels/ShowOff/DemoLevel.DemoLevel:PersistentLevel.DemoLevel' with GeneratedClass '/Game/Levels/ShowOff/DemoLevel.DemoLevel_C' with ClassGeneratedBy '/Game/Levels/ShowOff/DemoLevel.DemoLevel:PersistentLevel.DemoLevel'
[2020.05.15-16.32.06:105][528]LogBlueprintUserMessages: [MultiObjectiveQuest_2] location started
[2020.05.15-16.32.07:205][660]LogBlueprintUserMessages: [MultiObjectiveQuest_2] Objective complete
[2020.05.15-16.32.07:205][660]LogBlueprintUserMessages: [MultiObjectiveQuest_2] sting started
[2020.05.15-16.32.08:614][829]LogBlueprintUserMessages: Early EndPlayMap Detection: Level '/Game/Levels/ShowOff/DemoLevel.DemoLevel:PersistentLevel' has LevelScriptBlueprint '/Game/Levels/ShowOff/DemoLevel.DemoLevel:PersistentLevel.DemoLevel' with GeneratedClass '/Game/Levels/ShowOff/DemoLevel.DemoLevel_C' with ClassGeneratedBy '/Game/Levels/ShowOff/DemoLevel.DemoLevel:PersistentLevel.DemoLevel'
[2020.05.15-16.32.08:615][829]LogSlate: Updating window title bar state: overlay mode, drag disabled, window buttons hidden, title bar hidden
[2020.05.15-16.32.08:663][829]LogPlayLevel: Display: Shutting down PIE online subsystems
[2020.05.15-16.32.08:663][829]LogBlueprintUserMessages: Late EndPlayMap Detection: Level '/Game/Levels/ShowOff/DemoLevel.DemoLevel:PersistentLevel' has LevelScriptBlueprint '/Game/Levels/ShowOff/DemoLevel.DemoLevel:PersistentLevel.DemoLevel' with GeneratedClass '/Game/Levels/ShowOff/DemoLevel.DemoLevel_C' with ClassGeneratedBy '/Game/Levels/ShowOff/DemoLevel.DemoLevel:PersistentLevel.DemoLevel'
[2020.05.15-16.32.08:711][829]LogSlate: Updating window title bar state: overlay mode, drag disabled, window buttons hidden, title bar hidden
[2020.05.15-16.32.08:727][829]LogUObjectHash: Compacting FUObjectHashTables data took   2.95ms
[2020.05.15-16.32.08:745][830]LogPlayLevel: Display: Destroying online subsystem :Context_9
[2020.05.15-16.32.09:801][953]LogSlate: FSceneViewport::OnFocusLost() reason 2
[2020.05.15-16.32.10:608][ 40]LogUObjectHash: Compacting FUObjectHashTables data took   2.10ms
[2020.05.15-16.32.10:614][ 40]LogSlate: FSceneViewport::OnFocusLost() reason 2
[2020.05.15-16.32.10:620][ 40]Cmd: OBJ SAVEPACKAGE PACKAGE="/Game/Levels/ShowOff/DemoLevel" FILE="../../../../../Unreal Projects/ProjectBee/Content/Levels/ShowOff/DemoLevel.umap" SILENT=true AUTOSAVING=false KEEPDIRTY=false
[2020.05.15-16.32.10:660][ 40]LogUObjectHash: Compacting FUObjectHashTables data took   0.79ms
[2020.05.15-16.32.12:961][ 40]LogSavePackage: Moving '../../../../../Unreal Projects/ProjectBee/Saved/DemoLevel2C0798A14DF5CD39247175B44B00ADDC.tmp' to '../../../../../Unreal Projects/ProjectBee/Content/Levels/ShowOff/DemoLevel.umap'
[2020.05.15-16.32.12:988][ 40]LogFileHelpers: Saving map 'DemoLevel' took 2.369
[2020.05.15-16.32.12:991][ 40]Cmd: OBJ SAVEPACKAGE PACKAGE="/Game/Blueprints/QuestSystem/QuestManager" FILE="../../../../../Unreal Projects/ProjectBee/Content/Blueprints/QuestSystem/QuestManager.uasset" SILENT=true
[2020.05.15-16.32.13:016][ 40]LogSavePackage: Moving '../../../../../Unreal Projects/ProjectBee/Saved/QuestManager5D47748143EF518328B7D78BD9F21294.tmp' to '../../../../../Unreal Projects/ProjectBee/Content/Blueprints/QuestSystem/QuestManager.uasset'
[2020.05.15-16.32.13:760][114]LogSlate: FSceneViewport::OnFocusLost() reason 0
[2020.05.15-16.32.14:759][230]Cmd: OBJ SAVEPACKAGE PACKAGE="/Game/Blueprints/QuestSystem/BP_QuestActor_Base" FILE="../../../../../Unreal Projects/ProjectBee/Content/Blueprints/QuestSystem/BP_QuestActor_Base.uasset" SILENT=true
[2020.05.15-16.32.14:852][230]LogSavePackage: Moving '../../../../../Unreal Projects/ProjectBee/Saved/BP_QuestActor_BaseDB02D9C54F78BDAAE636A79C2E5ED14E.tmp' to '../../../../../Unreal Projects/ProjectBee/Content/Blueprints/QuestSystem/BP_QuestActor_Base.uasset'
[2020.05.15-16.32.15:865][350]BlueprintLog: New page: Compile BP_QuestActor_Base
[2020.05.15-16.32.16:139][350]LogUObjectHash: Compacting FUObjectHashTables data took   3.38ms
[2020.05.15-16.32.18:497][588]Cmd: OBJ SAVEPACKAGE PACKAGE="/Game/Blueprints/Character/BeeCharacter_BP" FILE="../../../../../Unreal Projects/ProjectBee/Content/Blueprints/Character/BeeCharacter_BP.uasset" SILENT=true
[2020.05.15-16.32.18:650][588]LogSavePackage: Moving '../../../../../Unreal Projects/ProjectBee/Saved/BeeCharacter_BPA71507BF4B981B83D8F8C6ABE8A117F6.tmp' to '../../../../../Unreal Projects/ProjectBee/Content/Blueprints/Character/BeeCharacter_BP.uasset'
[2020.05.15-16.32.19:674][702]Cmd: OBJ SAVEPACKAGE PACKAGE="/Game/Blueprints/QuestSystem/QuestManager" FILE="../../../../../Unreal Projects/ProjectBee/Content/Blueprints/QuestSystem/QuestManager.uasset" SILENT=true
[2020.05.15-16.32.19:699][702]LogSavePackage: Moving '../../../../../Unreal Projects/ProjectBee/Saved/QuestManagerCEB438194C502B312E7BD4A09F0C4853.tmp' to '../../../../../Unreal Projects/ProjectBee/Content/Blueprints/QuestSystem/QuestManager.uasset'
[2020.05.15-16.32.20:938][848]Cmd: OBJ SAVEPACKAGE PACKAGE="/Game/Blueprints/QuestSystem/QuestManager" FILE="../../../../../Unreal Projects/ProjectBee/Content/Blueprints/QuestSystem/QuestManager.uasset" SILENT=true
[2020.05.15-16.32.20:963][848]LogSavePackage: Moving '../../../../../Unreal Projects/ProjectBee/Saved/QuestManager631D85C149725222F55E54A4C7B574AB.tmp' to '../../../../../Unreal Projects/ProjectBee/Content/Blueprints/QuestSystem/QuestManager.uasset'
[2020.05.15-16.32.21:442][904]BlueprintLog: New page: Compile QuestManager
[2020.05.15-16.32.21:719][904]LogUObjectHash: Compacting FUObjectHashTables data took   4.21ms
[2020.05.15-16.32.23:722][136]Cmd: OBJ SAVEPACKAGE PACKAGE="/Game/Blueprints/QuestSystem/BP_QuestActor_Base" FILE="../../../../../Unreal Projects/ProjectBee/Content/Blueprints/QuestSystem/BP_QuestActor_Base.uasset" SILENT=true
[2020.05.15-16.32.23:818][136]LogSavePackage: Moving '../../../../../Unreal Projects/ProjectBee/Saved/BP_QuestActor_Base8DAD83534AA7462F0659039D470805D1.tmp' to '../../../../../Unreal Projects/ProjectBee/Content/Blueprints/QuestSystem/BP_QuestActor_Base.uasset'
[2020.05.15-16.32.27:541][477]Cmd: OBJ SAVEPACKAGE PACKAGE="/Game/Blueprints/QuestSystem/BP_QuestActor_Base" FILE="../../../../../Unreal Projects/ProjectBee/Content/Blueprints/QuestSystem/BP_QuestActor_Base.uasset" SILENT=true
[2020.05.15-16.32.27:635][477]LogSavePackage: Moving '../../../../../Unreal Projects/ProjectBee/Saved/BP_QuestActor_Base0DADD4E740528226F977D9976740A6FE.tmp' to '../../../../../Unreal Projects/ProjectBee/Content/Blueprints/QuestSystem/BP_QuestActor_Base.uasset'
[2020.05.15-16.32.40:291][867]Cmd: OBJ SAVEPACKAGE PACKAGE="/Game/Blueprints/QuestSystem/BP_QuestActor_Base" FILE="../../../../../Unreal Projects/ProjectBee/Content/Blueprints/QuestSystem/BP_QuestActor_Base.uasset" SILENT=true
[2020.05.15-16.32.40:386][867]LogSavePackage: Moving '../../../../../Unreal Projects/ProjectBee/Saved/BP_QuestActor_Base97DEA0E04C2DBB64C4636DA761FC6544.tmp' to '../../../../../Unreal Projects/ProjectBee/Content/Blueprints/QuestSystem/BP_QuestActor_Base.uasset'
[2020.05.15-16.32.40:770][912]BlueprintLog: New page: Compile BP_QuestActor_Base
[2020.05.15-16.32.41:048][912]LogUObjectHash: Compacting FUObjectHashTables data took   4.20ms
[2020.05.15-16.32.41:257][931]Cmd: OBJ SAVEPACKAGE PACKAGE="/Game/Blueprints/QuestSystem/BP_QuestActor_Base" FILE="../../../../../Unreal Projects/ProjectBee/Content/Blueprints/QuestSystem/BP_QuestActor_Base.uasset" SILENT=true
[2020.05.15-16.32.41:351][931]LogSavePackage: Moving '../../../../../Unreal Projects/ProjectBee/Saved/BP_QuestActor_BaseA9E07905498194B06653F597F0355D3E.tmp' to '../../../../../Unreal Projects/ProjectBee/Content/Blueprints/QuestSystem/BP_QuestActor_Base.uasset'
[2020.05.15-16.32.44:703][279]LogEditorViewport: Clicking on Actor (LMB): MultiObjectiveQuest_C (MultiObjectiveQuest)
[2020.05.15-16.32.46:796][452]LogSlate: FSceneViewport::OnFocusLost() reason 0
[2020.05.15-16.32.47:986][551]LogTemp: Repeating last play command: Selected Viewport
[2020.05.15-16.32.48:013][551]LogBlueprintUserMessages: Early PlayInEditor Detection: Level '/Game/Levels/ShowOff/DemoLevel.DemoLevel:PersistentLevel' has LevelScriptBlueprint '/Game/Levels/ShowOff/DemoLevel.DemoLevel:PersistentLevel.DemoLevel' with GeneratedClass '/Game/Levels/ShowOff/DemoLevel.DemoLevel_C' with ClassGeneratedBy '/Game/Levels/ShowOff/DemoLevel.DemoLevel:PersistentLevel.DemoLevel'
[2020.05.15-16.32.48:013][551]LogPlayLevel: PlayLevel: No blueprints needed recompiling
[2020.05.15-16.32.48:013][551]PIE: New page: PIE session: DemoLevel (15 May 2020 18:32:48)
[2020.05.15-16.32.48:013][551]LogPlayLevel: Creating play world package: /Game/Levels/ShowOff/UEDPIE_0_DemoLevel
[2020.05.15-16.32.48:168][551]LogPlayLevel: PIE: StaticDuplicateObject took: (0.155016s)
[2020.05.15-16.32.48:168][551]LogAIModule: Creating AISystem for world DemoLevel
[2020.05.15-16.32.48:168][551]LogPlayLevel: PIE: World Init took: (0.000418s)
[2020.05.15-16.32.48:169][551]LogPlayLevel: PIE: Created PIE world by copying editor world from /Game/Levels/ShowOff/DemoLevel.DemoLevel to /Game/Levels/ShowOff/UEDPIE_0_DemoLevel.DemoLevel (0.156122s)
[2020.05.15-16.32.48:209][551]LogUObjectHash: Compacting FUObjectHashTables data took   4.11ms
[2020.05.15-16.32.48:261][551]LogInit: XAudio2 using 'Realtek Digital Output (Realtek High Definition Audio)' : 2 channels at 48 kHz using 16 bits per sample (channel mask 0x3)
[2020.05.15-16.32.48:274][551]LogInit: FAudioDevice initialized.
[2020.05.15-16.32.48:299][551]LogLoad: Game class is 'GM_Bee_C'
[2020.05.15-16.32.48:356][551]LogWorld: Bringing World /Game/Levels/ShowOff/UEDPIE_0_DemoLevel.DemoLevel up for play (max tick rate 0) at 2020.05.15-17.32.48
[2020.05.15-16.32.48:363][551]LogWorld: Bringing up level for play took: 0.062803
[2020.05.15-16.32.48:380][551]LogBlueprintUserMessages: [GM_Bee_C_0] Loaded
[2020.05.15-16.32.48:380][551]LogBlueprintUserMessages: [GM_Bee_C_0] Pens
[2020.05.15-16.32.48:381][551]LogBlueprintUserMessages: [GM_Bee_C_0] SaveGameExists
[2020.05.15-16.32.48:381][551]PIE: Play in editor start time for /Game/Levels/ShowOff/UEDPIE_0_DemoLevel 0.206
[2020.05.15-16.32.48:382][551]LogBlueprintUserMessages: Late PlayInEditor Detection: Level '/Game/Levels/ShowOff/DemoLevel.DemoLevel:PersistentLevel' has LevelScriptBlueprint '/Game/Levels/ShowOff/DemoLevel.DemoLevel:PersistentLevel.DemoLevel' with GeneratedClass '/Game/Levels/ShowOff/DemoLevel.DemoLevel_C' with ClassGeneratedBy '/Game/Levels/ShowOff/DemoLevel.DemoLevel:PersistentLevel.DemoLevel'
[2020.05.15-16.32.52:983][ 85]LogBlueprintUserMessages: [MultiObjectiveQuest_2] location started
[2020.05.15-16.32.52:984][ 85]LogBlueprintUserMessages: [MultiObjectiveQuest_2] sting started
[2020.05.15-16.32.55:066][335]LogBlueprintUserMessages: [MultiObjectiveQuest_2] Objective complete
[2020.05.15-16.32.55:066][335]LogBlueprintUserMessages: [MultiObjectiveQuest_2] sting started
[2020.05.15-16.33.06:876][752]LogBlueprintUserMessages: [BP_GoToLocation_2] location started
[2020.05.15-16.33.11:793][342]LogBlueprintUserMessages: [BP_GoToLocation_2] Objective complete
[2020.05.15-16.33.11:793][342]LogBlueprintUserMessages: [BP_GoToLocation_2] quest completed
[2020.05.15-16.33.18:753][177]LogBlueprintUserMessages: Early EndPlayMap Detection: Level '/Game/Levels/ShowOff/DemoLevel.DemoLevel:PersistentLevel' has LevelScriptBlueprint '/Game/Levels/ShowOff/DemoLevel.DemoLevel:PersistentLevel.DemoLevel' with GeneratedClass '/Game/Levels/ShowOff/DemoLevel.DemoLevel_C' with ClassGeneratedBy '/Game/Levels/ShowOff/DemoLevel.DemoLevel:PersistentLevel.DemoLevel'
[2020.05.15-16.33.18:753][177]LogSlate: Updating window title bar state: overlay mode, drag disabled, window buttons hidden, title bar hidden
[2020.05.15-16.33.18:802][177]LogPlayLevel: Display: Shutting down PIE online subsystems
[2020.05.15-16.33.18:802][177]LogBlueprintUserMessages: Late EndPlayMap Detection: Level '/Game/Levels/ShowOff/DemoLevel.DemoLevel:PersistentLevel' has LevelScriptBlueprint '/Game/Levels/ShowOff/DemoLevel.DemoLevel:PersistentLevel.DemoLevel' with GeneratedClass '/Game/Levels/ShowOff/DemoLevel.DemoLevel_C' with ClassGeneratedBy '/Game/Levels/ShowOff/DemoLevel.DemoLevel:PersistentLevel.DemoLevel'
[2020.05.15-16.33.18:849][177]LogSlate: Updating window title bar state: overlay mode, drag disabled, window buttons hidden, title bar hidden
[2020.05.15-16.33.18:865][177]LogUObjectHash: Compacting FUObjectHashTables data took   2.83ms
[2020.05.15-16.33.19:842][177]LogWindows: Windows GetLastError: The operation completed successfully. (0)
[2020.05.15-16.33.19:842][177]LogThreadingWindows: Error: Runnable thread RenderThread 7 crashed.
[2020.05.15-16.33.19:842][177]LogWindows: Error: === Critical error: ===
[2020.05.15-16.33.19:842][177]LogWindows: Error: 
[2020.05.15-16.33.19:842][177]LogWindows: Error: Assertion failed: (GIsCriticalError || !NumMarks) [File:D:\Build\++UE4\Sync\Engine\Source\Runtime\Core\Public\Misc/MemStack.h] [Line: 89] 
[2020.05.15-16.33.19:842][177]LogWindows: Error: 
[2020.05.15-16.33.19:842][177]LogWindows: Error: 
[2020.05.15-16.33.19:842][177]LogWindows: Error: 
[2020.05.15-16.33.19:842][177]LogWindows: Error: 
[2020.05.15-16.33.19:842][177]LogWindows: Error: Crash in runnable thread RenderThread 7
[2020.05.15-16.33.19:852][177]LogOutputDevice: Warning: 

Script Stack (0 frames):

[2020.05.15-16.33.19:852][177]LogWindows: Windows GetLastError: The operation completed successfully. (0)
[2020.05.15-16.33.19:852][177]LogWindows: Error: HandleError re-entered.
[2020.05.15-16.33.19:852][177]LogWindows: FPlatformMisc::RequestExit(1)
[2020.05.15-16.33.19:863][177]Log file closed, 05/15/20 17:33:19
