Log file open, 04/29/20 19:44:53
LogWindows: Failed to load 'aqProf.dll' (GetLastError=126)
LogWindows: File 'aqProf.dll' does not exist
LogWindows: Failed to load 'VtuneApi.dll' (GetLastError=126)
LogWindows: File 'VtuneApi.dll' does not exist
LogWindows: Failed to load 'VtuneApi32e.dll' (GetLastError=126)
LogWindows: File 'VtuneApi32e.dll' does not exist
LogConsoleResponse: Display: Failed to find resolution value strings in scalability ini. Falling back to default.
LogInit: Display: Running engine for game: ProjectBee
LogPakFile: Registered encryption key '00000000000000000000000000000000': 0 pak files mounted, 0 remain pending
LogPlatformFile: Not using cached read wrapper
LogTaskGraph: Started task graph with 5 named threads and 23 total threads with 3 sets of task threads.
LogStats: Stats thread started at 1.131736
LogD3D11RHI: Loaded GFSDK_Aftermath_Lib.x64.dll
LogICUInternationalization: ICU TimeZone Detection - Raw Offset: +0:00, Platform Override: ''
LogPluginManager: Mounting plugin Paper2D
LogPluginManager: Mounting plugin AISupport
LogPluginManager: Mounting plugin LightPropagationVolume
LogPluginManager: Mounting plugin ActorLayerUtilities
LogPluginManager: Mounting plugin AnimationSharing
LogPluginManager: Mounting plugin CLionSourceCodeAccess
LogPluginManager: Mounting plugin CodeLiteSourceCodeAccess
LogPluginManager: Mounting plugin GitSourceControl
LogPluginManager: Mounting plugin KDevelopSourceCodeAccess
LogPluginManager: Mounting plugin NullSourceCodeAccess
LogPluginManager: Mounting plugin PerforceSourceControl
LogPluginManager: Mounting plugin SubversionSourceControl
LogPluginManager: Mounting plugin UObjectPlugin
LogPluginManager: Mounting plugin VisualStudioCodeSourceCodeAccess
LogPluginManager: Mounting plugin VisualStudioSourceCodeAccess
LogPluginManager: Mounting plugin XCodeSourceCodeAccess
LogPluginManager: Mounting plugin AssetManagerEditor
LogPluginManager: Mounting plugin CryptoKeys
LogPluginManager: Mounting plugin DataValidation
LogPluginManager: Mounting plugin FacialAnimation
LogPluginManager: Mounting plugin GameplayTagsEditor
LogPluginManager: Mounting plugin MacGraphicsSwitching
LogPluginManager: Mounting plugin MaterialAnalyzer
LogPluginManager: Mounting plugin MobileLauncherProfileWizard
LogPluginManager: Mounting plugin PluginBrowser
LogPluginManager: Mounting plugin SpeedTreeImporter
LogPluginManager: Mounting plugin DatasmithContent
LogPluginManager: Mounting plugin VariantManagerContent
LogPluginManager: Mounting plugin AlembicImporter
LogPluginManager: Mounting plugin AppleImageUtils
LogPluginManager: Mounting plugin AppleVision
LogPluginManager: Mounting plugin BackChannel
LogPluginManager: Mounting plugin CharacterAI
LogPluginManager: Mounting plugin GeometryCache
LogPluginManager: Mounting plugin HTML5Networking
LogPluginManager: Mounting plugin ProxyLODPlugin
LogPluginManager: Mounting plugin SkeletalReduction
LogPluginManager: Mounting plugin MagicLeap
LogPluginManager: Mounting plugin MagicLeapMedia
LogPluginManager: Mounting plugin AndroidMedia
LogPluginManager: Mounting plugin AvfMedia
LogPluginManager: Mounting plugin ImgMedia
LogPluginManager: Mounting plugin LinearTimecode
LogPluginManager: Mounting plugin MediaCompositing
LogPluginManager: Mounting plugin MediaPlayerEditor
LogPluginManager: Mounting plugin WebMMedia
LogPluginManager: Mounting plugin WmfMedia
LogPluginManager: Mounting plugin TcpMessaging
LogPluginManager: Mounting plugin UdpMessaging
LogPluginManager: Mounting plugin ActorSequence
LogPluginManager: Mounting plugin LevelSequenceEditor
LogPluginManager: Mounting plugin MatineeToLevelSequence
LogPluginManager: Mounting plugin NetcodeUnitTest
LogPluginManager: Mounting plugin NUTUnrealEngine4
LogPluginManager: Mounting plugin OnlineSubsystemGooglePlay
LogPluginManager: Mounting plugin OnlineSubsystemIOS
LogPluginManager: Mounting plugin OnlineSubsystem
LogPluginManager: Mounting plugin OnlineSubsystemNull
LogPluginManager: Mounting plugin OnlineSubsystemUtils
LogPluginManager: Mounting plugin LauncherChunkInstaller
LogPluginManager: Mounting plugin AndroidDeviceProfileSelector
LogPluginManager: Mounting plugin AndroidMoviePlayer
LogPluginManager: Mounting plugin AndroidPermission
LogPluginManager: Mounting plugin AppleMoviePlayer
LogPluginManager: Mounting plugin ArchVisCharacter
LogPluginManager: Mounting plugin AudioCapture
LogPluginManager: Mounting plugin CableComponent
LogPluginManager: Mounting plugin CustomMeshComponent
LogPluginManager: Mounting plugin EditableMesh
LogPluginManager: Mounting plugin ExampleDeviceProfileSelector
LogPluginManager: Mounting plugin Firebase
LogPluginManager: Mounting plugin GoogleCloudMessaging
LogPluginManager: Mounting plugin IOSDeviceProfileSelector
LogPluginManager: Mounting plugin LinuxDeviceProfileSelector
LogPluginManager: Mounting plugin LocationServicesBPLibrary
LogPluginManager: Mounting plugin MobilePatchingUtils
LogPluginManager: Mounting plugin OculusVR
LogPluginManager: Mounting plugin PhysXVehicles
LogPluginManager: Mounting plugin ProceduralMeshComponent
LogPluginManager: Mounting plugin RuntimePhysXCooking
LogPluginManager: Mounting plugin SignificanceManager
LogPluginManager: Mounting plugin SteamVR
LogPluginManager: Mounting plugin WebMMoviePlayer
LogPluginManager: Mounting plugin WindowsMoviePlayer
LogInit: Using libcurl 7.55.1-DEV
LogInit:  - built for x86_64-pc-win32
LogInit:  - supports SSL with OpenSSL/1.1.1
LogInit:  - supports HTTP deflate (compression) using libz 1.2.8
LogInit:  - other features:
LogInit:      CURL_VERSION_SSL
LogInit:      CURL_VERSION_LIBZ
LogInit:      CURL_VERSION_IPV6
LogInit:      CURL_VERSION_ASYNCHDNS
LogInit:      CURL_VERSION_LARGEFILE
LogInit:      CURL_VERSION_IDN
LogInit:  CurlRequestOptions (configurable via config and command line):
LogInit:  - bVerifyPeer = true  - Libcurl will verify peer certificate
LogInit:  - bUseHttpProxy = false  - Libcurl will NOT use HTTP proxy
LogInit:  - bDontReuseConnections = false  - Libcurl will reuse connections
LogInit:  - MaxHostConnections = 16  - Libcurl will limit the number of connections to a host
LogInit:  - LocalHostAddr = Default
LogInit:  - BufferSize = 65536
LogInit: WinSock: version 1.1 (2.2), MaxSocks=32767, MaxUdp=65467
LogInit: Build: ++UE4+Release-4.22-CL-7053642
LogInit: Engine Version: 4.22.3-7053642+++UE4+Release-4.22
LogInit: Compatible Engine Version: 4.22.0-5660361+++UE4+Release-4.22
LogInit: Net CL: 5660361
LogInit: OS: Windows 10 (Release 1903) (), CPU: Intel(R) Core(TM) i7-7700HQ CPU @ 2.80GHz, GPU: Intel(R) HD Graphics 630
LogInit: Compiled (64-bit): Jun 18 2019 03:09:11
LogInit: Compiled with Visual C++: 19.16.27025.01
LogInit: Build Configuration: Development
LogInit: Branch Name: ++UE4+Release-4.22
LogInit: Command Line: 
LogInit: Base Directory: C:/Program Files/Epic Games/UE_4.22/Engine/Binaries/Win64/
LogInit: Installed Engine Build: 1
LogDevObjectVersion: Number of dev versions registered: 23
LogDevObjectVersion:   Dev-Blueprints (B0D832E4-1F89-4F0D-ACCF-7EB736FD4AA2): 10
LogDevObjectVersion:   Dev-Build (E1C64328-A22C-4D53-A36C-8E866417BD8C): 0
LogDevObjectVersion:   Dev-Core (375EC13C-06E4-48FB-B500-84F0262A717E): 3
LogDevObjectVersion:   Dev-Editor (E4B068ED-F494-42E9-A231-DA0B2E46BB41): 30
LogDevObjectVersion:   Dev-Framework (CFFC743F-43B0-4480-9391-14DF171D2073): 35
LogDevObjectVersion:   Dev-Mobile (B02B49B5-BB20-44E9-A304-32B752E40360): 2
LogDevObjectVersion:   Dev-Networking (A4E4105C-59A1-49B5-A7C5-40C4547EDFEE): 0
LogDevObjectVersion:   Dev-Online (39C831C9-5AE6-47DC-9A44-9C173E1C8E7C): 0
LogDevObjectVersion:   Dev-Physics (78F01B33-EBEA-4F98-B9B4-84EACCB95AA2): 0
LogDevObjectVersion:   Dev-Platform (6631380F-2D4D-43E0-8009-CF276956A95A): 0
LogDevObjectVersion:   Dev-Rendering (12F88B9F-8875-4AFC-A67C-D90C383ABD29): 28
LogDevObjectVersion:   Dev-Sequencer (7B5AE74C-D270-4C10-A958-57980B212A5A): 11
LogDevObjectVersion:   Dev-VR (D7296918-1DD6-4BDD-9DE2-64A83CC13884): 2
LogDevObjectVersion:   Dev-LoadTimes (C2A15278-BFE7-4AFE-6C17-90FF531DF755): 1
LogDevObjectVersion:   Private-Geometry (6EACA3D4-40EC-4CC1-B786-8BED09428FC5): 3
LogDevObjectVersion:   Dev-AnimPhys (29E575DD-E0A3-4627-9D10-D276232CDCEA): 17
LogDevObjectVersion:   Dev-Anim (AF43A65D-7FD3-4947-9873-3E8ED9C1BB05): 2
LogDevObjectVersion:   Dev-ReflectionCapture (6B266CEC-1EC7-4B8F-A30B-E4D90942FC07): 1
LogDevObjectVersion:   Dev-Automation (0DF73D61-A23F-47EA-B727-89E90C41499A): 1
LogDevObjectVersion:   FortniteMain (601D1886-AC64-4F84-AA16-D3DE0DEAC7D6): 25
LogDevObjectVersion:   Dev-Enterprise (9DFFBCD6-494F-0158-E221-12823C92A888): 6
LogDevObjectVersion:   Dev-Niagara (F2AED0AC-9AFE-416F-8664-AA7FFA26D6FC): 1
LogDevObjectVersion:   Dev-Destruction (174F1F0B-B4C6-45A5-B13F-2EE8D0FB917D): 2
LogInit: Presizing for max 16777216 objects, including 0 objects not considered by GC, pre-allocating 0 bytes for permanent pool.
LogInit: Object subsystem initialized
LogConfig: Setting CVar [[con.DebugEarlyDefault:1]]
LogConfig: Setting CVar [[r.setres:1280x720]]
[2020.04.29-18.44.54:186][  0]LogConfig: Setting CVar [[r.VSync:0]]
[2020.04.29-18.44.54:186][  0]LogConfig: Setting CVar [[r.RHICmdBypass:0]]
[2020.04.29-18.44.54:186][  0]LogConfig: Applying CVar settings from Section [/Script/Engine.RendererSettings] File [C:/Users/but14/Documents/GitHub/ProjectBee/Saved/Config/Windows/Engine.ini]
[2020.04.29-18.44.54:186][  0]LogConfig: Setting CVar [[r.GPUCrashDebugging:0]]
[2020.04.29-18.44.54:186][  0]LogConfig: Setting CVar [[r.DefaultFeature.AutoExposure.ExtendDefaultLuminanceRange:1]]
[2020.04.29-18.44.54:186][  0]LogConfig: Applying CVar settings from Section [/Script/Engine.RendererOverrideSettings] File [C:/Users/but14/Documents/GitHub/ProjectBee/Saved/Config/Windows/Engine.ini]
[2020.04.29-18.44.54:186][  0]LogConfig: Applying CVar settings from Section [/Script/Engine.StreamingSettings] File [C:/Users/but14/Documents/GitHub/ProjectBee/Saved/Config/Windows/Engine.ini]
[2020.04.29-18.44.54:186][  0]LogConfig: Setting CVar [[s.MinBulkDataSizeForAsyncLoading:131072]]
[2020.04.29-18.44.54:186][  0]LogConfig: Setting CVar [[s.AsyncLoadingThreadEnabled:0]]
[2020.04.29-18.44.54:187][  0]LogConfig: Setting CVar [[s.EventDrivenLoaderEnabled:1]]
[2020.04.29-18.44.54:187][  0]LogConfig: Setting CVar [[s.WarnIfTimeLimitExceeded:0]]
[2020.04.29-18.44.54:187][  0]LogConfig: Setting CVar [[s.TimeLimitExceededMultiplier:1.5]]
[2020.04.29-18.44.54:187][  0]LogConfig: Setting CVar [[s.TimeLimitExceededMinTime:0.005]]
[2020.04.29-18.44.54:187][  0]LogConfig: Setting CVar [[s.UseBackgroundLevelStreaming:1]]
[2020.04.29-18.44.54:187][  0]LogConfig: Setting CVar [[s.PriorityAsyncLoadingExtraTime:15.0]]
[2020.04.29-18.44.54:187][  0]LogConfig: Setting CVar [[s.LevelStreamingActorsUpdateTimeLimit:5.0]]
[2020.04.29-18.44.54:187][  0]LogConfig: Setting CVar [[s.PriorityLevelStreamingActorsUpdateExtraTime:5.0]]
[2020.04.29-18.44.54:187][  0]LogConfig: Setting CVar [[s.LevelStreamingComponentsRegistrationGranularity:10]]
[2020.04.29-18.44.54:187][  0]LogConfig: Setting CVar [[s.UnregisterComponentsTimeLimit:1.0]]
[2020.04.29-18.44.54:187][  0]LogConfig: Setting CVar [[s.LevelStreamingComponentsUnregistrationGranularity:5]]
[2020.04.29-18.44.54:187][  0]LogConfig: Applying CVar settings from Section [/Script/Engine.GarbageCollectionSettings] File [C:/Users/but14/Documents/GitHub/ProjectBee/Saved/Config/Windows/Engine.ini]
[2020.04.29-18.44.54:187][  0]LogConfig: Setting CVar [[gc.MaxObjectsNotConsideredByGC:1]]
[2020.04.29-18.44.54:187][  0]LogConfig: Setting CVar [[gc.SizeOfPermanentObjectPool:0]]
[2020.04.29-18.44.54:187][  0]LogConfig: Setting CVar [[gc.FlushStreamingOnGC:0]]
[2020.04.29-18.44.54:187][  0]LogConfig: Setting CVar [[gc.NumRetriesBeforeForcingGC:10]]
[2020.04.29-18.44.54:187][  0]LogConfig: Setting CVar [[gc.AllowParallelGC:1]]
[2020.04.29-18.44.54:187][  0]LogConfig: Setting CVar [[gc.TimeBetweenPurgingPendingKillObjects:61.1]]
[2020.04.29-18.44.54:187][  0]LogConfig: Setting CVar [[gc.MaxObjectsInEditor:16777216]]
[2020.04.29-18.44.54:187][  0]LogConfig: Setting CVar [[gc.IncrementalBeginDestroyEnabled:1]]
[2020.04.29-18.44.54:187][  0]LogConfig: Setting CVar [[gc.CreateGCClusters:1]]
[2020.04.29-18.44.54:187][  0]LogConfig: Setting CVar [[gc.MinGCClusterSize:5]]
[2020.04.29-18.44.54:187][  0]LogConfig: Setting CVar [[gc.ActorClusteringEnabled:0]]
[2020.04.29-18.44.54:187][  0]LogConfig: Setting CVar [[gc.BlueprintClusteringEnabled:0]]
[2020.04.29-18.44.54:187][  0]LogConfig: Setting CVar [[gc.UseDisregardForGCOnDedicatedServers:0]]
[2020.04.29-18.44.54:187][  0]LogConfig: Applying CVar settings from Section [/Script/Engine.NetworkSettings] File [C:/Users/but14/Documents/GitHub/ProjectBee/Saved/Config/Windows/Engine.ini]
[2020.04.29-18.44.54:187][  0]LogConfig: Applying CVar settings from Section [/Script/UnrealEd.CookerSettings] File [C:/Users/but14/Documents/GitHub/ProjectBee/Saved/Config/Windows/Engine.ini]
[2020.04.29-18.44.54:202][  0]LogConfig: Applying CVar settings from Section [ViewDistanceQuality@3] File [C:/Users/but14/Documents/GitHub/ProjectBee/Saved/Config/Windows/Scalability.ini]
[2020.04.29-18.44.54:202][  0]LogConfig: Setting CVar [[r.SkeletalMeshLODBias:0]]
[2020.04.29-18.44.54:202][  0]LogConfig: Setting CVar [[r.ViewDistanceScale:1.0]]
[2020.04.29-18.44.54:202][  0]LogConfig: Applying CVar settings from Section [AntiAliasingQuality@3] File [C:/Users/but14/Documents/GitHub/ProjectBee/Saved/Config/Windows/Scalability.ini]
[2020.04.29-18.44.54:202][  0]LogConfig: Setting CVar [[r.PostProcessAAQuality:4]]
[2020.04.29-18.44.54:202][  0]LogConfig: Applying CVar settings from Section [ShadowQuality@3] File [C:/Users/but14/Documents/GitHub/ProjectBee/Saved/Config/Windows/Scalability.ini]
[2020.04.29-18.44.54:202][  0]LogConfig: Setting CVar [[r.LightFunctionQuality:1]]
[2020.04.29-18.44.54:202][  0]LogConfig: Setting CVar [[r.ShadowQuality:5]]
[2020.04.29-18.44.54:202][  0]LogConfig: Setting CVar [[r.Shadow.CSM.MaxCascades:10]]
[2020.04.29-18.44.54:202][  0]LogConfig: Setting CVar [[r.Shadow.MaxResolution:2048]]
[2020.04.29-18.44.54:202][  0]LogConfig: Setting CVar [[r.Shadow.MaxCSMResolution:2048]]
[2020.04.29-18.44.54:202][  0]LogConfig: Setting CVar [[r.Shadow.RadiusThreshold:0.01]]
[2020.04.29-18.44.54:202][  0]LogConfig: Setting CVar [[r.Shadow.DistanceScale:1.0]]
[2020.04.29-18.44.54:202][  0]LogConfig: Setting CVar [[r.Shadow.CSM.TransitionScale:1.0]]
[2020.04.29-18.44.54:202][  0]LogConfig: Setting CVar [[r.Shadow.PreShadowResolutionFactor:1.0]]
[2020.04.29-18.44.54:202][  0]LogConfig: Setting CVar [[r.DistanceFieldShadowing:1]]
[2020.04.29-18.44.54:202][  0]LogConfig: Setting CVar [[r.DistanceFieldAO:1]]
[2020.04.29-18.44.54:202][  0]LogConfig: Setting CVar [[r.AOQuality:2]]
[2020.04.29-18.44.54:202][  0]LogConfig: Setting CVar [[r.VolumetricFog:1]]
[2020.04.29-18.44.54:202][  0]LogConfig: Setting CVar [[r.VolumetricFog.GridPixelSize:8]]
[2020.04.29-18.44.54:202][  0]LogConfig: Setting CVar [[r.VolumetricFog.GridSizeZ:128]]
[2020.04.29-18.44.54:202][  0]LogConfig: Setting CVar [[r.VolumetricFog.HistoryMissSupersampleCount:4]]
[2020.04.29-18.44.54:202][  0]LogConfig: Setting CVar [[r.LightMaxDrawDistanceScale:1]]
[2020.04.29-18.44.54:202][  0]LogConfig: Setting CVar [[r.CapsuleShadows:1]]
[2020.04.29-18.44.54:203][  0]LogConfig: Applying CVar settings from Section [PostProcessQuality@3] File [C:/Users/but14/Documents/GitHub/ProjectBee/Saved/Config/Windows/Scalability.ini]
[2020.04.29-18.44.54:203][  0]LogConfig: Setting CVar [[r.MotionBlurQuality:4]]
[2020.04.29-18.44.54:203][  0]LogConfig: Setting CVar [[r.AmbientOcclusionMipLevelFactor:0.4]]
[2020.04.29-18.44.54:203][  0]LogConfig: Setting CVar [[r.AmbientOcclusionMaxQuality:100]]
[2020.04.29-18.44.54:203][  0]LogConfig: Setting CVar [[r.AmbientOcclusionLevels:-1]]
[2020.04.29-18.44.54:203][  0]LogConfig: Setting CVar [[r.AmbientOcclusionRadiusScale:1.0]]
[2020.04.29-18.44.54:203][  0]LogConfig: Setting CVar [[r.DepthOfFieldQuality:2]]
[2020.04.29-18.44.54:203][  0]LogConfig: Setting CVar [[r.RenderTargetPoolMin:400]]
[2020.04.29-18.44.54:203][  0]LogConfig: Setting CVar [[r.LensFlareQuality:2]]
[2020.04.29-18.44.54:203][  0]LogConfig: Setting CVar [[r.SceneColorFringeQuality:1]]
[2020.04.29-18.44.54:203][  0]LogConfig: Setting CVar [[r.EyeAdaptationQuality:2]]
[2020.04.29-18.44.54:203][  0]LogConfig: Setting CVar [[r.BloomQuality:5]]
[2020.04.29-18.44.54:203][  0]LogConfig: Setting CVar [[r.FastBlurThreshold:100]]
[2020.04.29-18.44.54:203][  0]LogConfig: Setting CVar [[r.Upscale.Quality:3]]
[2020.04.29-18.44.54:203][  0]LogConfig: Setting CVar [[r.Tonemapper.GrainQuantization:1]]
[2020.04.29-18.44.54:203][  0]LogConfig: Setting CVar [[r.LightShaftQuality:1]]
[2020.04.29-18.44.54:203][  0]LogConfig: Setting CVar [[r.Filter.SizeScale:1]]
[2020.04.29-18.44.54:203][  0]LogConfig: Setting CVar [[r.Tonemapper.Quality:5]]
[2020.04.29-18.44.54:203][  0]LogConfig: Setting CVar [[r.DOF.Gather.AccumulatorQuality:1        ; higher gathering accumulator quality]]
[2020.04.29-18.44.54:203][  0]LogConfig: Setting CVar [[r.DOF.Gather.PostfilterMethod:1          ; Median3x3 postfilering method]]
[2020.04.29-18.44.54:203][  0]LogConfig: Setting CVar [[r.DOF.Gather.EnableBokehSettings:0       ; no bokeh simulation when gathering]]
[2020.04.29-18.44.54:203][  0]LogConfig: Setting CVar [[r.DOF.Gather.RingCount:4                 ; medium number of samples when gathering]]
[2020.04.29-18.44.54:203][  0]LogConfig: Setting CVar [[r.DOF.Scatter.ForegroundCompositing:1    ; additive foreground scattering]]
[2020.04.29-18.44.54:203][  0]LogConfig: Setting CVar [[r.DOF.Scatter.BackgroundCompositing:2    ; additive background scattering]]
[2020.04.29-18.44.54:203][  0]LogConfig: Setting CVar [[r.DOF.Scatter.EnableBokehSettings:1      ; bokeh simulation when scattering]]
[2020.04.29-18.44.54:203][  0]LogConfig: Setting CVar [[r.DOF.Scatter.MaxSpriteRatio:0.1         ; only a maximum of 10% of scattered bokeh]]
[2020.04.29-18.44.54:203][  0]LogConfig: Setting CVar [[r.DOF.Recombine.Quality:1                ; cheap slight out of focus]]
[2020.04.29-18.44.54:203][  0]LogConfig: Setting CVar [[r.DOF.Recombine.EnableBokehSettings:0    ; no bokeh simulation on slight out of focus]]
[2020.04.29-18.44.54:203][  0]LogConfig: Setting CVar [[r.DOF.TemporalAAQuality:1                ; more stable temporal accumulation]]
[2020.04.29-18.44.54:203][  0]LogConfig: Setting CVar [[r.DOF.Kernel.MaxForegroundRadius:0.025]]
[2020.04.29-18.44.54:204][  0]LogConfig: Setting CVar [[r.DOF.Kernel.MaxBackgroundRadius:0.025]]
[2020.04.29-18.44.54:204][  0]LogConfig: Applying CVar settings from Section [TextureQuality@3] File [C:/Users/but14/Documents/GitHub/ProjectBee/Saved/Config/Windows/Scalability.ini]
[2020.04.29-18.44.54:204][  0]LogConfig: Setting CVar [[r.Streaming.MipBias:0]]
[2020.04.29-18.44.54:204][  0]LogConfig: Setting CVar [[r.Streaming.AmortizeCPUToGPUCopy:0]]
[2020.04.29-18.44.54:204][  0]LogConfig: Setting CVar [[r.Streaming.MaxNumTexturesToStreamPerFrame:0]]
[2020.04.29-18.44.54:204][  0]LogConfig: Setting CVar [[r.Streaming.Boost:1]]
[2020.04.29-18.44.54:204][  0]LogConfig: Setting CVar [[r.MaxAnisotropy:8]]
[2020.04.29-18.44.54:204][  0]LogConfig: Setting CVar [[r.Streaming.LimitPoolSizeToVRAM:0]]
[2020.04.29-18.44.54:204][  0]LogConfig: Setting CVar [[r.Streaming.PoolSize:1000]]
[2020.04.29-18.44.54:204][  0]LogConfig: Setting CVar [[r.Streaming.MaxEffectiveScreenSize:0]]
[2020.04.29-18.44.54:204][  0]LogConfig: Applying CVar settings from Section [EffectsQuality@3] File [C:/Users/but14/Documents/GitHub/ProjectBee/Saved/Config/Windows/Scalability.ini]
[2020.04.29-18.44.54:204][  0]LogConfig: Setting CVar [[r.TranslucencyLightingVolumeDim:64]]
[2020.04.29-18.44.54:204][  0]LogConfig: Setting CVar [[r.RefractionQuality:2]]
[2020.04.29-18.44.54:204][  0]LogConfig: Setting CVar [[r.SSR.Quality:3]]
[2020.04.29-18.44.54:204][  0]LogConfig: Setting CVar [[r.SceneColorFormat:4]]
[2020.04.29-18.44.54:204][  0]LogConfig: Setting CVar [[r.DetailMode:2]]
[2020.04.29-18.44.54:204][  0]LogConfig: Setting CVar [[r.TranslucencyVolumeBlur:1]]
[2020.04.29-18.44.54:204][  0]LogConfig: Setting CVar [[r.MaterialQualityLevel:1 ; High quality]]
[2020.04.29-18.44.54:204][  0]LogConfig: Setting CVar [[r.SSS.Scale:1]]
[2020.04.29-18.44.54:204][  0]LogConfig: Setting CVar [[r.SSS.SampleSet:2]]
[2020.04.29-18.44.54:204][  0]LogConfig: Setting CVar [[r.SSS.Quality:1]]
[2020.04.29-18.44.54:204][  0]LogConfig: Setting CVar [[r.SSS.HalfRes:1]]
[2020.04.29-18.44.54:204][  0]LogConfig: Setting CVar [[r.EmitterSpawnRateScale:1.0]]
[2020.04.29-18.44.54:204][  0]LogConfig: Setting CVar [[r.ParticleLightQuality:2]]
[2020.04.29-18.44.54:204][  0]LogConfig: Applying CVar settings from Section [FoliageQuality@3] File [C:/Users/but14/Documents/GitHub/ProjectBee/Saved/Config/Windows/Scalability.ini]
[2020.04.29-18.44.54:204][  0]LogConfig: Setting CVar [[foliage.DensityScale:1.0]]
[2020.04.29-18.44.54:204][  0]LogConfig: Setting CVar [[grass.DensityScale:1.0]]
[2020.04.29-18.44.54:206][  0]LogInit: Selected Device Profile: [Windows]
[2020.04.29-18.44.54:207][  0]LogInit: Applying CVar settings loaded from the selected device profile: [Windows]
[2020.04.29-18.44.54:251][  0]LogHAL: Display: Platform has ~ 16 GB [17053364224 / 17179869184 / 16], which maps to Larger [LargestMinGB=32, LargerMinGB=12, DefaultMinGB=8, SmallerMinGB=6, SmallestMinGB=0)
[2020.04.29-18.44.54:252][  0]LogConfig: Setting CVar [[r.Vulkan.UseRealUBs:0		; Required until we fix HLR fall-out]]
[2020.04.29-18.44.54:252][  0]LogInit: Going up to parent DeviceProfile []
[2020.04.29-18.44.54:253][  0]LogConfig: Applying CVar settings from Section [ViewDistanceQuality@3] File [C:/Users/but14/Documents/GitHub/ProjectBee/Saved/Config/Windows/Scalability.ini]
[2020.04.29-18.44.54:253][  0]LogConfig: Setting CVar [[r.SkeletalMeshLODBias:0]]
[2020.04.29-18.44.54:253][  0]LogConfig: Setting CVar [[r.ViewDistanceScale:1.0]]
[2020.04.29-18.44.54:253][  0]LogConfig: Applying CVar settings from Section [AntiAliasingQuality@3] File [C:/Users/but14/Documents/GitHub/ProjectBee/Saved/Config/Windows/Scalability.ini]
[2020.04.29-18.44.54:253][  0]LogConfig: Setting CVar [[r.PostProcessAAQuality:4]]
[2020.04.29-18.44.54:254][  0]LogConfig: Applying CVar settings from Section [ShadowQuality@3] File [C:/Users/but14/Documents/GitHub/ProjectBee/Saved/Config/Windows/Scalability.ini]
[2020.04.29-18.44.54:254][  0]LogConfig: Setting CVar [[r.LightFunctionQuality:1]]
[2020.04.29-18.44.54:254][  0]LogConfig: Setting CVar [[r.ShadowQuality:5]]
[2020.04.29-18.44.54:254][  0]LogConfig: Setting CVar [[r.Shadow.CSM.MaxCascades:10]]
[2020.04.29-18.44.54:254][  0]LogConfig: Setting CVar [[r.Shadow.MaxResolution:2048]]
[2020.04.29-18.44.54:254][  0]LogConfig: Setting CVar [[r.Shadow.MaxCSMResolution:2048]]
[2020.04.29-18.44.54:254][  0]LogConfig: Setting CVar [[r.Shadow.RadiusThreshold:0.01]]
[2020.04.29-18.44.54:254][  0]LogConfig: Setting CVar [[r.Shadow.DistanceScale:1.0]]
[2020.04.29-18.44.54:254][  0]LogConfig: Setting CVar [[r.Shadow.CSM.TransitionScale:1.0]]
[2020.04.29-18.44.54:254][  0]LogConfig: Setting CVar [[r.Shadow.PreShadowResolutionFactor:1.0]]
[2020.04.29-18.44.54:254][  0]LogConfig: Setting CVar [[r.DistanceFieldShadowing:1]]
[2020.04.29-18.44.54:254][  0]LogConfig: Setting CVar [[r.DistanceFieldAO:1]]
[2020.04.29-18.44.54:254][  0]LogConfig: Setting CVar [[r.AOQuality:2]]
[2020.04.29-18.44.54:254][  0]LogConfig: Setting CVar [[r.VolumetricFog:1]]
[2020.04.29-18.44.54:254][  0]LogConfig: Setting CVar [[r.VolumetricFog.GridPixelSize:8]]
[2020.04.29-18.44.54:254][  0]LogConfig: Setting CVar [[r.VolumetricFog.GridSizeZ:128]]
[2020.04.29-18.44.54:254][  0]LogConfig: Setting CVar [[r.VolumetricFog.HistoryMissSupersampleCount:4]]
[2020.04.29-18.44.54:254][  0]LogConfig: Setting CVar [[r.LightMaxDrawDistanceScale:1]]
[2020.04.29-18.44.54:254][  0]LogConfig: Setting CVar [[r.CapsuleShadows:1]]
[2020.04.29-18.44.54:254][  0]LogConfig: Applying CVar settings from Section [PostProcessQuality@3] File [C:/Users/but14/Documents/GitHub/ProjectBee/Saved/Config/Windows/Scalability.ini]
[2020.04.29-18.44.54:254][  0]LogConfig: Setting CVar [[r.MotionBlurQuality:4]]
[2020.04.29-18.44.54:254][  0]LogConfig: Setting CVar [[r.AmbientOcclusionMipLevelFactor:0.4]]
[2020.04.29-18.44.54:254][  0]LogConfig: Setting CVar [[r.AmbientOcclusionMaxQuality:100]]
[2020.04.29-18.44.54:254][  0]LogConfig: Setting CVar [[r.AmbientOcclusionLevels:-1]]
[2020.04.29-18.44.54:254][  0]LogConfig: Setting CVar [[r.AmbientOcclusionRadiusScale:1.0]]
[2020.04.29-18.44.54:254][  0]LogConfig: Setting CVar [[r.DepthOfFieldQuality:2]]
[2020.04.29-18.44.54:254][  0]LogConfig: Setting CVar [[r.RenderTargetPoolMin:400]]
[2020.04.29-18.44.54:255][  0]LogConfig: Setting CVar [[r.LensFlareQuality:2]]
[2020.04.29-18.44.54:255][  0]LogConfig: Setting CVar [[r.SceneColorFringeQuality:1]]
[2020.04.29-18.44.54:255][  0]LogConfig: Setting CVar [[r.EyeAdaptationQuality:2]]
[2020.04.29-18.44.54:255][  0]LogConfig: Setting CVar [[r.BloomQuality:5]]
[2020.04.29-18.44.54:255][  0]LogConfig: Setting CVar [[r.FastBlurThreshold:100]]
[2020.04.29-18.44.54:255][  0]LogConfig: Setting CVar [[r.Upscale.Quality:3]]
[2020.04.29-18.44.54:255][  0]LogConfig: Setting CVar [[r.Tonemapper.GrainQuantization:1]]
[2020.04.29-18.44.54:255][  0]LogConfig: Setting CVar [[r.LightShaftQuality:1]]
[2020.04.29-18.44.54:255][  0]LogConfig: Setting CVar [[r.Filter.SizeScale:1]]
[2020.04.29-18.44.54:255][  0]LogConfig: Setting CVar [[r.Tonemapper.Quality:5]]
[2020.04.29-18.44.54:255][  0]LogConfig: Setting CVar [[r.DOF.Gather.AccumulatorQuality:1        ; higher gathering accumulator quality]]
[2020.04.29-18.44.54:255][  0]LogConfig: Setting CVar [[r.DOF.Gather.PostfilterMethod:1          ; Median3x3 postfilering method]]
[2020.04.29-18.44.54:255][  0]LogConfig: Setting CVar [[r.DOF.Gather.EnableBokehSettings:0       ; no bokeh simulation when gathering]]
[2020.04.29-18.44.54:255][  0]LogConfig: Setting CVar [[r.DOF.Gather.RingCount:4                 ; medium number of samples when gathering]]
[2020.04.29-18.44.54:255][  0]LogConfig: Setting CVar [[r.DOF.Scatter.ForegroundCompositing:1    ; additive foreground scattering]]
[2020.04.29-18.44.54:255][  0]LogConfig: Setting CVar [[r.DOF.Scatter.BackgroundCompositing:2    ; additive background scattering]]
[2020.04.29-18.44.54:255][  0]LogConfig: Setting CVar [[r.DOF.Scatter.EnableBokehSettings:1      ; bokeh simulation when scattering]]
[2020.04.29-18.44.54:255][  0]LogConfig: Setting CVar [[r.DOF.Scatter.MaxSpriteRatio:0.1         ; only a maximum of 10% of scattered bokeh]]
[2020.04.29-18.44.54:255][  0]LogConfig: Setting CVar [[r.DOF.Recombine.Quality:1                ; cheap slight out of focus]]
[2020.04.29-18.44.54:255][  0]LogConfig: Setting CVar [[r.DOF.Recombine.EnableBokehSettings:0    ; no bokeh simulation on slight out of focus]]
[2020.04.29-18.44.54:255][  0]LogConfig: Setting CVar [[r.DOF.TemporalAAQuality:1                ; more stable temporal accumulation]]
[2020.04.29-18.44.54:255][  0]LogConfig: Setting CVar [[r.DOF.Kernel.MaxForegroundRadius:0.025]]
[2020.04.29-18.44.54:255][  0]LogConfig: Setting CVar [[r.DOF.Kernel.MaxBackgroundRadius:0.025]]
[2020.04.29-18.44.54:255][  0]LogConfig: Applying CVar settings from Section [TextureQuality@3] File [C:/Users/but14/Documents/GitHub/ProjectBee/Saved/Config/Windows/Scalability.ini]
[2020.04.29-18.44.54:255][  0]LogConfig: Setting CVar [[r.Streaming.MipBias:0]]
[2020.04.29-18.44.54:255][  0]LogConfig: Setting CVar [[r.Streaming.AmortizeCPUToGPUCopy:0]]
[2020.04.29-18.44.54:255][  0]LogConfig: Setting CVar [[r.Streaming.MaxNumTexturesToStreamPerFrame:0]]
[2020.04.29-18.44.54:255][  0]LogConfig: Setting CVar [[r.Streaming.Boost:1]]
[2020.04.29-18.44.54:255][  0]LogConfig: Setting CVar [[r.MaxAnisotropy:8]]
[2020.04.29-18.44.54:255][  0]LogConfig: Setting CVar [[r.Streaming.LimitPoolSizeToVRAM:0]]
[2020.04.29-18.44.54:255][  0]LogConfig: Setting CVar [[r.Streaming.PoolSize:1000]]
[2020.04.29-18.44.54:255][  0]LogConfig: Setting CVar [[r.Streaming.MaxEffectiveScreenSize:0]]
[2020.04.29-18.44.54:255][  0]LogConfig: Applying CVar settings from Section [EffectsQuality@3] File [C:/Users/but14/Documents/GitHub/ProjectBee/Saved/Config/Windows/Scalability.ini]
[2020.04.29-18.44.54:255][  0]LogConfig: Setting CVar [[r.TranslucencyLightingVolumeDim:64]]
[2020.04.29-18.44.54:255][  0]LogConfig: Setting CVar [[r.RefractionQuality:2]]
[2020.04.29-18.44.54:255][  0]LogConfig: Setting CVar [[r.SSR.Quality:3]]
[2020.04.29-18.44.54:255][  0]LogConfig: Setting CVar [[r.SceneColorFormat:4]]
[2020.04.29-18.44.54:255][  0]LogConfig: Setting CVar [[r.DetailMode:2]]
[2020.04.29-18.44.54:255][  0]LogConfig: Setting CVar [[r.TranslucencyVolumeBlur:1]]
[2020.04.29-18.44.54:255][  0]LogConfig: Setting CVar [[r.MaterialQualityLevel:1 ; High quality]]
[2020.04.29-18.44.54:255][  0]LogConfig: Setting CVar [[r.SSS.Scale:1]]
[2020.04.29-18.44.54:255][  0]LogConfig: Setting CVar [[r.SSS.SampleSet:2]]
[2020.04.29-18.44.54:255][  0]LogConfig: Setting CVar [[r.SSS.Quality:1]]
[2020.04.29-18.44.54:255][  0]LogConfig: Setting CVar [[r.SSS.HalfRes:1]]
[2020.04.29-18.44.54:255][  0]LogConfig: Setting CVar [[r.EmitterSpawnRateScale:1.0]]
[2020.04.29-18.44.54:255][  0]LogConfig: Setting CVar [[r.ParticleLightQuality:2]]
[2020.04.29-18.44.54:255][  0]LogConfig: Applying CVar settings from Section [FoliageQuality@3] File [C:/Users/but14/Documents/GitHub/ProjectBee/Saved/Config/Windows/Scalability.ini]
[2020.04.29-18.44.54:255][  0]LogConfig: Setting CVar [[foliage.DensityScale:1.0]]
[2020.04.29-18.44.54:255][  0]LogConfig: Setting CVar [[grass.DensityScale:1.0]]
[2020.04.29-18.44.54:255][  0]LogConfig: Applying CVar settings from Section [Startup] File [../../../Engine/Config/ConsoleVariables.ini]
[2020.04.29-18.44.54:256][  0]LogConfig: Setting CVar [[net.UseAdaptiveNetUpdateFrequency:0]]
[2020.04.29-18.44.54:257][  0]LogConfig: Setting CVar [[p.chaos.AllowCreatePhysxBodies:1]]
[2020.04.29-18.44.54:257][  0]LogConfig: Applying CVar settings from Section [ConsoleVariables] File [C:/Users/but14/Documents/GitHub/ProjectBee/Saved/Config/Windows/Engine.ini]
[2020.04.29-18.44.54:258][  0]LogInit: Computer: DESKTOP-L8CEVL5
[2020.04.29-18.44.54:258][  0]LogInit: User: but14
[2020.04.29-18.44.54:258][  0]LogInit: CPU Page size=4096, Cores=4
[2020.04.29-18.44.54:258][  0]LogInit: High frequency timer resolution =10.000000 MHz
[2020.04.29-18.44.54:258][  0]LogMemory: Memory total: Physical=15.9GB (16GB approx)
[2020.04.29-18.44.54:258][  0]LogMemory: Platform Memory Stats for Windows
[2020.04.29-18.44.54:258][  0]LogMemory: Process Physical Memory: 97.20 MB used, 97.21 MB peak
[2020.04.29-18.44.54:258][  0]LogMemory: Process Virtual Memory: 88.87 MB used, 88.87 MB peak
[2020.04.29-18.44.54:258][  0]LogMemory: Physical Memory: 5524.32 MB used,  10739.04 MB free, 16263.36 MB total
[2020.04.29-18.44.54:259][  0]LogMemory: Virtual Memory: 4642.23 MB used,  134213088.00 MB free, 134217728.00 MB total
[2020.04.29-18.44.54:510][  0]LogInit: Using OS detected language (en-GB).
[2020.04.29-18.44.54:510][  0]LogInit: Using OS detected locale (en-GB).
[2020.04.29-18.44.54:512][  0]LogTextLocalizationManager: No specific localization for 'en-GB' exists, so the 'en' localization will be used.
[2020.04.29-18.44.54:784][  0]LogInit: Setting process to per monitor DPI aware
[2020.04.29-18.44.54:868][  0]LogSlate: New Slate User Created.  User Index 0, Is Virtual User: 0
[2020.04.29-18.44.54:868][  0]LogSlate: Slate User Registered.  User Index 0, Is Virtual User: 0
[2020.04.29-18.44.55:385][  0]LogHMD: Failed to initialize OpenVR with code 110
[2020.04.29-18.44.55:385][  0]LogD3D11RHI: D3D11 adapters:
[2020.04.29-18.44.56:332][  0]LogD3D11RHI:    0. 'NVIDIA GeForce GTX 1060' (Feature Level 11_0)
[2020.04.29-18.44.56:332][  0]LogD3D11RHI:       6052/0/8131 MB DedicatedVideo/DedicatedSystem/SharedSystem, Outputs:1, VendorId:0x10de
[2020.04.29-18.44.56:368][  0]LogD3D11RHI:    1. 'Intel(R) HD Graphics 630' (Feature Level 11_0)
[2020.04.29-18.44.56:368][  0]LogD3D11RHI:       128/0/8131 MB DedicatedVideo/DedicatedSystem/SharedSystem, Outputs:0, VendorId:0x8086
[2020.04.29-18.44.56:370][  0]LogD3D11RHI:    2. 'Microsoft Basic Render Driver' (Feature Level 11_0)
[2020.04.29-18.44.56:370][  0]LogD3D11RHI:       0/0/8131 MB DedicatedVideo/DedicatedSystem/SharedSystem, Outputs:0, VendorId:0x1414
[2020.04.29-18.44.56:371][  0]LogD3D11RHI: Chosen D3D11 Adapter: 0
[2020.04.29-18.44.56:404][  0]LogD3D11RHI: Creating new Direct3DDevice
[2020.04.29-18.44.56:404][  0]LogD3D11RHI:     GPU DeviceId: 0x1c60 (for the marketing name, search the web for "GPU Device Id")
[2020.04.29-18.44.56:404][  0]LogWindows: EnumDisplayDevices:
[2020.04.29-18.44.56:404][  0]LogWindows:    0. 'Intel(R) HD Graphics 630' (P:1 D:1)
[2020.04.29-18.44.56:404][  0]LogWindows:    1. 'Intel(R) HD Graphics 630' (P:0 D:0)
[2020.04.29-18.44.56:405][  0]LogWindows:    2. 'Intel(R) HD Graphics 630' (P:0 D:0)
[2020.04.29-18.44.56:405][  0]LogWindows:    3. 'NVIDIA GeForce GTX 1060' (P:0 D:0)
[2020.04.29-18.44.56:406][  0]LogWindows:    4. 'NVIDIA GeForce GTX 1060' (P:0 D:0)
[2020.04.29-18.44.56:406][  0]LogWindows:    5. 'NVIDIA GeForce GTX 1060' (P:0 D:0)
[2020.04.29-18.44.56:406][  0]LogWindows:    6. 'NVIDIA GeForce GTX 1060' (P:0 D:0)
[2020.04.29-18.44.56:406][  0]LogWindows: DebugString: PrimaryIsNotTheChoosenAdapter PrimaryIsNotTheChoosenAdapter PrimaryIsNotTheChoosenAdapter FoundDriverCount:4 
[2020.04.29-18.44.56:406][  0]LogD3D11RHI:     Adapter Name: NVIDIA GeForce GTX 1060
[2020.04.29-18.44.56:406][  0]LogD3D11RHI:   Driver Version: 445.87 (internal:26.21.14.4587, unified:445.87)
[2020.04.29-18.44.56:406][  0]LogD3D11RHI:      Driver Date: 4-3-2020
[2020.04.29-18.44.56:407][  0]LogRHI: Texture pool is 4236 MB (70% of 6052 MB)
[2020.04.29-18.44.56:466][  0]LogD3D11RHI: Async texture creation enabled
[2020.04.29-18.44.56:499][  0]LogRendererCore: FGlobalReadBuffer::InitRHI
[2020.04.29-18.44.56:500][  0]LogRendererCore: FGlobalReadBuffer::InitRHI
[2020.04.29-18.44.56:500][  0]LogRendererCore: FGlobalReadBuffer::InitRHI
[2020.04.29-18.44.56:511][  0]LogD3D11RHI: GPU Timing Frequency: 1000.000000 (Debug: 2 1)
[2020.04.29-18.44.56:957][  0]LogTemp: Display: Module 'AllDesktopTargetPlatform' loaded TargetPlatform 'AllDesktop'
[2020.04.29-18.44.56:975][  0]LogTemp: Display: Module 'MacClientTargetPlatform' loaded TargetPlatform 'MacClient'
[2020.04.29-18.44.56:993][  0]LogTemp: Display: Module 'MacNoEditorTargetPlatform' loaded TargetPlatform 'MacNoEditor'
[2020.04.29-18.44.57:013][  0]LogTemp: Display: Module 'MacServerTargetPlatform' loaded TargetPlatform 'MacServer'
[2020.04.29-18.44.57:033][  0]LogTemp: Display: Module 'MacTargetPlatform' loaded TargetPlatform 'Mac'
[2020.04.29-18.44.57:052][  0]LogTemp: Display: Module 'WindowsClientTargetPlatform' loaded TargetPlatform 'WindowsClient'
[2020.04.29-18.44.57:074][  0]LogTemp: Display: Module 'WindowsNoEditorTargetPlatform' loaded TargetPlatform 'WindowsNoEditor'
[2020.04.29-18.44.57:093][  0]LogTemp: Display: Module 'WindowsServerTargetPlatform' loaded TargetPlatform 'WindowsServer'
[2020.04.29-18.44.57:107][  0]LogTemp: Display: Module 'WindowsTargetPlatform' loaded TargetPlatform 'Windows'
[2020.04.29-18.44.57:197][  0]LogTemp: Display: Module 'AndroidTargetPlatform' loaded TargetPlatform 'Android'
[2020.04.29-18.44.57:197][  0]LogTemp: Display: Module 'AndroidTargetPlatform' loaded TargetPlatform 'Android_ASTC'
[2020.04.29-18.44.57:197][  0]LogTemp: Display: Module 'AndroidTargetPlatform' loaded TargetPlatform 'Android_ATC'
[2020.04.29-18.44.57:197][  0]LogTemp: Display: Module 'AndroidTargetPlatform' loaded TargetPlatform 'Android_DXT'
[2020.04.29-18.44.57:197][  0]LogTemp: Display: Module 'AndroidTargetPlatform' loaded TargetPlatform 'Android_ETC1'
[2020.04.29-18.44.57:197][  0]LogTemp: Display: Module 'AndroidTargetPlatform' loaded TargetPlatform 'Android_ETC1a'
[2020.04.29-18.44.57:197][  0]LogTemp: Display: Module 'AndroidTargetPlatform' loaded TargetPlatform 'Android_ETC2'
[2020.04.29-18.44.57:197][  0]LogTemp: Display: Module 'AndroidTargetPlatform' loaded TargetPlatform 'Android_PVRTC'
[2020.04.29-18.44.57:197][  0]LogTemp: Display: Module 'AndroidTargetPlatform' loaded TargetPlatform 'AndroidClient'
[2020.04.29-18.44.57:197][  0]LogTemp: Display: Module 'AndroidTargetPlatform' loaded TargetPlatform 'Android_ASTCClient'
[2020.04.29-18.44.57:197][  0]LogTemp: Display: Module 'AndroidTargetPlatform' loaded TargetPlatform 'Android_ATCClient'
[2020.04.29-18.44.57:197][  0]LogTemp: Display: Module 'AndroidTargetPlatform' loaded TargetPlatform 'Android_DXTClient'
[2020.04.29-18.44.57:197][  0]LogTemp: Display: Module 'AndroidTargetPlatform' loaded TargetPlatform 'Android_ETC1Client'
[2020.04.29-18.44.57:197][  0]LogTemp: Display: Module 'AndroidTargetPlatform' loaded TargetPlatform 'Android_ETC1aClient'
[2020.04.29-18.44.57:197][  0]LogTemp: Display: Module 'AndroidTargetPlatform' loaded TargetPlatform 'Android_ETC2Client'
[2020.04.29-18.44.57:197][  0]LogTemp: Display: Module 'AndroidTargetPlatform' loaded TargetPlatform 'Android_PVRTCClient'
[2020.04.29-18.44.57:197][  0]LogTemp: Display: Module 'AndroidTargetPlatform' loaded TargetPlatform 'Android_Multi'
[2020.04.29-18.44.57:197][  0]LogTemp: Display: Module 'AndroidTargetPlatform' loaded TargetPlatform 'Android_MultiClient'
[2020.04.29-18.44.57:203][  0]LogTemp: Display: Module 'HTML5TargetPlatform' loaded TargetPlatform 'HTML5'
[2020.04.29-18.44.57:276][  0]LogTemp: Display: Module 'IOSTargetPlatform' loaded TargetPlatform 'IOSClient'
[2020.04.29-18.44.57:276][  0]LogTemp: Display: Module 'IOSTargetPlatform' loaded TargetPlatform 'IOS'
[2020.04.29-18.44.57:303][  0]LogTemp: Display: Module 'TVOSTargetPlatform' loaded TargetPlatform 'TVOSClient'
[2020.04.29-18.44.57:303][  0]LogTemp: Display: Module 'TVOSTargetPlatform' loaded TargetPlatform 'TVOS'
[2020.04.29-18.44.57:324][  0]LogTemp: Display: Module 'LinuxClientTargetPlatform' loaded TargetPlatform 'LinuxClient'
[2020.04.29-18.44.57:342][  0]LogTemp: Display: Module 'LinuxNoEditorTargetPlatform' loaded TargetPlatform 'LinuxNoEditor'
[2020.04.29-18.44.57:366][  0]LogTemp: Display: Module 'LinuxServerTargetPlatform' loaded TargetPlatform 'LinuxServer'
[2020.04.29-18.44.57:385][  0]LogTemp: Display: Module 'LinuxTargetPlatform' loaded TargetPlatform 'Linux'
[2020.04.29-18.44.57:443][  0]LogTemp: Display: Module 'LuminTargetPlatform' loaded TargetPlatform 'Lumin'
[2020.04.29-18.44.57:443][  0]LogTemp: Display: Module 'LuminTargetPlatform' loaded TargetPlatform 'LuminClient'
[2020.04.29-18.44.57:443][  0]LogTargetPlatformManager: Display: Building Assets For Windows
[2020.04.29-18.44.57:470][  0]LogAudioDebug: Display: Lib vorbis DLL was dynamically loaded.
[2020.04.29-18.44.57:694][  0]LogShaderCompilers: Guid format shader working directory is -11 characters bigger than the processId version (../../../../../../Users/but14/Documents/GitHub/ProjectBee/Intermediate/Shaders/WorkingDirectory/6224/).
[2020.04.29-18.44.57:694][  0]LogShaderCompilers: Cleaned the shader compiler working directory 'C:/Users/but14/AppData/Local/Temp/UnrealShaderWorkingDir/1B1068D848846E11CB2DBCBB0E29A6BC/'.
[2020.04.29-18.44.57:700][  0]LogXGEController: Cleaning working directory: C:/Users/but14/AppData/Local/Temp/UnrealXGEWorkingDir/
[2020.04.29-18.44.57:700][  0]LogXGEController: Cannot use XGE Controller as Incredibuild is not installed on this machine.
[2020.04.29-18.44.57:701][  0]LogShaderCompilers: Cannot use XGE Shader Compiler as Incredibuild is not installed on this machine.
[2020.04.29-18.44.57:701][  0]LogShaderCompilers: Display: Using Local Shader Compiler.
[2020.04.29-18.44.58:567][  0]LogDerivedDataCache: Display: Max Cache Size: 512 MB
[2020.04.29-18.44.58:831][  0]LogDerivedDataCache: Loaded boot cache 0.26s 71MB C:/Users/but14/AppData/Local/UnrealEngine/4.22/DerivedDataCache/Boot.ddc.
[2020.04.29-18.44.58:831][  0]LogDerivedDataCache: Display: Loaded Boot cache: C:/Users/but14/AppData/Local/UnrealEngine/4.22/DerivedDataCache/Boot.ddc
[2020.04.29-18.44.58:831][  0]LogDerivedDataCache: FDerivedDataBackendGraph:  Pak pak cache file ../../../../../../Users/but14/Documents/GitHub/ProjectBee/DerivedDataCache/DDC.ddp not found, will not use a pak cache.
[2020.04.29-18.44.58:831][  0]LogDerivedDataCache: Unable to find inner node Pak for hierarchical cache Hierarchy.
[2020.04.29-18.44.58:832][  0]LogDerivedDataCache: FDerivedDataBackendGraph:  CompressedPak pak cache file ../../../../../../Users/but14/Documents/GitHub/ProjectBee/DerivedDataCache/Compressed.ddp not found, will not use a pak cache.
[2020.04.29-18.44.58:832][  0]LogDerivedDataCache: Unable to find inner node CompressedPak for hierarchical cache Hierarchy.
[2020.04.29-18.44.58:879][  0]LogDerivedDataCache: Display: Pak cache opened for reading ../../../Engine/DerivedDataCache/Compressed.ddp.
[2020.04.29-18.44.58:879][  0]LogDerivedDataCache: FDerivedDataBackendGraph:  EnterprisePak pak cache file ../../../Enterprise/DerivedDataCache/Compressed.ddp not found, will not use a pak cache.
[2020.04.29-18.44.58:879][  0]LogDerivedDataCache: Unable to find inner node EnterprisePak for hierarchical cache Hierarchy.
[2020.04.29-18.44.58:893][  0]LogDerivedDataCache: Using Local data cache path C:/Users/but14/AppData/Local/UnrealEngine/Common/DerivedDataCache: Writable
[2020.04.29-18.44.58:893][  0]LogDerivedDataCache: Shared data cache path not found in *engine.ini, will not use an Shared cache.
[2020.04.29-18.44.58:893][  0]LogDerivedDataCache: Unable to find inner node Shared for hierarchical cache Hierarchy.
[2020.04.29-18.44.58:928][  0]LogMaterial: Verifying Global Shaders for PCD3D_SM5
[2020.04.29-18.44.58:939][  0]LogSlate: Using FreeType 2.6.0
[2020.04.29-18.44.58:947][  0]LogSlate: SlateFontServices - WITH_FREETYPE: 1, WITH_HARFBUZZ: 1
[2020.04.29-18.44.59:157][  0]LogAssetRegistry: FAssetRegistry took 0.0388 seconds to start up
[2020.04.29-18.44.59:624][  0]LogInit: Selected Device Profile: [Windows]
[2020.04.29-18.44.59:885][  0]LogMeshReduction: Using QuadricMeshReduction for automatic static mesh reduction
[2020.04.29-18.44.59:885][  0]LogMeshReduction: Using SimplygonMeshReduction for automatic skeletal mesh reduction
[2020.04.29-18.44.59:885][  0]LogMeshReduction: Using ProxyLODMeshReduction for automatic mesh merging
[2020.04.29-18.44.59:885][  0]LogMeshReduction: No distributed automatic mesh merging module available
[2020.04.29-18.44.59:886][  0]LogMeshMerging: No distributed automatic mesh merging module available
[2020.04.29-18.45.00:028][  0]LogNetVersion: ProjectBee 1.0.0, NetCL: 5660361, EngineNetVer: 10, GameNetVer: 0 (Checksum: 2863724400)
[2020.04.29-18.45.00:804][  0]LogPackageLocalizationCache: Processed 10 localized package path(s) for 1 prioritized culture(s) in 0.043332 seconds
[2020.04.29-18.45.00:811][  0]LogUObjectArray: 42206 objects as part of root set at end of initial load.
[2020.04.29-18.45.00:811][  0]LogUObjectAllocator: 7325256 out of 0 bytes used by permanent object pool.
[2020.04.29-18.45.00:811][  0]LogUObjectArray: CloseDisregardForGC: 0/0 objects in disregard for GC pool
[2020.04.29-18.45.03:372][  0]LogTcpMessaging: Initializing TcpMessaging bridge
[2020.04.29-18.45.03:399][  0]LogUdpMessaging: Initializing bridge on interface 0.0.0.0:0 to multicast group 230.0.0.1:6666.
[2020.04.29-18.45.03:722][  0]SourceControl: Source control is disabled
[2020.04.29-18.45.03:723][  0]SourceControl: Source control is disabled
[2020.04.29-18.45.03:744][  0]SourceControl: Source control is disabled
[2020.04.29-18.45.03:760][  0]SourceControl: Source control is disabled
[2020.04.29-18.45.04:203][  0]LogAndroidPermission: UAndroidPermissionCallbackProxy::GetInstance
[2020.04.29-18.45.04:411][  0]LogOcInput: OculusInput pre-init called
[2020.04.29-18.45.05:433][  0]LogEngine: Initializing Engine...
[2020.04.29-18.45.05:435][  0]LogHMD: Failed to initialize OpenVR with code 110
[2020.04.29-18.45.05:440][  0]LogStats: UGameplayTagsManager::InitializeManager -  0.002 s
[2020.04.29-18.45.05:698][  0]LogInit: Initializing FReadOnlyCVARCache
[2020.04.29-18.45.05:757][  0]LogAIModule: Creating AISystem for world Untitled
[2020.04.29-18.45.05:794][  0]LogInit: XAudio2 using 'Speakers (Realtek High Definition Audio)' : 2 channels at 48 kHz using 32 bits per sample (channel mask 0x3)
[2020.04.29-18.45.05:927][  0]LogInit: FAudioDevice initialized.
[2020.04.29-18.45.05:928][  0]LogNetVersion: Set ProjectVersion to 1.0.0.0. Version Checksum will be recalculated on next use.
[2020.04.29-18.45.06:006][  0]LogDerivedDataCache: Saved boot cache 0.08s 71MB C:/Users/but14/AppData/Local/UnrealEngine/4.22/DerivedDataCache/Boot.ddc.
[2020.04.29-18.45.06:007][  0]LogInit: Texture streaming: Enabled
[2020.04.29-18.45.06:048][  0]LogEngineSessionManager: EngineSessionManager initialized
[2020.04.29-18.45.06:695][  0]LogInit: Transaction tracking system initialized
[2020.04.29-18.45.06:825][  0]BlueprintLog: New page: Editor Load
[2020.04.29-18.45.07:324][  0]LocalizationService: Localization service is disabled
[2020.04.29-18.45.07:572][  0]LogLinker: Warning: Can't find file '/Game/ThirdPersonBP/ThirdPersonOverview1'
[2020.04.29-18.45.07:572][  0]LogLinker: Warning: Can't find file '/Game/ThirdPersonBP/ThirdPersonOverview1'
[2020.04.29-18.45.07:572][  0]LogUObjectGlobals: Warning: Failed to find object 'Class /Game/ThirdPersonBP/ThirdPersonOverview1.ThirdPersonOverview1_C'
[2020.04.29-18.45.08:036][  0]LogFileCache: Scanning file cache for directory 'C:/Users/but14/Documents/GitHub/ProjectBee/Content/' took 0.01s
[2020.04.29-18.45.08:036][  0]LogCook: Display: Max memory allowance for cook 16384mb min free memory 0mb
[2020.04.29-18.45.08:036][  0]LogCook: Display: Mobile HDR setting 1
[2020.04.29-18.45.08:694][  0]SourceControl: Source control is disabled
[2020.04.29-18.45.08:695][  0]Cmd: MAP LOAD FILE="../../../Engine/Content/Maps/Templates/Template_Default.umap" TEMPLATE=1 SHOWPROGRESS=1 FEATURELEVEL=3
[2020.04.29-18.45.08:701][  0]LightingResults: New page: Lighting Build
[2020.04.29-18.45.08:716][  0]MapCheck: New page: Map Check
[2020.04.29-18.45.08:716][  0]LightingResults: New page: Lighting Build
[2020.04.29-18.45.08:753][  0]LogUObjectHash: Compacting FUObjectHashTables data took   1.72ms
[2020.04.29-18.45.08:937][  0]LogAIModule: Creating AISystem for world Untitled_1
[2020.04.29-18.45.08:966][  0]LogEditorServer: Finished looking for orphan Actors (0.000 secs)
[2020.04.29-18.45.08:998][  0]LogUObjectHash: Compacting FUObjectHashTables data took   2.29ms
[2020.04.29-18.45.08:998][  0]Cmd: MAP CHECKDEP NOCLEARLOG
[2020.04.29-18.45.08:998][  0]MapCheck: Map check complete: 0 Error(s), 0 Warning(s), took 0.232ms to complete.
[2020.04.29-18.45.08:998][  0]LogFileHelpers: Loading map 'Template_Default' took 0.304
[2020.04.29-18.45.09:167][  0]LogCollectionManager: Loaded 0 collections in 0.001997 seconds
[2020.04.29-18.45.09:219][  0]LogFileCache: Scanning file cache for directory 'C:/Users/but14/Documents/GitHub/ProjectBee/Saved/Collections/' took 0.01s
[2020.04.29-18.45.09:219][  0]LogFileCache: Scanning file cache for directory 'C:/Users/but14/Documents/GitHub/ProjectBee/Content/Developers/but14/Collections/' took 0.01s
[2020.04.29-18.45.09:219][  0]LogFileCache: Scanning file cache for directory 'C:/Users/but14/Documents/GitHub/ProjectBee/Content/Collections/' took 0.00s
[2020.04.29-18.45.09:219][  0]LogCollectionManager: Rebuilt the GUID cache for 0 collections in 0.000000 seconds
[2020.04.29-18.45.09:230][  0]LogContentBrowser: Native class hierarchy populated in 0.0087 seconds. Added 2732 classes and 659 folders.
[2020.04.29-18.45.09:247][  0]LogContentBrowser: Native class hierarchy updated for 'WidgetCarousel' in 0.0003 seconds. Added 0 classes and 0 folders.
[2020.04.29-18.45.09:262][  0]LogPakFile: Registered encryption key '00000000000000000000000000000000': 0 pak files mounted, 0 remain pending
[2020.04.29-18.45.09:267][  0]LogPakFile: Registered encryption key '00000000000000000000000000000000': 0 pak files mounted, 0 remain pending
[2020.04.29-18.45.09:270][  0]LogPakFile: Registered encryption key '00000000000000000000000000000000': 0 pak files mounted, 0 remain pending
[2020.04.29-18.45.09:272][  0]LogPakFile: Registered encryption key '00000000000000000000000000000000': 0 pak files mounted, 0 remain pending
[2020.04.29-18.45.09:274][  0]LogPakFile: Registered encryption key '00000000000000000000000000000000': 0 pak files mounted, 0 remain pending
[2020.04.29-18.45.09:277][  0]LogPakFile: Registered encryption key '00000000000000000000000000000000': 0 pak files mounted, 0 remain pending
[2020.04.29-18.45.09:279][  0]LogPakFile: Registered encryption key '00000000000000000000000000000000': 0 pak files mounted, 0 remain pending
[2020.04.29-18.45.09:282][  0]LogPakFile: Registered encryption key '00000000000000000000000000000000': 0 pak files mounted, 0 remain pending
[2020.04.29-18.45.09:285][  0]LogPakFile: Registered encryption key '00000000000000000000000000000000': 0 pak files mounted, 0 remain pending
[2020.04.29-18.45.09:289][  0]LogPakFile: Registered encryption key '00000000000000000000000000000000': 0 pak files mounted, 0 remain pending
[2020.04.29-18.45.09:292][  0]LogPakFile: Registered encryption key '00000000000000000000000000000000': 0 pak files mounted, 0 remain pending
[2020.04.29-18.45.09:294][  0]LogPakFile: Registered encryption key '00000000000000000000000000000000': 0 pak files mounted, 0 remain pending
[2020.04.29-18.45.09:296][  0]LogPakFile: Registered encryption key '00000000000000000000000000000000': 0 pak files mounted, 0 remain pending
[2020.04.29-18.45.09:298][  0]LogPakFile: Registered encryption key '00000000000000000000000000000000': 0 pak files mounted, 0 remain pending
[2020.04.29-18.45.09:302][  0]LogPakFile: Registered encryption key '00000000000000000000000000000000': 0 pak files mounted, 0 remain pending
[2020.04.29-18.45.09:306][  0]LogPakFile: Registered encryption key '00000000000000000000000000000000': 0 pak files mounted, 0 remain pending
[2020.04.29-18.45.09:310][  0]LogPakFile: Registered encryption key '00000000000000000000000000000000': 0 pak files mounted, 0 remain pending
[2020.04.29-18.45.09:312][  0]LogPakFile: Registered encryption key '00000000000000000000000000000000': 0 pak files mounted, 0 remain pending
[2020.04.29-18.45.09:315][  0]LogPakFile: Registered encryption key '00000000000000000000000000000000': 0 pak files mounted, 0 remain pending
[2020.04.29-18.45.09:317][  0]LogPakFile: Registered encryption key '00000000000000000000000000000000': 0 pak files mounted, 0 remain pending
[2020.04.29-18.45.09:322][  0]LogPakFile: Registered encryption key '00000000000000000000000000000000': 0 pak files mounted, 0 remain pending
[2020.04.29-18.45.09:324][  0]LogPakFile: Registered encryption key '00000000000000000000000000000000': 0 pak files mounted, 0 remain pending
[2020.04.29-18.45.09:327][  0]LogPakFile: Registered encryption key '00000000000000000000000000000000': 0 pak files mounted, 0 remain pending
[2020.04.29-18.45.09:329][  0]LogPakFile: Registered encryption key '00000000000000000000000000000000': 0 pak files mounted, 0 remain pending
[2020.04.29-18.45.09:332][  0]LogPakFile: Registered encryption key '00000000000000000000000000000000': 0 pak files mounted, 0 remain pending
[2020.04.29-18.45.09:335][  0]LogPakFile: Registered encryption key '00000000000000000000000000000000': 0 pak files mounted, 0 remain pending
[2020.04.29-18.45.09:456][  0]LogContentBrowser: Native class hierarchy updated for 'AddContentDialog' in 0.0006 seconds. Added 0 classes and 0 folders.
[2020.04.29-18.45.09:526][  0]LogSlate: Updating window title bar state: overlay mode, drag disabled, window buttons hidden, title bar hidden
[2020.04.29-18.45.09:539][  0]LogSlate: Updating window title bar state: overlay mode, drag disabled, window buttons hidden, title bar hidden
[2020.04.29-18.45.09:549][  0]LogSlate: Updating window title bar state: overlay mode, drag disabled, window buttons hidden, title bar hidden
[2020.04.29-18.45.09:559][  0]LogSlate: Updating window title bar state: overlay mode, drag disabled, window buttons hidden, title bar hidden
[2020.04.29-18.45.09:583][  0]LogContentBrowser: Native class hierarchy updated for 'SceneOutliner' in 0.0004 seconds. Added 1 classes and 2 folders.
[2020.04.29-18.45.09:788][  0]LogSlate: Took 0.006648 seconds to synchronously load lazily loaded font '../../../Engine/Content/Slate/Fonts/Roboto-Regular.ttf' (155K)
[2020.04.29-18.45.09:798][  0]LogSlate: Took 0.006832 seconds to synchronously load lazily loaded font '../../../Engine/Content/Slate/Fonts/Roboto-Bold.ttf' (160K)
[2020.04.29-18.45.09:801][  0]LogSlate: Took 0.001489 seconds to synchronously load lazily loaded font '../../../Engine/Content/Editor/Slate/Fonts/FontAwesome.ttf' (139K)
[2020.04.29-18.45.09:915][  0]LogRenderer: Reallocating scene render targets to support 1208x964 Format 10 NumSamples 1 (Frame:1).
[2020.04.29-18.45.10:150][  0]LogContentBrowser: Native class hierarchy updated for 'HierarchicalLODOutliner' in 0.0003 seconds. Added 0 classes and 0 folders.
[2020.04.29-18.45.10:150][  0]LogLoad: (Engine Initialization) Total time: 19.99 seconds
[2020.04.29-18.45.10:150][  0]LogLoad: (Engine Initialization) Total Blueprint compile time: 0.00 seconds
[2020.04.29-18.45.10:197][  0]LogAssetRegistry: Asset discovery search completed in 11.0639 seconds
[2020.04.29-18.45.10:199][  0]LogCollectionManager: Rebuilt the object cache for 0 collections in 0.000000 seconds (found 0 objects)
[2020.04.29-18.45.10:199][  0]LogCollectionManager: Fixed up redirectors for 0 collections in 0.000061 seconds (updated 0 objects)
[2020.04.29-18.45.10:204][  0]LogContentStreaming: Texture pool size now 1000 MB
[2020.04.29-18.45.11:200][ 56]LogSlate: Took 0.004465 seconds to synchronously load lazily loaded font '../../../Engine/Content/Slate/Fonts/Roboto-Light.ttf' (167K)
[2020.04.29-18.45.12:781][150]LogSlate: FSceneViewport::OnFocusLost() reason 0
[2020.04.29-18.45.13:008][160]LogAssetEditorManager: Opening Asset editor for WidgetBlueprint /Game/ConnorStuff/W_DeathScreen_MGS3.W_DeathScreen_MGS3
[2020.04.29-18.45.13:372][160]LogContentBrowser: Native class hierarchy updated for 'BlueprintGraph' in 0.0006 seconds. Added 121 classes and 0 folders.
[2020.04.29-18.45.14:240][160]LogBlueprintActionDatabase: Requesting refresh due to module change: SequencerWidgets (loaded)
[2020.04.29-18.45.14:651][160]LogSlate: Took 0.001855 seconds to synchronously load lazily loaded font '../../../Engine/Content/Slate/Fonts/Roboto-BoldCondensed.ttf' (158K)
[2020.04.29-18.47.13:025][562]LogSlate: Took 0.015299 seconds to synchronously load lazily loaded font '../../../Engine/Content/Slate/Fonts/DroidSansFallback.ttf' (3848K)
[2020.04.29-18.48.35:571][229]LogEditorTransaction: Undo Add Keys at Current Time
[2020.04.29-18.48.36:074][250]LogEditorTransaction: Undo Animatable Property Changed
[2020.04.29-18.50.02:525][ 93]LogEditorTransaction: Undo Move Keys or Sections
[2020.04.29-18.51.46:677][705]BlueprintLog: New page: Compile W_DeathScreen_MGS3
[2020.04.29-18.51.46:768][705]LogUObjectHash: Compacting FUObjectHashTables data took   6.24ms
[2020.04.29-18.51.47:177][722]Cmd: OBJ SAVEPACKAGE PACKAGE="/Game/ConnorStuff/W_DeathScreen_MGS3" FILE="../../../../../../Users/but14/Documents/GitHub/ProjectBee/Content/ConnorStuff/W_DeathScreen_MGS3.uasset" SILENT=true
[2020.04.29-18.51.47:244][722]LogSavePackage: Moving '../../../../../../Users/but14/Documents/GitHub/ProjectBee/Saved/W_DeathScreen_MGS3F20840FE4BA4DB699497FA80914A5291.tmp' to '../../../../../../Users/but14/Documents/GitHub/ProjectBee/Content/ConnorStuff/W_DeathScreen_MGS3.uasset'
[2020.04.29-18.51.48:255][775]LogSlate: Window 'W_DeathScreen_MGS3' being destroyed
[2020.04.29-18.51.49:496][847]LogAssetEditorManager: Opening Asset editor for WidgetBlueprint /Game/ConnorStuff/W_DeathScreen_DS.W_DeathScreen_DS
[2020.04.29-18.52.09:079][998]LogUObjectHash: Warning: Ambiguous search, could be CanvasPanel /Game/ConnorStuff/W_DeathScreen_MGS3.W_DeathScreen_MGS3:WidgetTree.CanvasPanel_0 or CanvasPanel /Game/ConnorStuff/W_DeathScreen_MGS3.W_DeathScreen_MGS3_C:WidgetTree.CanvasPanel_0
[2020.04.29-18.52.09:079][998]LogUObjectHash: Warning: Ambiguous search, could be CanvasPanel /Game/ConnorStuff/W_DeathScreen_MGS3.W_DeathScreen_MGS3:WidgetTree.CanvasPanel_0 or CanvasPanel /Engine/Transient.REINST_W_DeathScreen_MGS3_C_5:WidgetTree.CanvasPanel_0
[2020.04.29-18.52.09:079][998]LogUObjectHash: Warning: Ambiguous search, could be CanvasPanel /Game/ConnorStuff/W_DeathScreen_MGS3.W_DeathScreen_MGS3:WidgetTree.CanvasPanel_0 or CanvasPanel /Engine/Transient.World_1:W_DeathScreen_MGS3_C_6.WidgetTree_0.CanvasPanel_0
[2020.04.29-18.52.09:079][998]LogUObjectHash: Warning: Ambiguous search, could be CanvasPanel /Game/ConnorStuff/W_DeathScreen_MGS3.W_DeathScreen_MGS3:WidgetTree.CanvasPanel_0 or CanvasPanel /Engine/Transient.World_1:W_DeathScreen_MGS3_C_7.WidgetTree_0.CanvasPanel_0
[2020.04.29-18.52.09:079][998]LogUObjectHash: Warning: Ambiguous search, could be CanvasPanel /Game/ConnorStuff/W_DeathScreen_MGS3.W_DeathScreen_MGS3:WidgetTree.CanvasPanel_0 or CanvasPanel /Game/ConnorStuff/W_DeathScreen_DS.W_DeathScreen_DS:WidgetTree.CanvasPanel_0
[2020.04.29-18.52.09:079][998]LogUObjectHash: Warning: Ambiguous search, could be CanvasPanel /Game/ConnorStuff/W_DeathScreen_MGS3.W_DeathScreen_MGS3:WidgetTree.CanvasPanel_0 or CanvasPanel /Game/ConnorStuff/W_DeathScreen_DS.W_DeathScreen_DS_C:WidgetTree.CanvasPanel_0
[2020.04.29-18.52.09:079][998]LogUObjectHash: Warning: Ambiguous search, could be CanvasPanel /Game/ConnorStuff/W_DeathScreen_MGS3.W_DeathScreen_MGS3:WidgetTree.CanvasPanel_0 or CanvasPanel /Engine/Transient.World_4:W_DeathScreen_DS_C_0.WidgetTree_0.CanvasPanel_0
[2020.04.29-18.52.09:079][998]LogUObjectHash: Warning: Ambiguous search, could be CanvasPanel /Game/ConnorStuff/W_DeathScreen_MGS3.W_DeathScreen_MGS3:WidgetTree.CanvasPanel_0 or CanvasPanel /Engine/Transient.World_4:W_DeathScreen_DS_C_1.WidgetTree_0.CanvasPanel_0
[2020.04.29-18.52.09:079][998]LogUObjectHash: Warning: Ambiguous search, could be CanvasPanel /Game/ConnorStuff/W_DeathScreen_MGS3.W_DeathScreen_MGS3:WidgetTree.CanvasPanel_0 or CanvasPanel /Engine/Transient.World_4:W_DeathScreen_DS_C_2.WidgetTree_0.CanvasPanel_0
[2020.04.29-18.52.09:079][998]LogUObjectHash: Warning: Ambiguous search, could be CanvasPanelSlot /Game/ConnorStuff/W_DeathScreen_DS.W_DeathScreen_DS:WidgetTree.CanvasPanel_0.CanvasPanelSlot_5 or CanvasPanelSlot /Game/ConnorStuff/W_DeathScreen_DS.W_DeathScreen_DS_C:WidgetTree.CanvasPanel_0.CanvasPanelSlot_5
[2020.04.29-18.52.09:079][998]LogUObjectHash: Warning: Ambiguous search, could be CanvasPanelSlot /Game/ConnorStuff/W_DeathScreen_DS.W_DeathScreen_DS:WidgetTree.CanvasPanel_0.CanvasPanelSlot_5 or CanvasPanelSlot /Engine/Transient.World_4:W_DeathScreen_DS_C_0.WidgetTree_0.CanvasPanel_0.CanvasPanelSlot_5
[2020.04.29-18.52.09:079][998]LogUObjectHash: Warning: Ambiguous search, could be CanvasPanelSlot /Game/ConnorStuff/W_DeathScreen_DS.W_DeathScreen_DS:WidgetTree.CanvasPanel_0.CanvasPanelSlot_5 or CanvasPanelSlot /Engine/Transient.World_4:W_DeathScreen_DS_C_1.WidgetTree_0.CanvasPanel_0.CanvasPanelSlot_5
[2020.04.29-18.52.09:079][998]LogUObjectHash: Warning: Ambiguous search, could be CanvasPanelSlot /Game/ConnorStuff/W_DeathScreen_DS.W_DeathScreen_DS:WidgetTree.CanvasPanel_0.CanvasPanelSlot_5 or CanvasPanelSlot /Engine/Transient.World_4:W_DeathScreen_DS_C_2.WidgetTree_0.CanvasPanel_0.CanvasPanelSlot_5
[2020.04.29-18.52.09:079][998]LogProperty: Warning: Illegal TEXT reference to a private object in external package (CanvasPanelSlot /Game/ConnorStuff/W_DeathScreen_DS.W_DeathScreen_DS:WidgetTree.CanvasPanel_0.CanvasPanelSlot_5) from referencer (Image /Engine/UMG/Editor/Transient.Image_81).  Import failed...
[2020.04.29-18.52.09:079][998]LogProperty: Warning: ObjectProperty /Script/UMG.Widget:Slot: unresolved reference to 'CanvasPanelSlot'"CanvasPanel_0.CanvasPanelSlot_5"''
[2020.04.29-18.53.22:392][357]LogEditorTransaction: Undo Animatable Property Changed
[2020.04.29-18.53.58:048][494]LogEditorTransaction: Undo Add Keys at Current Time
[2020.04.29-18.53.58:405][513]LogEditorTransaction: Undo Add Keys at Current Time
[2020.04.29-18.53.58:745][531]LogEditorTransaction: Undo Set Key Value
[2020.04.29-18.53.59:162][554]LogEditorTransaction: Undo Add Keys at Current Time
[2020.04.29-18.54.00:578][637]LogEditorTransaction: Undo Add widget to animation
[2020.04.29-18.55.03:182][386]BlueprintLog: New page: Compile W_DeathScreen_DS
[2020.04.29-18.55.03:230][386]LogUObjectHash: Compacting FUObjectHashTables data took   4.32ms
[2020.04.29-18.55.03:907][421]Cmd: OBJ SAVEPACKAGE PACKAGE="/Game/ConnorStuff/W_DeathScreen_DS" FILE="../../../../../../Users/but14/Documents/GitHub/ProjectBee/Content/ConnorStuff/W_DeathScreen_DS.uasset" SILENT=true
[2020.04.29-18.55.03:948][421]LogSavePackage: Moving '../../../../../../Users/but14/Documents/GitHub/ProjectBee/Saved/W_DeathScreen_DS09BB42684DDFE3AADCC3CD991D98E268.tmp' to '../../../../../../Users/but14/Documents/GitHub/ProjectBee/Content/ConnorStuff/W_DeathScreen_DS.uasset'
